CRITICAL - 2022-03-25 22:27:05 --> finfo_file(C:\xampp\tmp\phpDB45.tmp): failed to open stream: No such file or directory
#0 [internal function]: CodeIgniter\Debug\Exceptions->errorHandler(2, 'finfo_file(C:\\x...', 'C:\\xampp\\htdocs...', 109, Array)
#1 C:\xampp\htdocs\tokobuku\system\Files\File.php(109): finfo_file(Resource id #152, 'C:\\xampp\\tmp\\ph...')
#2 C:\xampp\htdocs\tokobuku\system\HTTP\Files\UploadedFile.php(302): CodeIgniter\Files\File->getMimeType()
#3 C:\xampp\htdocs\tokobuku\system\HTTP\Files\UploadedFile.php(291): CodeIgniter\HTTP\Files\UploadedFile->guessExtension()
#4 C:\xampp\htdocs\tokobuku\system\Files\File.php(121): CodeIgniter\HTTP\Files\UploadedFile->getExtension()
#5 C:\xampp\htdocs\tokobuku\app\Controllers\Majalah.php(95): CodeIgniter\Files\File->getRandomName()
#6 C:\xampp\htdocs\tokobuku\system\CodeIgniter.php(832): App\Controllers\Majalah->save()
#7 C:\xampp\htdocs\tokobuku\system\CodeIgniter.php(419): CodeIgniter\CodeIgniter->runController(Object(App\Controllers\Majalah))
#8 C:\xampp\htdocs\tokobuku\system\CodeIgniter.php(326): CodeIgniter\CodeIgniter->handleRequest(NULL, Object(Config\Cache), false)
#9 C:\xampp\htdocs\tokobuku\public\index.php(37): CodeIgniter\CodeIgniter->run()
#10 C:\xampp\htdocs\tokobuku\system\Commands\Server\rewrite.php(43): require_once('C:\\xampp\\htdocs...')
#11 {main}
CRITICAL - 2022-03-25 22:28:14 --> finfo_file(C:\xampp\tmp\phpE822.tmp): failed to open stream: No such file or directory
#0 [internal function]: CodeIgniter\Debug\Exceptions->errorHandler(2, 'finfo_file(C:\\x...', 'C:\\xampp\\htdocs...', 109, Array)
#1 C:\xampp\htdocs\tokobuku\system\Files\File.php(109): finfo_file(Resource id #152, 'C:\\xampp\\tmp\\ph...')
#2 C:\xampp\htdocs\tokobuku\system\HTTP\Files\UploadedFile.php(302): CodeIgniter\Files\File->getMimeType()
#3 C:\xampp\htdocs\tokobuku\system\HTTP\Files\UploadedFile.php(291): CodeIgniter\HTTP\Files\UploadedFile->guessExtension()
#4 C:\xampp\htdocs\tokobuku\system\Files\File.php(121): CodeIgniter\HTTP\Files\UploadedFile->getExtension()
#5 C:\xampp\htdocs\tokobuku\app\Controllers\Majalah.php(95): CodeIgniter\Files\File->getRandomName()
#6 C:\xampp\htdocs\tokobuku\system\CodeIgniter.php(832): App\Controllers\Majalah->save()
#7 C:\xampp\htdocs\tokobuku\system\CodeIgniter.php(419): CodeIgniter\CodeIgniter->runController(Object(App\Controllers\Majalah))
#8 C:\xampp\htdocs\tokobuku\system\CodeIgniter.php(326): CodeIgniter\CodeIgniter->handleRequest(NULL, Object(Config\Cache), false)
#9 C:\xampp\htdocs\tokobuku\public\index.php(37): CodeIgniter\CodeIgniter->run()
#10 C:\xampp\htdocs\tokobuku\system\Commands\Server\rewrite.php(43): require_once('C:\\xampp\\htdocs...')
#11 {main}
CRITICAL - 2022-03-25 22:31:12 --> finfo_file(C:\xampp\tmp\php9F35.tmp): failed to open stream: No such file or directory
#0 [internal function]: CodeIgniter\Debug\Exceptions->errorHandler(2, 'finfo_file(C:\\x...', 'C:\\xampp\\htdocs...', 109, Array)
#1 C:\xampp\htdocs\tokobuku\system\Files\File.php(109): finfo_file(Resource id #152, 'C:\\xampp\\tmp\\ph...')
#2 C:\xampp\htdocs\tokobuku\system\HTTP\Files\UploadedFile.php(302): CodeIgniter\Files\File->getMimeType()
#3 C:\xampp\htdocs\tokobuku\system\HTTP\Files\UploadedFile.php(291): CodeIgniter\HTTP\Files\UploadedFile->guessExtension()
#4 C:\xampp\htdocs\tokobuku\system\Files\File.php(121): CodeIgniter\HTTP\Files\UploadedFile->getExtension()
#5 C:\xampp\htdocs\tokobuku\app\Controllers\Majalah.php(95): CodeIgniter\Files\File->getRandomName()
#6 C:\xampp\htdocs\tokobuku\system\CodeIgniter.php(832): App\Controllers\Majalah->save()
#7 C:\xampp\htdocs\tokobuku\system\CodeIgniter.php(419): CodeIgniter\CodeIgniter->runController(Object(App\Controllers\Majalah))
#8 C:\xampp\htdocs\tokobuku\system\CodeIgniter.php(326): CodeIgniter\CodeIgniter->handleRequest(NULL, Object(Config\Cache), false)
#9 C:\xampp\htdocs\tokobuku\public\index.php(37): CodeIgniter\CodeIgniter->run()
#10 C:\xampp\htdocs\tokobuku\system\Commands\Server\rewrite.php(43): require_once('C:\\xampp\\htdocs...')
#11 {main}
CRITICAL - 2022-03-25 22:32:42 --> finfo_file(C:\xampp\tmp\php5C.tmp): failed to open stream: No such file or directory
#0 [internal function]: CodeIgniter\Debug\Exceptions->errorHandler(2, 'finfo_file(C:\\x...', 'C:\\xampp\\htdocs...', 109, Array)
#1 C:\xampp\htdocs\tokobuku\system\Files\File.php(109): finfo_file(Resource id #152, 'C:\\xampp\\tmp\\ph...')
#2 C:\xampp\htdocs\tokobuku\system\HTTP\Files\UploadedFile.php(302): CodeIgniter\Files\File->getMimeType()
#3 C:\xampp\htdocs\tokobuku\system\HTTP\Files\UploadedFile.php(291): CodeIgniter\HTTP\Files\UploadedFile->guessExtension()
#4 C:\xampp\htdocs\tokobuku\system\Files\File.php(121): CodeIgniter\HTTP\Files\UploadedFile->getExtension()
#5 C:\xampp\htdocs\tokobuku\app\Controllers\Majalah.php(95): CodeIgniter\Files\File->getRandomName()
#6 C:\xampp\htdocs\tokobuku\system\CodeIgniter.php(832): App\Controllers\Majalah->save()
#7 C:\xampp\htdocs\tokobuku\system\CodeIgniter.php(419): CodeIgniter\CodeIgniter->runController(Object(App\Controllers\Majalah))
#8 C:\xampp\htdocs\tokobuku\system\CodeIgniter.php(326): CodeIgniter\CodeIgniter->handleRequest(NULL, Object(Config\Cache), false)
#9 C:\xampp\htdocs\tokobuku\public\index.php(37): CodeIgniter\CodeIgniter->run()
#10 C:\xampp\htdocs\tokobuku\system\Commands\Server\rewrite.php(43): require_once('C:\\xampp\\htdocs...')
#11 {main}
CRITICAL - 2022-03-25 22:34:46 --> finfo_file(C:\xampp\tmp\phpE47F.tmp): failed to open stream: No such file or directory
#0 [internal function]: CodeIgniter\Debug\Exceptions->errorHandler(2, 'finfo_file(C:\\x...', 'C:\\xampp\\htdocs...', 109, Array)
#1 C:\xampp\htdocs\tokobuku\system\Files\File.php(109): finfo_file(Resource id #152, 'C:\\xampp\\tmp\\ph...')
#2 C:\xampp\htdocs\tokobuku\system\HTTP\Files\UploadedFile.php(302): CodeIgniter\Files\File->getMimeType()
#3 C:\xampp\htdocs\tokobuku\system\HTTP\Files\UploadedFile.php(291): CodeIgniter\HTTP\Files\UploadedFile->guessExtension()
#4 C:\xampp\htdocs\tokobuku\system\Files\File.php(121): CodeIgniter\HTTP\Files\UploadedFile->getExtension()
#5 C:\xampp\htdocs\tokobuku\app\Controllers\Majalah.php(95): CodeIgniter\Files\File->getRandomName()
#6 C:\xampp\htdocs\tokobuku\system\CodeIgniter.php(832): App\Controllers\Majalah->save()
#7 C:\xampp\htdocs\tokobuku\system\CodeIgniter.php(419): CodeIgniter\CodeIgniter->runController(Object(App\Controllers\Majalah))
#8 C:\xampp\htdocs\tokobuku\system\CodeIgniter.php(326): CodeIgniter\CodeIgniter->handleRequest(NULL, Object(Config\Cache), false)
#9 C:\xampp\htdocs\tokobuku\public\index.php(37): CodeIgniter\CodeIgniter->run()
#10 C:\xampp\htdocs\tokobuku\system\Commands\Server\rewrite.php(43): require_once('C:\\xampp\\htdocs...')
#11 {main}
CRITICAL - 2022-03-25 22:36:58 --> finfo_file(C:\xampp\tmp\phpE89D.tmp): failed to open stream: No such file or directory
#0 [internal function]: CodeIgniter\Debug\Exceptions->errorHandler(2, 'finfo_file(C:\\x...', 'C:\\xampp\\htdocs...', 109, Array)
#1 C:\xampp\htdocs\tokobuku\system\Files\File.php(109): finfo_file(Resource id #152, 'C:\\xampp\\tmp\\ph...')
#2 C:\xampp\htdocs\tokobuku\system\HTTP\Files\UploadedFile.php(302): CodeIgniter\Files\File->getMimeType()
#3 C:\xampp\htdocs\tokobuku\system\HTTP\Files\UploadedFile.php(291): CodeIgniter\HTTP\Files\UploadedFile->guessExtension()
#4 C:\xampp\htdocs\tokobuku\system\Files\File.php(121): CodeIgniter\HTTP\Files\UploadedFile->getExtension()
#5 C:\xampp\htdocs\tokobuku\app\Controllers\Majalah.php(95): CodeIgniter\Files\File->getRandomName()
#6 C:\xampp\htdocs\tokobuku\system\CodeIgniter.php(832): App\Controllers\Majalah->save()
#7 C:\xampp\htdocs\tokobuku\system\CodeIgniter.php(419): CodeIgniter\CodeIgniter->runController(Object(App\Controllers\Majalah))
#8 C:\xampp\htdocs\tokobuku\system\CodeIgniter.php(326): CodeIgniter\CodeIgniter->handleRequest(NULL, Object(Config\Cache), false)
#9 C:\xampp\htdocs\tokobuku\public\index.php(37): CodeIgniter\CodeIgniter->run()
#10 C:\xampp\htdocs\tokobuku\system\Commands\Server\rewrite.php(43): require_once('C:\\xampp\\htdocs...')
#11 {main}
CRITICAL - 2022-03-25 22:45:21 --> finfo_file(C:\xampp\tmp\php94DA.tmp): failed to open stream: No such file or directory
#0 [internal function]: CodeIgniter\Debug\Exceptions->errorHandler(2, 'finfo_file(C:\\x...', 'C:\\xampp\\htdocs...', 109, Array)
#1 C:\xampp\htdocs\tokobuku\system\Files\File.php(109): finfo_file(Resource id #152, 'C:\\xampp\\tmp\\ph...')
#2 C:\xampp\htdocs\tokobuku\system\HTTP\Files\UploadedFile.php(302): CodeIgniter\Files\File->getMimeType()
#3 C:\xampp\htdocs\tokobuku\system\HTTP\Files\UploadedFile.php(291): CodeIgniter\HTTP\Files\UploadedFile->guessExtension()
#4 C:\xampp\htdocs\tokobuku\system\Files\File.php(121): CodeIgniter\HTTP\Files\UploadedFile->getExtension()
#5 C:\xampp\htdocs\tokobuku\app\Controllers\Majalah.php(95): CodeIgniter\Files\File->getRandomName()
#6 C:\xampp\htdocs\tokobuku\system\CodeIgniter.php(832): App\Controllers\Majalah->save()
#7 C:\xampp\htdocs\tokobuku\system\CodeIgniter.php(419): CodeIgniter\CodeIgniter->runController(Object(App\Controllers\Majalah))
#8 C:\xampp\htdocs\tokobuku\system\CodeIgniter.php(326): CodeIgniter\CodeIgniter->handleRequest(NULL, Object(Config\Cache), false)
#9 C:\xampp\htdocs\tokobuku\public\index.php(37): CodeIgniter\CodeIgniter->run()
#10 C:\xampp\htdocs\tokobuku\system\Commands\Server\rewrite.php(43): require_once('C:\\xampp\\htdocs...')
#11 {main}
CRITICAL - 2022-03-25 22:48:30 --> finfo_file(C:\xampp\tmp\php783D.tmp): failed to open stream: No such file or directory
#0 [internal function]: CodeIgniter\Debug\Exceptions->errorHandler(2, 'finfo_file(C:\\x...', 'C:\\xampp\\htdocs...', 109, Array)
#1 C:\xampp\htdocs\tokobuku\system\Files\File.php(109): finfo_file(Resource id #152, 'C:\\xampp\\tmp\\ph...')
#2 C:\xampp\htdocs\tokobuku\system\HTTP\Files\UploadedFile.php(302): CodeIgniter\Files\File->getMimeType()
#3 C:\xampp\htdocs\tokobuku\system\HTTP\Files\UploadedFile.php(291): CodeIgniter\HTTP\Files\UploadedFile->guessExtension()
#4 C:\xampp\htdocs\tokobuku\system\Files\File.php(121): CodeIgniter\HTTP\Files\UploadedFile->getExtension()
#5 C:\xampp\htdocs\tokobuku\app\Controllers\Majalah.php(95): CodeIgniter\Files\File->getRandomName()
#6 C:\xampp\htdocs\tokobuku\system\CodeIgniter.php(832): App\Controllers\Majalah->save()
#7 C:\xampp\htdocs\tokobuku\system\CodeIgniter.php(419): CodeIgniter\CodeIgniter->runController(Object(App\Controllers\Majalah))
#8 C:\xampp\htdocs\tokobuku\system\CodeIgniter.php(326): CodeIgniter\CodeIgniter->handleRequest(NULL, Object(Config\Cache), false)
#9 C:\xampp\htdocs\tokobuku\public\index.php(37): CodeIgniter\CodeIgniter->run()
#10 C:\xampp\htdocs\tokobuku\system\Commands\Server\rewrite.php(43): require_once('C:\\xampp\\htdocs...')
#11 {main}
CRITICAL - 2022-03-25 22:52:57 --> finfo_file(C:\xampp\tmp\php883F.tmp): failed to open stream: No such file or directory
#0 [internal function]: CodeIgniter\Debug\Exceptions->errorHandler(2, 'finfo_file(C:\\x...', 'C:\\xampp\\htdocs...', 109, Array)
#1 C:\xampp\htdocs\tokobuku\system\Files\File.php(109): finfo_file(Resource id #152, 'C:\\xampp\\tmp\\ph...')
#2 C:\xampp\htdocs\tokobuku\system\HTTP\Files\UploadedFile.php(302): CodeIgniter\Files\File->getMimeType()
#3 C:\xampp\htdocs\tokobuku\system\HTTP\Files\UploadedFile.php(291): CodeIgniter\HTTP\Files\UploadedFile->guessExtension()
#4 C:\xampp\htdocs\tokobuku\system\Files\File.php(121): CodeIgniter\HTTP\Files\UploadedFile->getExtension()
#5 C:\xampp\htdocs\tokobuku\app\Controllers\Majalah.php(95): CodeIgniter\Files\File->getRandomName()
#6 C:\xampp\htdocs\tokobuku\system\CodeIgniter.php(832): App\Controllers\Majalah->save()
#7 C:\xampp\htdocs\tokobuku\system\CodeIgniter.php(419): CodeIgniter\CodeIgniter->runController(Object(App\Controllers\Majalah))
#8 C:\xampp\htdocs\tokobuku\system\CodeIgniter.php(326): CodeIgniter\CodeIgniter->handleRequest(NULL, Object(Config\Cache), false)
#9 C:\xampp\htdocs\tokobuku\public\index.php(37): CodeIgniter\CodeIgniter->run()
#10 C:\xampp\htdocs\tokobuku\system\Commands\Server\rewrite.php(43): require_once('C:\\xampp\\htdocs...')
#11 {main}
CRITICAL - 2022-03-25 22:56:50 --> finfo_file(C:\xampp\tmp\php19D3.tmp): failed to open stream: No such file or directory
#0 [internal function]: CodeIgniter\Debug\Exceptions->errorHandler(2, 'finfo_file(C:\\x...', 'C:\\xampp\\htdocs...', 109, Array)
#1 C:\xampp\htdocs\tokobuku\system\Files\File.php(109): finfo_file(Resource id #152, 'C:\\xampp\\tmp\\ph...')
#2 C:\xampp\htdocs\tokobuku\system\HTTP\Files\UploadedFile.php(302): CodeIgniter\Files\File->getMimeType()
#3 C:\xampp\htdocs\tokobuku\system\HTTP\Files\UploadedFile.php(291): CodeIgniter\HTTP\Files\UploadedFile->guessExtension()
#4 C:\xampp\htdocs\tokobuku\system\Files\File.php(121): CodeIgniter\HTTP\Files\UploadedFile->getExtension()
#5 C:\xampp\htdocs\tokobuku\app\Controllers\Majalah.php(95): CodeIgniter\Files\File->getRandomName()
#6 C:\xampp\htdocs\tokobuku\system\CodeIgniter.php(832): App\Controllers\Majalah->save()
#7 C:\xampp\htdocs\tokobuku\system\CodeIgniter.php(419): CodeIgniter\CodeIgniter->runController(Object(App\Controllers\Majalah))
#8 C:\xampp\htdocs\tokobuku\system\CodeIgniter.php(326): CodeIgniter\CodeIgniter->handleRequest(NULL, Object(Config\Cache), false)
#9 C:\xampp\htdocs\tokobuku\public\index.php(37): CodeIgniter\CodeIgniter->run()
#10 C:\xampp\htdocs\tokobuku\system\Commands\Server\rewrite.php(43): require_once('C:\\xampp\\htdocs...')
#11 {main}
CRITICAL - 2022-03-25 22:57:30 --> finfo_file(C:\xampp\tmp\phpAD79.tmp): failed to open stream: No such file or directory
#0 [internal function]: CodeIgniter\Debug\Exceptions->errorHandler(2, 'finfo_file(C:\\x...', 'C:\\xampp\\htdocs...', 109, Array)
#1 C:\xampp\htdocs\tokobuku\system\Files\File.php(109): finfo_file(Resource id #152, 'C:\\xampp\\tmp\\ph...')
#2 C:\xampp\htdocs\tokobuku\system\HTTP\Files\UploadedFile.php(302): CodeIgniter\Files\File->getMimeType()
#3 C:\xampp\htdocs\tokobuku\system\HTTP\Files\UploadedFile.php(291): CodeIgniter\HTTP\Files\UploadedFile->guessExtension()
#4 C:\xampp\htdocs\tokobuku\system\Files\File.php(121): CodeIgniter\HTTP\Files\UploadedFile->getExtension()
#5 C:\xampp\htdocs\tokobuku\app\Controllers\Majalah.php(95): CodeIgniter\Files\File->getRandomName()
#6 C:\xampp\htdocs\tokobuku\system\CodeIgniter.php(832): App\Controllers\Majalah->save()
#7 C:\xampp\htdocs\tokobuku\system\CodeIgniter.php(419): CodeIgniter\CodeIgniter->runController(Object(App\Controllers\Majalah))
#8 C:\xampp\htdocs\tokobuku\system\CodeIgniter.php(326): CodeIgniter\CodeIgniter->handleRequest(NULL, Object(Config\Cache), false)
#9 C:\xampp\htdocs\tokobuku\public\index.php(37): CodeIgniter\CodeIgniter->run()
#10 C:\xampp\htdocs\tokobuku\system\Commands\Server\rewrite.php(43): require_once('C:\\xampp\\htdocs...')
#11 {main}
CRITICAL - 2022-03-25 22:58:55 --> finfo_file(C:\xampp\tmp\phpFFAD.tmp): failed to open stream: No such file or directory
#0 [internal function]: CodeIgniter\Debug\Exceptions->errorHandler(2, 'finfo_file(C:\\x...', 'C:\\xampp\\htdocs...', 109, Array)
#1 C:\xampp\htdocs\tokobuku\system\Files\File.php(109): finfo_file(Resource id #152, 'C:\\xampp\\tmp\\ph...')
#2 C:\xampp\htdocs\tokobuku\system\HTTP\Files\UploadedFile.php(302): CodeIgniter\Files\File->getMimeType()
#3 C:\xampp\htdocs\tokobuku\system\HTTP\Files\UploadedFile.php(291): CodeIgniter\HTTP\Files\UploadedFile->guessExtension()
#4 C:\xampp\htdocs\tokobuku\system\Files\File.php(121): CodeIgniter\HTTP\Files\UploadedFile->getExtension()
#5 C:\xampp\htdocs\tokobuku\app\Controllers\Majalah.php(95): CodeIgniter\Files\File->getRandomName()
#6 C:\xampp\htdocs\tokobuku\system\CodeIgniter.php(832): App\Controllers\Majalah->save()
#7 C:\xampp\htdocs\tokobuku\system\CodeIgniter.php(419): CodeIgniter\CodeIgniter->runController(Object(App\Controllers\Majalah))
#8 C:\xampp\htdocs\tokobuku\system\CodeIgniter.php(326): CodeIgniter\CodeIgniter->handleRequest(NULL, Object(Config\Cache), false)
#9 C:\xampp\htdocs\tokobuku\public\index.php(37): CodeIgniter\CodeIgniter->run()
#10 C:\xampp\htdocs\tokobuku\system\Commands\Server\rewrite.php(43): require_once('C:\\xampp\\htdocs...')
#11 {main}
CRITICAL - 2022-03-25 23:00:01 --> finfo_file(C:\xampp\tmp\php287.tmp): failed to open stream: No such file or directory
#0 [internal function]: CodeIgniter\Debug\Exceptions->errorHandler(2, 'finfo_file(C:\\x...', 'C:\\xampp\\htdocs...', 109, Array)
#1 C:\xampp\htdocs\tokobuku\system\Files\File.php(109): finfo_file(Resource id #152, 'C:\\xampp\\tmp\\ph...')
#2 C:\xampp\htdocs\tokobuku\system\HTTP\Files\UploadedFile.php(302): CodeIgniter\Files\File->getMimeType()
#3 C:\xampp\htdocs\tokobuku\system\HTTP\Files\UploadedFile.php(291): CodeIgniter\HTTP\Files\UploadedFile->guessExtension()
#4 C:\xampp\htdocs\tokobuku\system\Files\File.php(121): CodeIgniter\HTTP\Files\UploadedFile->getExtension()
#5 C:\xampp\htdocs\tokobuku\app\Controllers\Majalah.php(95): CodeIgniter\Files\File->getRandomName()
#6 C:\xampp\htdocs\tokobuku\system\CodeIgniter.php(832): App\Controllers\Majalah->save()
#7 C:\xampp\htdocs\tokobuku\system\CodeIgniter.php(419): CodeIgniter\CodeIgniter->runController(Object(App\Controllers\Majalah))
#8 C:\xampp\htdocs\tokobuku\system\CodeIgniter.php(326): CodeIgniter\CodeIgniter->handleRequest(NULL, Object(Config\Cache), false)
#9 C:\xampp\htdocs\tokobuku\public\index.php(37): CodeIgniter\CodeIgniter->run()
#10 C:\xampp\htdocs\tokobuku\system\Commands\Server\rewrite.php(43): require_once('C:\\xampp\\htdocs...')
#11 {main}
