CRITICAL - 2022-03-07 20:26:16 --> Call to undefined function base3_url()
#0 C:\xampp\htdocs\tokobuku\system\View\View.php(210): include()
#1 C:\xampp\htdocs\tokobuku\system\View\View.php(213): CodeIgniter\View\View->CodeIgniter\View\{closure}()
#2 C:\xampp\htdocs\tokobuku\system\View\View.php(424): CodeIgniter\View\View->render('layout/sidebar', NULL, true)
#3 C:\xampp\htdocs\tokobuku\app\Views\layout\template.php(17): CodeIgniter\View\View->include('layout/sidebar')
#4 C:\xampp\htdocs\tokobuku\system\View\View.php(210): include('C:\\xampp\\htdocs...')
#5 C:\xampp\htdocs\tokobuku\system\View\View.php(213): CodeIgniter\View\View->CodeIgniter\View\{closure}()
#6 C:\xampp\htdocs\tokobuku\system\View\View.php(226): CodeIgniter\View\View->render('layout/template', Array, true)
#7 C:\xampp\htdocs\tokobuku\system\Common.php(1089): CodeIgniter\View\View->render('admin/overview', Array, true)
#8 C:\xampp\htdocs\tokobuku\app\Controllers\Home.php(10): view('admin/overview')
#9 C:\xampp\htdocs\tokobuku\system\CodeIgniter.php(832): App\Controllers\Home->index()
#10 C:\xampp\htdocs\tokobuku\system\CodeIgniter.php(419): CodeIgniter\CodeIgniter->runController(Object(App\Controllers\Home))
#11 C:\xampp\htdocs\tokobuku\system\CodeIgniter.php(326): CodeIgniter\CodeIgniter->handleRequest(NULL, Object(Config\Cache), false)
#12 C:\xampp\htdocs\tokobuku\public\index.php(37): CodeIgniter\CodeIgniter->run()
#13 C:\xampp\htdocs\tokobuku\system\Commands\Server\rewrite.php(43): require_once('C:\\xampp\\htdocs...')
#14 {main}
CRITICAL - 2022-03-07 20:26:41 --> Call to undefined function base3_url()
#0 C:\xampp\htdocs\tokobuku\system\View\View.php(210): include()
#1 C:\xampp\htdocs\tokobuku\system\View\View.php(213): CodeIgniter\View\View->CodeIgniter\View\{closure}()
#2 C:\xampp\htdocs\tokobuku\system\View\View.php(424): CodeIgniter\View\View->render('layout/sidebar', NULL, true)
#3 C:\xampp\htdocs\tokobuku\app\Views\layout\template.php(17): CodeIgniter\View\View->include('layout/sidebar')
#4 C:\xampp\htdocs\tokobuku\system\View\View.php(210): include('C:\\xampp\\htdocs...')
#5 C:\xampp\htdocs\tokobuku\system\View\View.php(213): CodeIgniter\View\View->CodeIgniter\View\{closure}()
#6 C:\xampp\htdocs\tokobuku\system\View\View.php(226): CodeIgniter\View\View->render('layout/template', Array, true)
#7 C:\xampp\htdocs\tokobuku\system\Common.php(1089): CodeIgniter\View\View->render('admin/overview', Array, true)
#8 C:\xampp\htdocs\tokobuku\app\Controllers\Home.php(10): view('admin/overview')
#9 C:\xampp\htdocs\tokobuku\system\CodeIgniter.php(832): App\Controllers\Home->index()
#10 C:\xampp\htdocs\tokobuku\system\CodeIgniter.php(419): CodeIgniter\CodeIgniter->runController(Object(App\Controllers\Home))
#11 C:\xampp\htdocs\tokobuku\system\CodeIgniter.php(326): CodeIgniter\CodeIgniter->handleRequest(NULL, Object(Config\Cache), false)
#12 C:\xampp\htdocs\tokobuku\public\index.php(37): CodeIgniter\CodeIgniter->run()
#13 C:\xampp\htdocs\tokobuku\system\Commands\Server\rewrite.php(43): require_once('C:\\xampp\\htdocs...')
#14 {main}
CRITICAL - 2022-03-07 20:26:43 --> Call to undefined function base3_url()
#0 C:\xampp\htdocs\tokobuku\system\View\View.php(210): include()
#1 C:\xampp\htdocs\tokobuku\system\View\View.php(213): CodeIgniter\View\View->CodeIgniter\View\{closure}()
#2 C:\xampp\htdocs\tokobuku\system\View\View.php(424): CodeIgniter\View\View->render('layout/sidebar', NULL, true)
#3 C:\xampp\htdocs\tokobuku\app\Views\layout\template.php(17): CodeIgniter\View\View->include('layout/sidebar')
#4 C:\xampp\htdocs\tokobuku\system\View\View.php(210): include('C:\\xampp\\htdocs...')
#5 C:\xampp\htdocs\tokobuku\system\View\View.php(213): CodeIgniter\View\View->CodeIgniter\View\{closure}()
#6 C:\xampp\htdocs\tokobuku\system\View\View.php(226): CodeIgniter\View\View->render('layout/template', Array, true)
#7 C:\xampp\htdocs\tokobuku\system\Common.php(1089): CodeIgniter\View\View->render('admin/overview', Array, true)
#8 C:\xampp\htdocs\tokobuku\app\Controllers\Home.php(10): view('admin/overview')
#9 C:\xampp\htdocs\tokobuku\system\CodeIgniter.php(832): App\Controllers\Home->index()
#10 C:\xampp\htdocs\tokobuku\system\CodeIgniter.php(419): CodeIgniter\CodeIgniter->runController(Object(App\Controllers\Home))
#11 C:\xampp\htdocs\tokobuku\system\CodeIgniter.php(326): CodeIgniter\CodeIgniter->handleRequest(NULL, Object(Config\Cache), false)
#12 C:\xampp\htdocs\tokobuku\public\index.php(37): CodeIgniter\CodeIgniter->run()
#13 C:\xampp\htdocs\tokobuku\system\Commands\Server\rewrite.php(43): require_once('C:\\xampp\\htdocs...')
#14 {main}
CRITICAL - 2022-03-07 20:26:45 --> Call to undefined function base3_url()
#0 C:\xampp\htdocs\tokobuku\system\View\View.php(210): include()
#1 C:\xampp\htdocs\tokobuku\system\View\View.php(213): CodeIgniter\View\View->CodeIgniter\View\{closure}()
#2 C:\xampp\htdocs\tokobuku\system\View\View.php(424): CodeIgniter\View\View->render('layout/sidebar', NULL, true)
#3 C:\xampp\htdocs\tokobuku\app\Views\layout\template.php(17): CodeIgniter\View\View->include('layout/sidebar')
#4 C:\xampp\htdocs\tokobuku\system\View\View.php(210): include('C:\\xampp\\htdocs...')
#5 C:\xampp\htdocs\tokobuku\system\View\View.php(213): CodeIgniter\View\View->CodeIgniter\View\{closure}()
#6 C:\xampp\htdocs\tokobuku\system\View\View.php(226): CodeIgniter\View\View->render('layout/template', Array, true)
#7 C:\xampp\htdocs\tokobuku\system\Common.php(1089): CodeIgniter\View\View->render('admin/overview', Array, true)
#8 C:\xampp\htdocs\tokobuku\app\Controllers\Home.php(10): view('admin/overview')
#9 C:\xampp\htdocs\tokobuku\system\CodeIgniter.php(832): App\Controllers\Home->index()
#10 C:\xampp\htdocs\tokobuku\system\CodeIgniter.php(419): CodeIgniter\CodeIgniter->runController(Object(App\Controllers\Home))
#11 C:\xampp\htdocs\tokobuku\system\CodeIgniter.php(326): CodeIgniter\CodeIgniter->handleRequest(NULL, Object(Config\Cache), false)
#12 C:\xampp\htdocs\tokobuku\public\index.php(37): CodeIgniter\CodeIgniter->run()
#13 C:\xampp\htdocs\tokobuku\system\Commands\Server\rewrite.php(43): require_once('C:\\xampp\\htdocs...')
#14 {main}
CRITICAL - 2022-03-07 20:26:46 --> Call to undefined function base3_url()
#0 C:\xampp\htdocs\tokobuku\system\View\View.php(210): include()
#1 C:\xampp\htdocs\tokobuku\system\View\View.php(213): CodeIgniter\View\View->CodeIgniter\View\{closure}()
#2 C:\xampp\htdocs\tokobuku\system\View\View.php(424): CodeIgniter\View\View->render('layout/sidebar', NULL, true)
#3 C:\xampp\htdocs\tokobuku\app\Views\layout\template.php(17): CodeIgniter\View\View->include('layout/sidebar')
#4 C:\xampp\htdocs\tokobuku\system\View\View.php(210): include('C:\\xampp\\htdocs...')
#5 C:\xampp\htdocs\tokobuku\system\View\View.php(213): CodeIgniter\View\View->CodeIgniter\View\{closure}()
#6 C:\xampp\htdocs\tokobuku\system\View\View.php(226): CodeIgniter\View\View->render('layout/template', Array, true)
#7 C:\xampp\htdocs\tokobuku\system\Common.php(1089): CodeIgniter\View\View->render('admin/overview', Array, true)
#8 C:\xampp\htdocs\tokobuku\app\Controllers\Home.php(10): view('admin/overview')
#9 C:\xampp\htdocs\tokobuku\system\CodeIgniter.php(832): App\Controllers\Home->index()
#10 C:\xampp\htdocs\tokobuku\system\CodeIgniter.php(419): CodeIgniter\CodeIgniter->runController(Object(App\Controllers\Home))
#11 C:\xampp\htdocs\tokobuku\system\CodeIgniter.php(326): CodeIgniter\CodeIgniter->handleRequest(NULL, Object(Config\Cache), false)
#12 C:\xampp\htdocs\tokobuku\public\index.php(37): CodeIgniter\CodeIgniter->run()
#13 C:\xampp\htdocs\tokobuku\system\Commands\Server\rewrite.php(43): require_once('C:\\xampp\\htdocs...')
#14 {main}
CRITICAL - 2022-03-07 20:26:47 --> Call to undefined function base3_url()
#0 C:\xampp\htdocs\tokobuku\system\View\View.php(210): include()
#1 C:\xampp\htdocs\tokobuku\system\View\View.php(213): CodeIgniter\View\View->CodeIgniter\View\{closure}()
#2 C:\xampp\htdocs\tokobuku\system\View\View.php(424): CodeIgniter\View\View->render('layout/sidebar', NULL, true)
#3 C:\xampp\htdocs\tokobuku\app\Views\layout\template.php(17): CodeIgniter\View\View->include('layout/sidebar')
#4 C:\xampp\htdocs\tokobuku\system\View\View.php(210): include('C:\\xampp\\htdocs...')
#5 C:\xampp\htdocs\tokobuku\system\View\View.php(213): CodeIgniter\View\View->CodeIgniter\View\{closure}()
#6 C:\xampp\htdocs\tokobuku\system\View\View.php(226): CodeIgniter\View\View->render('layout/template', Array, true)
#7 C:\xampp\htdocs\tokobuku\system\Common.php(1089): CodeIgniter\View\View->render('admin/overview', Array, true)
#8 C:\xampp\htdocs\tokobuku\app\Controllers\Home.php(10): view('admin/overview')
#9 C:\xampp\htdocs\tokobuku\system\CodeIgniter.php(832): App\Controllers\Home->index()
#10 C:\xampp\htdocs\tokobuku\system\CodeIgniter.php(419): CodeIgniter\CodeIgniter->runController(Object(App\Controllers\Home))
#11 C:\xampp\htdocs\tokobuku\system\CodeIgniter.php(326): CodeIgniter\CodeIgniter->handleRequest(NULL, Object(Config\Cache), false)
#12 C:\xampp\htdocs\tokobuku\public\index.php(37): CodeIgniter\CodeIgniter->run()
#13 C:\xampp\htdocs\tokobuku\system\Commands\Server\rewrite.php(43): require_once('C:\\xampp\\htdocs...')
#14 {main}
CRITICAL - 2022-03-07 20:26:49 --> Call to undefined function base3_url()
#0 C:\xampp\htdocs\tokobuku\system\View\View.php(210): include()
#1 C:\xampp\htdocs\tokobuku\system\View\View.php(213): CodeIgniter\View\View->CodeIgniter\View\{closure}()
#2 C:\xampp\htdocs\tokobuku\system\View\View.php(424): CodeIgniter\View\View->render('layout/sidebar', NULL, true)
#3 C:\xampp\htdocs\tokobuku\app\Views\layout\template.php(17): CodeIgniter\View\View->include('layout/sidebar')
#4 C:\xampp\htdocs\tokobuku\system\View\View.php(210): include('C:\\xampp\\htdocs...')
#5 C:\xampp\htdocs\tokobuku\system\View\View.php(213): CodeIgniter\View\View->CodeIgniter\View\{closure}()
#6 C:\xampp\htdocs\tokobuku\system\View\View.php(226): CodeIgniter\View\View->render('layout/template', Array, true)
#7 C:\xampp\htdocs\tokobuku\system\Common.php(1089): CodeIgniter\View\View->render('admin/overview', Array, true)
#8 C:\xampp\htdocs\tokobuku\app\Controllers\Home.php(10): view('admin/overview')
#9 C:\xampp\htdocs\tokobuku\system\CodeIgniter.php(832): App\Controllers\Home->index()
#10 C:\xampp\htdocs\tokobuku\system\CodeIgniter.php(419): CodeIgniter\CodeIgniter->runController(Object(App\Controllers\Home))
#11 C:\xampp\htdocs\tokobuku\system\CodeIgniter.php(326): CodeIgniter\CodeIgniter->handleRequest(NULL, Object(Config\Cache), false)
#12 C:\xampp\htdocs\tokobuku\public\index.php(37): CodeIgniter\CodeIgniter->run()
#13 C:\xampp\htdocs\tokobuku\system\Commands\Server\rewrite.php(43): require_once('C:\\xampp\\htdocs...')
#14 {main}
CRITICAL - 2022-03-07 20:26:50 --> Call to undefined function base3_url()
#0 C:\xampp\htdocs\tokobuku\system\View\View.php(210): include()
#1 C:\xampp\htdocs\tokobuku\system\View\View.php(213): CodeIgniter\View\View->CodeIgniter\View\{closure}()
#2 C:\xampp\htdocs\tokobuku\system\View\View.php(424): CodeIgniter\View\View->render('layout/sidebar', NULL, true)
#3 C:\xampp\htdocs\tokobuku\app\Views\layout\template.php(17): CodeIgniter\View\View->include('layout/sidebar')
#4 C:\xampp\htdocs\tokobuku\system\View\View.php(210): include('C:\\xampp\\htdocs...')
#5 C:\xampp\htdocs\tokobuku\system\View\View.php(213): CodeIgniter\View\View->CodeIgniter\View\{closure}()
#6 C:\xampp\htdocs\tokobuku\system\View\View.php(226): CodeIgniter\View\View->render('layout/template', Array, true)
#7 C:\xampp\htdocs\tokobuku\system\Common.php(1089): CodeIgniter\View\View->render('admin/overview', Array, true)
#8 C:\xampp\htdocs\tokobuku\app\Controllers\Home.php(10): view('admin/overview')
#9 C:\xampp\htdocs\tokobuku\system\CodeIgniter.php(832): App\Controllers\Home->index()
#10 C:\xampp\htdocs\tokobuku\system\CodeIgniter.php(419): CodeIgniter\CodeIgniter->runController(Object(App\Controllers\Home))
#11 C:\xampp\htdocs\tokobuku\system\CodeIgniter.php(326): CodeIgniter\CodeIgniter->handleRequest(NULL, Object(Config\Cache), false)
#12 C:\xampp\htdocs\tokobuku\public\index.php(37): CodeIgniter\CodeIgniter->run()
#13 C:\xampp\htdocs\tokobuku\system\Commands\Server\rewrite.php(43): require_once('C:\\xampp\\htdocs...')
#14 {main}
CRITICAL - 2022-03-07 20:26:53 --> Call to undefined function base3_url()
#0 C:\xampp\htdocs\tokobuku\system\View\View.php(210): include()
#1 C:\xampp\htdocs\tokobuku\system\View\View.php(213): CodeIgniter\View\View->CodeIgniter\View\{closure}()
#2 C:\xampp\htdocs\tokobuku\system\View\View.php(424): CodeIgniter\View\View->render('layout/sidebar', NULL, true)
#3 C:\xampp\htdocs\tokobuku\app\Views\layout\template.php(17): CodeIgniter\View\View->include('layout/sidebar')
#4 C:\xampp\htdocs\tokobuku\system\View\View.php(210): include('C:\\xampp\\htdocs...')
#5 C:\xampp\htdocs\tokobuku\system\View\View.php(213): CodeIgniter\View\View->CodeIgniter\View\{closure}()
#6 C:\xampp\htdocs\tokobuku\system\View\View.php(226): CodeIgniter\View\View->render('layout/template', Array, true)
#7 C:\xampp\htdocs\tokobuku\system\Common.php(1089): CodeIgniter\View\View->render('admin/overview', Array, true)
#8 C:\xampp\htdocs\tokobuku\app\Controllers\Home.php(10): view('admin/overview')
#9 C:\xampp\htdocs\tokobuku\system\CodeIgniter.php(832): App\Controllers\Home->index()
#10 C:\xampp\htdocs\tokobuku\system\CodeIgniter.php(419): CodeIgniter\CodeIgniter->runController(Object(App\Controllers\Home))
#11 C:\xampp\htdocs\tokobuku\system\CodeIgniter.php(326): CodeIgniter\CodeIgniter->handleRequest(NULL, Object(Config\Cache), false)
#12 C:\xampp\htdocs\tokobuku\public\index.php(37): CodeIgniter\CodeIgniter->run()
#13 C:\xampp\htdocs\tokobuku\system\Commands\Server\rewrite.php(43): require_once('C:\\xampp\\htdocs...')
#14 {main}
CRITICAL - 2022-03-07 20:26:55 --> Call to undefined function base3_url()
#0 C:\xampp\htdocs\tokobuku\system\View\View.php(210): include()
#1 C:\xampp\htdocs\tokobuku\system\View\View.php(213): CodeIgniter\View\View->CodeIgniter\View\{closure}()
#2 C:\xampp\htdocs\tokobuku\system\View\View.php(424): CodeIgniter\View\View->render('layout/sidebar', NULL, true)
#3 C:\xampp\htdocs\tokobuku\app\Views\layout\template.php(17): CodeIgniter\View\View->include('layout/sidebar')
#4 C:\xampp\htdocs\tokobuku\system\View\View.php(210): include('C:\\xampp\\htdocs...')
#5 C:\xampp\htdocs\tokobuku\system\View\View.php(213): CodeIgniter\View\View->CodeIgniter\View\{closure}()
#6 C:\xampp\htdocs\tokobuku\system\View\View.php(226): CodeIgniter\View\View->render('layout/template', Array, true)
#7 C:\xampp\htdocs\tokobuku\system\Common.php(1089): CodeIgniter\View\View->render('admin/overview', Array, true)
#8 C:\xampp\htdocs\tokobuku\app\Controllers\Home.php(10): view('admin/overview')
#9 C:\xampp\htdocs\tokobuku\system\CodeIgniter.php(832): App\Controllers\Home->index()
#10 C:\xampp\htdocs\tokobuku\system\CodeIgniter.php(419): CodeIgniter\CodeIgniter->runController(Object(App\Controllers\Home))
#11 C:\xampp\htdocs\tokobuku\system\CodeIgniter.php(326): CodeIgniter\CodeIgniter->handleRequest(NULL, Object(Config\Cache), false)
#12 C:\xampp\htdocs\tokobuku\public\index.php(37): CodeIgniter\CodeIgniter->run()
#13 C:\xampp\htdocs\tokobuku\system\Commands\Server\rewrite.php(43): require_once('C:\\xampp\\htdocs...')
#14 {main}
CRITICAL - 2022-03-07 20:27:10 --> Call to undefined function base3_url()
#0 C:\xampp\htdocs\tokobuku\system\View\View.php(210): include()
#1 C:\xampp\htdocs\tokobuku\system\View\View.php(213): CodeIgniter\View\View->CodeIgniter\View\{closure}()
#2 C:\xampp\htdocs\tokobuku\system\View\View.php(424): CodeIgniter\View\View->render('layout/sidebar', NULL, true)
#3 C:\xampp\htdocs\tokobuku\app\Views\layout\template.php(17): CodeIgniter\View\View->include('layout/sidebar')
#4 C:\xampp\htdocs\tokobuku\system\View\View.php(210): include('C:\\xampp\\htdocs...')
#5 C:\xampp\htdocs\tokobuku\system\View\View.php(213): CodeIgniter\View\View->CodeIgniter\View\{closure}()
#6 C:\xampp\htdocs\tokobuku\system\View\View.php(226): CodeIgniter\View\View->render('layout/template', Array, true)
#7 C:\xampp\htdocs\tokobuku\system\Common.php(1089): CodeIgniter\View\View->render('admin/overview', Array, true)
#8 C:\xampp\htdocs\tokobuku\app\Controllers\Home.php(10): view('admin/overview')
#9 C:\xampp\htdocs\tokobuku\system\CodeIgniter.php(832): App\Controllers\Home->index()
#10 C:\xampp\htdocs\tokobuku\system\CodeIgniter.php(419): CodeIgniter\CodeIgniter->runController(Object(App\Controllers\Home))
#11 C:\xampp\htdocs\tokobuku\system\CodeIgniter.php(326): CodeIgniter\CodeIgniter->handleRequest(NULL, Object(Config\Cache), false)
#12 C:\xampp\htdocs\tokobuku\public\index.php(37): CodeIgniter\CodeIgniter->run()
#13 C:\xampp\htdocs\tokobuku\system\Commands\Server\rewrite.php(43): require_once('C:\\xampp\\htdocs...')
#14 {main}
CRITICAL - 2022-03-07 20:28:46 --> Call to undefined function base3_url()
#0 C:\xampp\htdocs\tokobuku\system\View\View.php(210): include()
#1 C:\xampp\htdocs\tokobuku\system\View\View.php(213): CodeIgniter\View\View->CodeIgniter\View\{closure}()
#2 C:\xampp\htdocs\tokobuku\system\View\View.php(424): CodeIgniter\View\View->render('layout/sidebar', NULL, true)
#3 C:\xampp\htdocs\tokobuku\app\Views\layout\template.php(17): CodeIgniter\View\View->include('layout/sidebar')
#4 C:\xampp\htdocs\tokobuku\system\View\View.php(210): include('C:\\xampp\\htdocs...')
#5 C:\xampp\htdocs\tokobuku\system\View\View.php(213): CodeIgniter\View\View->CodeIgniter\View\{closure}()
#6 C:\xampp\htdocs\tokobuku\system\View\View.php(226): CodeIgniter\View\View->render('layout/template', Array, true)
#7 C:\xampp\htdocs\tokobuku\system\Common.php(1089): CodeIgniter\View\View->render('admin/overview', Array, true)
#8 C:\xampp\htdocs\tokobuku\app\Controllers\Home.php(10): view('admin/overview')
#9 C:\xampp\htdocs\tokobuku\system\CodeIgniter.php(832): App\Controllers\Home->index()
#10 C:\xampp\htdocs\tokobuku\system\CodeIgniter.php(419): CodeIgniter\CodeIgniter->runController(Object(App\Controllers\Home))
#11 C:\xampp\htdocs\tokobuku\system\CodeIgniter.php(326): CodeIgniter\CodeIgniter->handleRequest(NULL, Object(Config\Cache), false)
#12 C:\xampp\htdocs\tokobuku\public\index.php(37): CodeIgniter\CodeIgniter->run()
#13 C:\xampp\htdocs\tokobuku\system\Commands\Server\rewrite.php(43): require_once('C:\\xampp\\htdocs...')
#14 {main}
CRITICAL - 2022-03-07 20:30:15 --> Call to undefined function base3_url()
#0 C:\xampp\htdocs\tokobuku\system\View\View.php(210): include()
#1 C:\xampp\htdocs\tokobuku\system\View\View.php(213): CodeIgniter\View\View->CodeIgniter\View\{closure}()
#2 C:\xampp\htdocs\tokobuku\system\View\View.php(424): CodeIgniter\View\View->render('layout/sidebar', NULL, true)
#3 C:\xampp\htdocs\tokobuku\app\Views\layout\template.php(17): CodeIgniter\View\View->include('layout/sidebar')
#4 C:\xampp\htdocs\tokobuku\system\View\View.php(210): include('C:\\xampp\\htdocs...')
#5 C:\xampp\htdocs\tokobuku\system\View\View.php(213): CodeIgniter\View\View->CodeIgniter\View\{closure}()
#6 C:\xampp\htdocs\tokobuku\system\View\View.php(226): CodeIgniter\View\View->render('layout/template', Array, true)
#7 C:\xampp\htdocs\tokobuku\system\Common.php(1089): CodeIgniter\View\View->render('admin/overview', Array, true)
#8 C:\xampp\htdocs\tokobuku\app\Controllers\Home.php(10): view('admin/overview')
#9 C:\xampp\htdocs\tokobuku\system\CodeIgniter.php(832): App\Controllers\Home->index()
#10 C:\xampp\htdocs\tokobuku\system\CodeIgniter.php(419): CodeIgniter\CodeIgniter->runController(Object(App\Controllers\Home))
#11 C:\xampp\htdocs\tokobuku\system\CodeIgniter.php(326): CodeIgniter\CodeIgniter->handleRequest(NULL, Object(Config\Cache), false)
#12 C:\xampp\htdocs\tokobuku\public\index.php(37): CodeIgniter\CodeIgniter->run()
#13 C:\xampp\htdocs\tokobuku\system\Commands\Server\rewrite.php(43): require_once('C:\\xampp\\htdocs...')
#14 {main}
CRITICAL - 2022-03-07 20:30:16 --> Call to undefined function base3_url()
#0 C:\xampp\htdocs\tokobuku\system\View\View.php(210): include()
#1 C:\xampp\htdocs\tokobuku\system\View\View.php(213): CodeIgniter\View\View->CodeIgniter\View\{closure}()
#2 C:\xampp\htdocs\tokobuku\system\View\View.php(424): CodeIgniter\View\View->render('layout/sidebar', NULL, true)
#3 C:\xampp\htdocs\tokobuku\app\Views\layout\template.php(17): CodeIgniter\View\View->include('layout/sidebar')
#4 C:\xampp\htdocs\tokobuku\system\View\View.php(210): include('C:\\xampp\\htdocs...')
#5 C:\xampp\htdocs\tokobuku\system\View\View.php(213): CodeIgniter\View\View->CodeIgniter\View\{closure}()
#6 C:\xampp\htdocs\tokobuku\system\View\View.php(226): CodeIgniter\View\View->render('layout/template', Array, true)
#7 C:\xampp\htdocs\tokobuku\system\Common.php(1089): CodeIgniter\View\View->render('admin/overview', Array, true)
#8 C:\xampp\htdocs\tokobuku\app\Controllers\Home.php(10): view('admin/overview')
#9 C:\xampp\htdocs\tokobuku\system\CodeIgniter.php(832): App\Controllers\Home->index()
#10 C:\xampp\htdocs\tokobuku\system\CodeIgniter.php(419): CodeIgniter\CodeIgniter->runController(Object(App\Controllers\Home))
#11 C:\xampp\htdocs\tokobuku\system\CodeIgniter.php(326): CodeIgniter\CodeIgniter->handleRequest(NULL, Object(Config\Cache), false)
#12 C:\xampp\htdocs\tokobuku\public\index.php(37): CodeIgniter\CodeIgniter->run()
#13 C:\xampp\htdocs\tokobuku\system\Commands\Server\rewrite.php(43): require_once('C:\\xampp\\htdocs...')
#14 {main}
CRITICAL - 2022-03-07 20:30:31 --> Call to undefined function base3_url()
#0 C:\xampp\htdocs\tokobuku\system\View\View.php(210): include()
#1 C:\xampp\htdocs\tokobuku\system\View\View.php(213): CodeIgniter\View\View->CodeIgniter\View\{closure}()
#2 C:\xampp\htdocs\tokobuku\system\View\View.php(424): CodeIgniter\View\View->render('layout/sidebar', NULL, true)
#3 C:\xampp\htdocs\tokobuku\app\Views\layout\template.php(17): CodeIgniter\View\View->include('layout/sidebar')
#4 C:\xampp\htdocs\tokobuku\system\View\View.php(210): include('C:\\xampp\\htdocs...')
#5 C:\xampp\htdocs\tokobuku\system\View\View.php(213): CodeIgniter\View\View->CodeIgniter\View\{closure}()
#6 C:\xampp\htdocs\tokobuku\system\View\View.php(226): CodeIgniter\View\View->render('layout/template', Array, true)
#7 C:\xampp\htdocs\tokobuku\system\Common.php(1089): CodeIgniter\View\View->render('admin/overview', Array, true)
#8 C:\xampp\htdocs\tokobuku\app\Controllers\Home.php(10): view('admin/overview')
#9 C:\xampp\htdocs\tokobuku\system\CodeIgniter.php(832): App\Controllers\Home->index()
#10 C:\xampp\htdocs\tokobuku\system\CodeIgniter.php(419): CodeIgniter\CodeIgniter->runController(Object(App\Controllers\Home))
#11 C:\xampp\htdocs\tokobuku\system\CodeIgniter.php(326): CodeIgniter\CodeIgniter->handleRequest(NULL, Object(Config\Cache), false)
#12 C:\xampp\htdocs\tokobuku\public\index.php(37): CodeIgniter\CodeIgniter->run()
#13 C:\xampp\htdocs\tokobuku\system\Commands\Server\rewrite.php(43): require_once('C:\\xampp\\htdocs...')
#14 {main}
CRITICAL - 2022-03-07 20:31:02 --> Call to undefined function base3_url()
#0 C:\xampp\htdocs\tokobuku\system\View\View.php(210): include()
#1 C:\xampp\htdocs\tokobuku\system\View\View.php(213): CodeIgniter\View\View->CodeIgniter\View\{closure}()
#2 C:\xampp\htdocs\tokobuku\system\View\View.php(424): CodeIgniter\View\View->render('layout/sidebar', NULL, true)
#3 C:\xampp\htdocs\tokobuku\app\Views\layout\template.php(17): CodeIgniter\View\View->include('layout/sidebar')
#4 C:\xampp\htdocs\tokobuku\system\View\View.php(210): include('C:\\xampp\\htdocs...')
#5 C:\xampp\htdocs\tokobuku\system\View\View.php(213): CodeIgniter\View\View->CodeIgniter\View\{closure}()
#6 C:\xampp\htdocs\tokobuku\system\View\View.php(226): CodeIgniter\View\View->render('layout/template', Array, true)
#7 C:\xampp\htdocs\tokobuku\system\Common.php(1089): CodeIgniter\View\View->render('admin/overview', Array, true)
#8 C:\xampp\htdocs\tokobuku\app\Controllers\Home.php(10): view('admin/overview')
#9 C:\xampp\htdocs\tokobuku\system\CodeIgniter.php(832): App\Controllers\Home->index()
#10 C:\xampp\htdocs\tokobuku\system\CodeIgniter.php(419): CodeIgniter\CodeIgniter->runController(Object(App\Controllers\Home))
#11 C:\xampp\htdocs\tokobuku\system\CodeIgniter.php(326): CodeIgniter\CodeIgniter->handleRequest(NULL, Object(Config\Cache), false)
#12 C:\xampp\htdocs\tokobuku\public\index.php(37): CodeIgniter\CodeIgniter->run()
#13 C:\xampp\htdocs\tokobuku\system\Commands\Server\rewrite.php(43): require_once('C:\\xampp\\htdocs...')
#14 {main}
