CRITICAL - 2022-03-14 05:42:46 --> Undefined variable: dataBook
#0 C:\xampp\htdocs\tokobuku\app\Controllers\contain.php(13): CodeIgniter\Debug\Exceptions->errorHandler(8, 'Undefined varia...', 'C:\\xampp\\htdocs...', 13, Array)
#1 C:\xampp\htdocs\tokobuku\system\CodeIgniter.php(832): App\Controllers\contain->index()
#2 C:\xampp\htdocs\tokobuku\system\CodeIgniter.php(419): CodeIgniter\CodeIgniter->runController(Object(App\Controllers\contain))
#3 C:\xampp\htdocs\tokobuku\system\CodeIgniter.php(326): CodeIgniter\CodeIgniter->handleRequest(NULL, Object(Config\Cache), false)
#4 C:\xampp\htdocs\tokobuku\public\index.php(37): CodeIgniter\CodeIgniter->run()
#5 C:\xampp\htdocs\tokobuku\system\Commands\Server\rewrite.php(43): require_once('C:\\xampp\\htdocs...')
#6 {main}
CRITICAL - 2022-03-14 05:43:02 --> Undefined variable: title
#0 C:\xampp\htdocs\tokobuku\app\Views\layout\template.php(9): CodeIgniter\Debug\Exceptions->errorHandler(8, 'Undefined varia...', 'C:\\xampp\\htdocs...', 9, Array)
#1 C:\xampp\htdocs\tokobuku\system\View\View.php(210): include('C:\\xampp\\htdocs...')
#2 C:\xampp\htdocs\tokobuku\system\View\View.php(213): CodeIgniter\View\View->CodeIgniter\View\{closure}()
#3 C:\xampp\htdocs\tokobuku\system\View\View.php(226): CodeIgniter\View\View->render('layout/template', Array, true)
#4 C:\xampp\htdocs\tokobuku\system\Common.php(1089): CodeIgniter\View\View->render('container/tugas...', Array, true)
#5 C:\xampp\htdocs\tokobuku\app\Controllers\contain.php(15): view('container/tugas...')
#6 C:\xampp\htdocs\tokobuku\system\CodeIgniter.php(832): App\Controllers\contain->index()
#7 C:\xampp\htdocs\tokobuku\system\CodeIgniter.php(419): CodeIgniter\CodeIgniter->runController(Object(App\Controllers\contain))
#8 C:\xampp\htdocs\tokobuku\system\CodeIgniter.php(326): CodeIgniter\CodeIgniter->handleRequest(NULL, Object(Config\Cache), false)
#9 C:\xampp\htdocs\tokobuku\public\index.php(37): CodeIgniter\CodeIgniter->run()
#10 C:\xampp\htdocs\tokobuku\system\Commands\Server\rewrite.php(43): require_once('C:\\xampp\\htdocs...')
#11 {main}
ERROR - 2022-03-14 20:51:30 --> Table 'master.book' doesn't exist
CRITICAL - 2022-03-14 20:51:30 --> Table 'master.book' doesn't exist
#0 C:\xampp\htdocs\tokobuku\system\Database\MySQLi\Connection.php(292): mysqli->query('SELECT *\nFROM `...', 0)
#1 C:\xampp\htdocs\tokobuku\system\Database\BaseConnection.php(670): CodeIgniter\Database\MySQLi\Connection->execute('SELECT *\nFROM `...')
#2 C:\xampp\htdocs\tokobuku\system\Database\BaseConnection.php(598): CodeIgniter\Database\BaseConnection->simpleQuery('SELECT *\nFROM `...')
#3 C:\xampp\htdocs\tokobuku\system\Database\BaseBuilder.php(1455): CodeIgniter\Database\BaseConnection->query('SELECT *\nFROM `...', Array, false)
#4 C:\xampp\htdocs\tokobuku\system\Model.php(728): CodeIgniter\Database\BaseBuilder->get()
#5 C:\xampp\htdocs\tokobuku\app\Models\BookModel.php(27): CodeIgniter\Model->__call('get', Array)
#6 C:\xampp\htdocs\tokobuku\app\Controllers\Book.php(27): App\Models\BookModel->getBook()
#7 C:\xampp\htdocs\tokobuku\system\CodeIgniter.php(832): App\Controllers\Book->index()
#8 C:\xampp\htdocs\tokobuku\system\CodeIgniter.php(419): CodeIgniter\CodeIgniter->runController(Object(App\Controllers\Book))
#9 C:\xampp\htdocs\tokobuku\system\CodeIgniter.php(326): CodeIgniter\CodeIgniter->handleRequest(NULL, Object(Config\Cache), false)
#10 C:\xampp\htdocs\tokobuku\public\index.php(37): CodeIgniter\CodeIgniter->run()
#11 C:\xampp\htdocs\tokobuku\system\Commands\Server\rewrite.php(43): require_once('C:\\xampp\\htdocs...')
#12 {main}
ERROR - 2022-03-14 20:53:06 --> Unknown column 'deleted_at' in 'where clause'
CRITICAL - 2022-03-14 20:53:06 --> Unknown column 'deleted_at' in 'where clause'
#0 C:\xampp\htdocs\tokobuku\system\Database\MySQLi\Connection.php(292): mysqli->query('SELECT *\nFROM `...', 0)
#1 C:\xampp\htdocs\tokobuku\system\Database\BaseConnection.php(670): CodeIgniter\Database\MySQLi\Connection->execute('SELECT *\nFROM `...')
#2 C:\xampp\htdocs\tokobuku\system\Database\BaseConnection.php(598): CodeIgniter\Database\BaseConnection->simpleQuery('SELECT *\nFROM `...')
#3 C:\xampp\htdocs\tokobuku\system\Database\BaseBuilder.php(1455): CodeIgniter\Database\BaseConnection->query('SELECT *\nFROM `...', Array, false)
#4 C:\xampp\htdocs\tokobuku\system\Model.php(728): CodeIgniter\Database\BaseBuilder->get()
#5 C:\xampp\htdocs\tokobuku\app\Models\MajalahModel.php(27): CodeIgniter\Model->__call('get', Array)
#6 C:\xampp\htdocs\tokobuku\app\Controllers\Majalah.php(27): App\Models\MajalahModel->getmajalah()
#7 C:\xampp\htdocs\tokobuku\system\CodeIgniter.php(832): App\Controllers\Majalah->index()
#8 C:\xampp\htdocs\tokobuku\system\CodeIgniter.php(419): CodeIgniter\CodeIgniter->runController(Object(App\Controllers\Majalah))
#9 C:\xampp\htdocs\tokobuku\system\CodeIgniter.php(326): CodeIgniter\CodeIgniter->handleRequest(NULL, Object(Config\Cache), false)
#10 C:\xampp\htdocs\tokobuku\public\index.php(37): CodeIgniter\CodeIgniter->run()
#11 C:\xampp\htdocs\tokobuku\system\Commands\Server\rewrite.php(43): require_once('C:\\xampp\\htdocs...')
#12 {main}
ERROR - 2022-03-14 20:54:17 --> Unknown column 'deleted_at' in 'where clause'
CRITICAL - 2022-03-14 20:54:17 --> Unknown column 'deleted_at' in 'where clause'
#0 C:\xampp\htdocs\tokobuku\system\Database\MySQLi\Connection.php(292): mysqli->query('SELECT *\nFROM `...', 0)
#1 C:\xampp\htdocs\tokobuku\system\Database\BaseConnection.php(670): CodeIgniter\Database\MySQLi\Connection->execute('SELECT *\nFROM `...')
#2 C:\xampp\htdocs\tokobuku\system\Database\BaseConnection.php(598): CodeIgniter\Database\BaseConnection->simpleQuery('SELECT *\nFROM `...')
#3 C:\xampp\htdocs\tokobuku\system\Database\BaseBuilder.php(1455): CodeIgniter\Database\BaseConnection->query('SELECT *\nFROM `...', Array, false)
#4 C:\xampp\htdocs\tokobuku\system\Model.php(728): CodeIgniter\Database\BaseBuilder->get()
#5 C:\xampp\htdocs\tokobuku\app\Models\MajalahModel.php(27): CodeIgniter\Model->__call('get', Array)
#6 C:\xampp\htdocs\tokobuku\app\Controllers\Majalah.php(27): App\Models\MajalahModel->getmajalah()
#7 C:\xampp\htdocs\tokobuku\system\CodeIgniter.php(832): App\Controllers\Majalah->index()
#8 C:\xampp\htdocs\tokobuku\system\CodeIgniter.php(419): CodeIgniter\CodeIgniter->runController(Object(App\Controllers\Majalah))
#9 C:\xampp\htdocs\tokobuku\system\CodeIgniter.php(326): CodeIgniter\CodeIgniter->handleRequest(NULL, Object(Config\Cache), false)
#10 C:\xampp\htdocs\tokobuku\public\index.php(37): CodeIgniter\CodeIgniter->run()
#11 C:\xampp\htdocs\tokobuku\system\Commands\Server\rewrite.php(43): require_once('C:\\xampp\\htdocs...')
#12 {main}
ERROR - 2022-03-14 20:54:41 --> Unknown column 'deleted_at' in 'where clause'
CRITICAL - 2022-03-14 20:54:41 --> Unknown column 'deleted_at' in 'where clause'
#0 C:\xampp\htdocs\tokobuku\system\Database\MySQLi\Connection.php(292): mysqli->query('SELECT *\nFROM `...', 0)
#1 C:\xampp\htdocs\tokobuku\system\Database\BaseConnection.php(670): CodeIgniter\Database\MySQLi\Connection->execute('SELECT *\nFROM `...')
#2 C:\xampp\htdocs\tokobuku\system\Database\BaseConnection.php(598): CodeIgniter\Database\BaseConnection->simpleQuery('SELECT *\nFROM `...')
#3 C:\xampp\htdocs\tokobuku\system\Database\BaseBuilder.php(1455): CodeIgniter\Database\BaseConnection->query('SELECT *\nFROM `...', Array, false)
#4 C:\xampp\htdocs\tokobuku\system\Model.php(728): CodeIgniter\Database\BaseBuilder->get()
#5 C:\xampp\htdocs\tokobuku\app\Models\MajalahModel.php(27): CodeIgniter\Model->__call('get', Array)
#6 C:\xampp\htdocs\tokobuku\app\Controllers\Majalah.php(27): App\Models\MajalahModel->getmajalah()
#7 C:\xampp\htdocs\tokobuku\system\CodeIgniter.php(832): App\Controllers\Majalah->index()
#8 C:\xampp\htdocs\tokobuku\system\CodeIgniter.php(419): CodeIgniter\CodeIgniter->runController(Object(App\Controllers\Majalah))
#9 C:\xampp\htdocs\tokobuku\system\CodeIgniter.php(326): CodeIgniter\CodeIgniter->handleRequest(NULL, Object(Config\Cache), false)
#10 C:\xampp\htdocs\tokobuku\public\index.php(37): CodeIgniter\CodeIgniter->run()
#11 C:\xampp\htdocs\tokobuku\system\Commands\Server\rewrite.php(43): require_once('C:\\xampp\\htdocs...')
#12 {main}
ERROR - 2022-03-14 20:55:44 --> Table 'master.book' doesn't exist
CRITICAL - 2022-03-14 20:55:44 --> Table 'master.book' doesn't exist
#0 C:\xampp\htdocs\tokobuku\system\Database\MySQLi\Connection.php(292): mysqli->query('SELECT *\nFROM `...', 0)
#1 C:\xampp\htdocs\tokobuku\system\Database\BaseConnection.php(670): CodeIgniter\Database\MySQLi\Connection->execute('SELECT *\nFROM `...')
#2 C:\xampp\htdocs\tokobuku\system\Database\BaseConnection.php(598): CodeIgniter\Database\BaseConnection->simpleQuery('SELECT *\nFROM `...')
#3 C:\xampp\htdocs\tokobuku\system\Database\BaseBuilder.php(1455): CodeIgniter\Database\BaseConnection->query('SELECT *\nFROM `...', Array, false)
#4 C:\xampp\htdocs\tokobuku\system\Model.php(728): CodeIgniter\Database\BaseBuilder->get()
#5 C:\xampp\htdocs\tokobuku\app\Models\BookModel.php(27): CodeIgniter\Model->__call('get', Array)
#6 C:\xampp\htdocs\tokobuku\app\Controllers\Book.php(27): App\Models\BookModel->getBook()
#7 C:\xampp\htdocs\tokobuku\system\CodeIgniter.php(832): App\Controllers\Book->index()
#8 C:\xampp\htdocs\tokobuku\system\CodeIgniter.php(419): CodeIgniter\CodeIgniter->runController(Object(App\Controllers\Book))
#9 C:\xampp\htdocs\tokobuku\system\CodeIgniter.php(326): CodeIgniter\CodeIgniter->handleRequest(NULL, Object(Config\Cache), false)
#10 C:\xampp\htdocs\tokobuku\public\index.php(37): CodeIgniter\CodeIgniter->run()
#11 C:\xampp\htdocs\tokobuku\system\Commands\Server\rewrite.php(43): require_once('C:\\xampp\\htdocs...')
#12 {main}
ERROR - 2022-03-14 20:55:51 --> Unknown column 'deleted_at' in 'where clause'
CRITICAL - 2022-03-14 20:55:51 --> Unknown column 'deleted_at' in 'where clause'
#0 C:\xampp\htdocs\tokobuku\system\Database\MySQLi\Connection.php(292): mysqli->query('SELECT *\nFROM `...', 0)
#1 C:\xampp\htdocs\tokobuku\system\Database\BaseConnection.php(670): CodeIgniter\Database\MySQLi\Connection->execute('SELECT *\nFROM `...')
#2 C:\xampp\htdocs\tokobuku\system\Database\BaseConnection.php(598): CodeIgniter\Database\BaseConnection->simpleQuery('SELECT *\nFROM `...')
#3 C:\xampp\htdocs\tokobuku\system\Database\BaseBuilder.php(1455): CodeIgniter\Database\BaseConnection->query('SELECT *\nFROM `...', Array, false)
#4 C:\xampp\htdocs\tokobuku\system\Model.php(728): CodeIgniter\Database\BaseBuilder->get()
#5 C:\xampp\htdocs\tokobuku\app\Models\MajalahModel.php(27): CodeIgniter\Model->__call('get', Array)
#6 C:\xampp\htdocs\tokobuku\app\Controllers\Majalah.php(27): App\Models\MajalahModel->getmajalah()
#7 C:\xampp\htdocs\tokobuku\system\CodeIgniter.php(832): App\Controllers\Majalah->index()
#8 C:\xampp\htdocs\tokobuku\system\CodeIgniter.php(419): CodeIgniter\CodeIgniter->runController(Object(App\Controllers\Majalah))
#9 C:\xampp\htdocs\tokobuku\system\CodeIgniter.php(326): CodeIgniter\CodeIgniter->handleRequest(NULL, Object(Config\Cache), false)
#10 C:\xampp\htdocs\tokobuku\public\index.php(37): CodeIgniter\CodeIgniter->run()
#11 C:\xampp\htdocs\tokobuku\system\Commands\Server\rewrite.php(43): require_once('C:\\xampp\\htdocs...')
#12 {main}
ERROR - 2022-03-14 20:56:55 --> Unknown column 'deleted_at' in 'where clause'
CRITICAL - 2022-03-14 20:56:55 --> Unknown column 'deleted_at' in 'where clause'
#0 C:\xampp\htdocs\tokobuku\system\Database\MySQLi\Connection.php(292): mysqli->query('SELECT *\nFROM `...', 0)
#1 C:\xampp\htdocs\tokobuku\system\Database\BaseConnection.php(670): CodeIgniter\Database\MySQLi\Connection->execute('SELECT *\nFROM `...')
#2 C:\xampp\htdocs\tokobuku\system\Database\BaseConnection.php(598): CodeIgniter\Database\BaseConnection->simpleQuery('SELECT *\nFROM `...')
#3 C:\xampp\htdocs\tokobuku\system\Database\BaseBuilder.php(1455): CodeIgniter\Database\BaseConnection->query('SELECT *\nFROM `...', Array, false)
#4 C:\xampp\htdocs\tokobuku\system\Model.php(728): CodeIgniter\Database\BaseBuilder->get()
#5 C:\xampp\htdocs\tokobuku\app\Models\MajalahModel.php(27): CodeIgniter\Model->__call('get', Array)
#6 C:\xampp\htdocs\tokobuku\app\Controllers\Majalah.php(27): App\Models\MajalahModel->getmajalah()
#7 C:\xampp\htdocs\tokobuku\system\CodeIgniter.php(832): App\Controllers\Majalah->index()
#8 C:\xampp\htdocs\tokobuku\system\CodeIgniter.php(419): CodeIgniter\CodeIgniter->runController(Object(App\Controllers\Majalah))
#9 C:\xampp\htdocs\tokobuku\system\CodeIgniter.php(326): CodeIgniter\CodeIgniter->handleRequest(NULL, Object(Config\Cache), false)
#10 C:\xampp\htdocs\tokobuku\public\index.php(37): CodeIgniter\CodeIgniter->run()
#11 C:\xampp\htdocs\tokobuku\system\Commands\Server\rewrite.php(43): require_once('C:\\xampp\\htdocs...')
#12 {main}
ERROR - 2022-03-14 20:56:55 --> Unknown column 'deleted_at' in 'where clause'
CRITICAL - 2022-03-14 20:56:55 --> Unknown column 'deleted_at' in 'where clause'
#0 C:\xampp\htdocs\tokobuku\system\Database\MySQLi\Connection.php(292): mysqli->query('SELECT *\nFROM `...', 0)
#1 C:\xampp\htdocs\tokobuku\system\Database\BaseConnection.php(670): CodeIgniter\Database\MySQLi\Connection->execute('SELECT *\nFROM `...')
#2 C:\xampp\htdocs\tokobuku\system\Database\BaseConnection.php(598): CodeIgniter\Database\BaseConnection->simpleQuery('SELECT *\nFROM `...')
#3 C:\xampp\htdocs\tokobuku\system\Database\BaseBuilder.php(1455): CodeIgniter\Database\BaseConnection->query('SELECT *\nFROM `...', Array, false)
#4 C:\xampp\htdocs\tokobuku\system\Model.php(728): CodeIgniter\Database\BaseBuilder->get()
#5 C:\xampp\htdocs\tokobuku\app\Models\MajalahModel.php(27): CodeIgniter\Model->__call('get', Array)
#6 C:\xampp\htdocs\tokobuku\app\Controllers\Majalah.php(27): App\Models\MajalahModel->getmajalah()
#7 C:\xampp\htdocs\tokobuku\system\CodeIgniter.php(832): App\Controllers\Majalah->index()
#8 C:\xampp\htdocs\tokobuku\system\CodeIgniter.php(419): CodeIgniter\CodeIgniter->runController(Object(App\Controllers\Majalah))
#9 C:\xampp\htdocs\tokobuku\system\CodeIgniter.php(326): CodeIgniter\CodeIgniter->handleRequest(NULL, Object(Config\Cache), false)
#10 C:\xampp\htdocs\tokobuku\public\index.php(37): CodeIgniter\CodeIgniter->run()
#11 C:\xampp\htdocs\tokobuku\system\Commands\Server\rewrite.php(43): require_once('C:\\xampp\\htdocs...')
#12 {main}
ERROR - 2022-03-14 20:56:58 --> Unknown column 'deleted_at' in 'where clause'
CRITICAL - 2022-03-14 20:56:58 --> Unknown column 'deleted_at' in 'where clause'
#0 C:\xampp\htdocs\tokobuku\system\Database\MySQLi\Connection.php(292): mysqli->query('SELECT *\nFROM `...', 0)
#1 C:\xampp\htdocs\tokobuku\system\Database\BaseConnection.php(670): CodeIgniter\Database\MySQLi\Connection->execute('SELECT *\nFROM `...')
#2 C:\xampp\htdocs\tokobuku\system\Database\BaseConnection.php(598): CodeIgniter\Database\BaseConnection->simpleQuery('SELECT *\nFROM `...')
#3 C:\xampp\htdocs\tokobuku\system\Database\BaseBuilder.php(1455): CodeIgniter\Database\BaseConnection->query('SELECT *\nFROM `...', Array, false)
#4 C:\xampp\htdocs\tokobuku\system\Model.php(728): CodeIgniter\Database\BaseBuilder->get()
#5 C:\xampp\htdocs\tokobuku\app\Models\MajalahModel.php(27): CodeIgniter\Model->__call('get', Array)
#6 C:\xampp\htdocs\tokobuku\app\Controllers\Majalah.php(27): App\Models\MajalahModel->getmajalah()
#7 C:\xampp\htdocs\tokobuku\system\CodeIgniter.php(832): App\Controllers\Majalah->index()
#8 C:\xampp\htdocs\tokobuku\system\CodeIgniter.php(419): CodeIgniter\CodeIgniter->runController(Object(App\Controllers\Majalah))
#9 C:\xampp\htdocs\tokobuku\system\CodeIgniter.php(326): CodeIgniter\CodeIgniter->handleRequest(NULL, Object(Config\Cache), false)
#10 C:\xampp\htdocs\tokobuku\public\index.php(37): CodeIgniter\CodeIgniter->run()
#11 C:\xampp\htdocs\tokobuku\system\Commands\Server\rewrite.php(43): require_once('C:\\xampp\\htdocs...')
#12 {main}
ERROR - 2022-03-14 20:57:54 --> Unknown column 'deleted_at' in 'where clause'
CRITICAL - 2022-03-14 20:57:54 --> Unknown column 'deleted_at' in 'where clause'
#0 C:\xampp\htdocs\tokobuku\system\Database\MySQLi\Connection.php(292): mysqli->query('SELECT *\nFROM `...', 0)
#1 C:\xampp\htdocs\tokobuku\system\Database\BaseConnection.php(670): CodeIgniter\Database\MySQLi\Connection->execute('SELECT *\nFROM `...')
#2 C:\xampp\htdocs\tokobuku\system\Database\BaseConnection.php(598): CodeIgniter\Database\BaseConnection->simpleQuery('SELECT *\nFROM `...')
#3 C:\xampp\htdocs\tokobuku\system\Database\BaseBuilder.php(1455): CodeIgniter\Database\BaseConnection->query('SELECT *\nFROM `...', Array, false)
#4 C:\xampp\htdocs\tokobuku\system\Model.php(728): CodeIgniter\Database\BaseBuilder->get()
#5 C:\xampp\htdocs\tokobuku\app\Models\MajalahModel.php(27): CodeIgniter\Model->__call('get', Array)
#6 C:\xampp\htdocs\tokobuku\app\Controllers\Majalah.php(27): App\Models\MajalahModel->getmajalah()
#7 C:\xampp\htdocs\tokobuku\system\CodeIgniter.php(832): App\Controllers\Majalah->index()
#8 C:\xampp\htdocs\tokobuku\system\CodeIgniter.php(419): CodeIgniter\CodeIgniter->runController(Object(App\Controllers\Majalah))
#9 C:\xampp\htdocs\tokobuku\system\CodeIgniter.php(326): CodeIgniter\CodeIgniter->handleRequest(NULL, Object(Config\Cache), false)
#10 C:\xampp\htdocs\tokobuku\public\index.php(37): CodeIgniter\CodeIgniter->run()
#11 C:\xampp\htdocs\tokobuku\system\Commands\Server\rewrite.php(43): require_once('C:\\xampp\\htdocs...')
#12 {main}
CRITICAL - 2022-03-14 21:08:12 --> Undefined variable: title
#0 C:\xampp\htdocs\tokobuku\app\Views\majalah\index.php(21): CodeIgniter\Debug\Exceptions->errorHandler(8, 'Undefined varia...', 'C:\\xampp\\htdocs...', 21, Array)
#1 C:\xampp\htdocs\tokobuku\system\View\View.php(210): include('C:\\xampp\\htdocs...')
#2 C:\xampp\htdocs\tokobuku\system\View\View.php(213): CodeIgniter\View\View->CodeIgniter\View\{closure}()
#3 C:\xampp\htdocs\tokobuku\system\Common.php(1089): CodeIgniter\View\View->render('majalah/index', Array, true)
#4 C:\xampp\htdocs\tokobuku\app\Controllers\Majalah.php(33): view('majalah/index', Array)
#5 C:\xampp\htdocs\tokobuku\system\CodeIgniter.php(832): App\Controllers\Majalah->index()
#6 C:\xampp\htdocs\tokobuku\system\CodeIgniter.php(419): CodeIgniter\CodeIgniter->runController(Object(App\Controllers\Majalah))
#7 C:\xampp\htdocs\tokobuku\system\CodeIgniter.php(326): CodeIgniter\CodeIgniter->handleRequest(NULL, Object(Config\Cache), false)
#8 C:\xampp\htdocs\tokobuku\public\index.php(37): CodeIgniter\CodeIgniter->run()
#9 C:\xampp\htdocs\tokobuku\system\Commands\Server\rewrite.php(43): require_once('C:\\xampp\\htdocs...')
#10 {main}
CRITICAL - 2022-03-14 21:08:15 --> Undefined variable: title
#0 C:\xampp\htdocs\tokobuku\app\Views\majalah\index.php(21): CodeIgniter\Debug\Exceptions->errorHandler(8, 'Undefined varia...', 'C:\\xampp\\htdocs...', 21, Array)
#1 C:\xampp\htdocs\tokobuku\system\View\View.php(210): include('C:\\xampp\\htdocs...')
#2 C:\xampp\htdocs\tokobuku\system\View\View.php(213): CodeIgniter\View\View->CodeIgniter\View\{closure}()
#3 C:\xampp\htdocs\tokobuku\system\Common.php(1089): CodeIgniter\View\View->render('majalah/index', Array, true)
#4 C:\xampp\htdocs\tokobuku\app\Controllers\Majalah.php(33): view('majalah/index', Array)
#5 C:\xampp\htdocs\tokobuku\system\CodeIgniter.php(832): App\Controllers\Majalah->index()
#6 C:\xampp\htdocs\tokobuku\system\CodeIgniter.php(419): CodeIgniter\CodeIgniter->runController(Object(App\Controllers\Majalah))
#7 C:\xampp\htdocs\tokobuku\system\CodeIgniter.php(326): CodeIgniter\CodeIgniter->handleRequest(NULL, Object(Config\Cache), false)
#8 C:\xampp\htdocs\tokobuku\public\index.php(37): CodeIgniter\CodeIgniter->run()
#9 C:\xampp\htdocs\tokobuku\system\Commands\Server\rewrite.php(43): require_once('C:\\xampp\\htdocs...')
#10 {main}
CRITICAL - 2022-03-14 21:08:42 --> Undefined variable: title
#0 C:\xampp\htdocs\tokobuku\app\Views\majalah\index.php(21): CodeIgniter\Debug\Exceptions->errorHandler(8, 'Undefined varia...', 'C:\\xampp\\htdocs...', 21, Array)
#1 C:\xampp\htdocs\tokobuku\system\View\View.php(210): include('C:\\xampp\\htdocs...')
#2 C:\xampp\htdocs\tokobuku\system\View\View.php(213): CodeIgniter\View\View->CodeIgniter\View\{closure}()
#3 C:\xampp\htdocs\tokobuku\system\Common.php(1089): CodeIgniter\View\View->render('majalah/index', Array, true)
#4 C:\xampp\htdocs\tokobuku\app\Controllers\Majalah.php(33): view('majalah/index', Array)
#5 C:\xampp\htdocs\tokobuku\system\CodeIgniter.php(832): App\Controllers\Majalah->index()
#6 C:\xampp\htdocs\tokobuku\system\CodeIgniter.php(419): CodeIgniter\CodeIgniter->runController(Object(App\Controllers\Majalah))
#7 C:\xampp\htdocs\tokobuku\system\CodeIgniter.php(326): CodeIgniter\CodeIgniter->handleRequest(NULL, Object(Config\Cache), false)
#8 C:\xampp\htdocs\tokobuku\public\index.php(37): CodeIgniter\CodeIgniter->run()
#9 C:\xampp\htdocs\tokobuku\system\Commands\Server\rewrite.php(43): require_once('C:\\xampp\\htdocs...')
#10 {main}
CRITICAL - 2022-03-14 21:08:43 --> Undefined variable: title
#0 C:\xampp\htdocs\tokobuku\app\Views\majalah\index.php(21): CodeIgniter\Debug\Exceptions->errorHandler(8, 'Undefined varia...', 'C:\\xampp\\htdocs...', 21, Array)
#1 C:\xampp\htdocs\tokobuku\system\View\View.php(210): include('C:\\xampp\\htdocs...')
#2 C:\xampp\htdocs\tokobuku\system\View\View.php(213): CodeIgniter\View\View->CodeIgniter\View\{closure}()
#3 C:\xampp\htdocs\tokobuku\system\Common.php(1089): CodeIgniter\View\View->render('majalah/index', Array, true)
#4 C:\xampp\htdocs\tokobuku\app\Controllers\Majalah.php(33): view('majalah/index', Array)
#5 C:\xampp\htdocs\tokobuku\system\CodeIgniter.php(832): App\Controllers\Majalah->index()
#6 C:\xampp\htdocs\tokobuku\system\CodeIgniter.php(419): CodeIgniter\CodeIgniter->runController(Object(App\Controllers\Majalah))
#7 C:\xampp\htdocs\tokobuku\system\CodeIgniter.php(326): CodeIgniter\CodeIgniter->handleRequest(NULL, Object(Config\Cache), false)
#8 C:\xampp\htdocs\tokobuku\public\index.php(37): CodeIgniter\CodeIgniter->run()
#9 C:\xampp\htdocs\tokobuku\system\Commands\Server\rewrite.php(43): require_once('C:\\xampp\\htdocs...')
#10 {main}
ERROR - 2022-03-14 21:08:45 --> Table 'master.book' doesn't exist
CRITICAL - 2022-03-14 21:08:45 --> Table 'master.book' doesn't exist
#0 C:\xampp\htdocs\tokobuku\system\Database\MySQLi\Connection.php(292): mysqli->query('SELECT *\nFROM `...', 0)
#1 C:\xampp\htdocs\tokobuku\system\Database\BaseConnection.php(670): CodeIgniter\Database\MySQLi\Connection->execute('SELECT *\nFROM `...')
#2 C:\xampp\htdocs\tokobuku\system\Database\BaseConnection.php(598): CodeIgniter\Database\BaseConnection->simpleQuery('SELECT *\nFROM `...')
#3 C:\xampp\htdocs\tokobuku\system\Database\BaseBuilder.php(1455): CodeIgniter\Database\BaseConnection->query('SELECT *\nFROM `...', Array, false)
#4 C:\xampp\htdocs\tokobuku\system\Model.php(728): CodeIgniter\Database\BaseBuilder->get()
#5 C:\xampp\htdocs\tokobuku\app\Models\BookModel.php(27): CodeIgniter\Model->__call('get', Array)
#6 C:\xampp\htdocs\tokobuku\app\Controllers\Book.php(27): App\Models\BookModel->getBook()
#7 C:\xampp\htdocs\tokobuku\system\CodeIgniter.php(832): App\Controllers\Book->index()
#8 C:\xampp\htdocs\tokobuku\system\CodeIgniter.php(419): CodeIgniter\CodeIgniter->runController(Object(App\Controllers\Book))
#9 C:\xampp\htdocs\tokobuku\system\CodeIgniter.php(326): CodeIgniter\CodeIgniter->handleRequest(NULL, Object(Config\Cache), false)
#10 C:\xampp\htdocs\tokobuku\public\index.php(37): CodeIgniter\CodeIgniter->run()
#11 C:\xampp\htdocs\tokobuku\system\Commands\Server\rewrite.php(43): require_once('C:\\xampp\\htdocs...')
#12 {main}
CRITICAL - 2022-03-14 21:08:50 --> Undefined variable: title
#0 C:\xampp\htdocs\tokobuku\app\Views\majalah\index.php(21): CodeIgniter\Debug\Exceptions->errorHandler(8, 'Undefined varia...', 'C:\\xampp\\htdocs...', 21, Array)
#1 C:\xampp\htdocs\tokobuku\system\View\View.php(210): include('C:\\xampp\\htdocs...')
#2 C:\xampp\htdocs\tokobuku\system\View\View.php(213): CodeIgniter\View\View->CodeIgniter\View\{closure}()
#3 C:\xampp\htdocs\tokobuku\system\Common.php(1089): CodeIgniter\View\View->render('majalah/index', Array, true)
#4 C:\xampp\htdocs\tokobuku\app\Controllers\Majalah.php(33): view('majalah/index', Array)
#5 C:\xampp\htdocs\tokobuku\system\CodeIgniter.php(832): App\Controllers\Majalah->index()
#6 C:\xampp\htdocs\tokobuku\system\CodeIgniter.php(419): CodeIgniter\CodeIgniter->runController(Object(App\Controllers\Majalah))
#7 C:\xampp\htdocs\tokobuku\system\CodeIgniter.php(326): CodeIgniter\CodeIgniter->handleRequest(NULL, Object(Config\Cache), false)
#8 C:\xampp\htdocs\tokobuku\public\index.php(37): CodeIgniter\CodeIgniter->run()
#9 C:\xampp\htdocs\tokobuku\system\Commands\Server\rewrite.php(43): require_once('C:\\xampp\\htdocs...')
#10 {main}
CRITICAL - 2022-03-14 21:17:40 --> Undefined variable: title
#0 C:\xampp\htdocs\tokobuku\app\Views\majalah\create.php(15): CodeIgniter\Debug\Exceptions->errorHandler(8, 'Undefined varia...', 'C:\\xampp\\htdocs...', 15, Array)
#1 C:\xampp\htdocs\tokobuku\system\View\View.php(210): include('C:\\xampp\\htdocs...')
#2 C:\xampp\htdocs\tokobuku\system\View\View.php(213): CodeIgniter\View\View->CodeIgniter\View\{closure}()
#3 C:\xampp\htdocs\tokobuku\system\Common.php(1089): CodeIgniter\View\View->render('majalah/create', Array, true)
#4 C:\xampp\htdocs\tokobuku\app\Controllers\Majalah.php(53): view('majalah/create', Array)
#5 C:\xampp\htdocs\tokobuku\system\CodeIgniter.php(832): App\Controllers\Majalah->create()
#6 C:\xampp\htdocs\tokobuku\system\CodeIgniter.php(419): CodeIgniter\CodeIgniter->runController(Object(App\Controllers\Majalah))
#7 C:\xampp\htdocs\tokobuku\system\CodeIgniter.php(326): CodeIgniter\CodeIgniter->handleRequest(NULL, Object(Config\Cache), false)
#8 C:\xampp\htdocs\tokobuku\public\index.php(37): CodeIgniter\CodeIgniter->run()
#9 C:\xampp\htdocs\tokobuku\system\Commands\Server\rewrite.php(43): require_once('C:\\xampp\\htdocs...')
#10 {main}
CRITICAL - 2022-03-14 21:18:01 --> Undefined variable: title
#0 C:\xampp\htdocs\tokobuku\app\Views\layout\template.php(9): CodeIgniter\Debug\Exceptions->errorHandler(8, 'Undefined varia...', 'C:\\xampp\\htdocs...', 9, Array)
#1 C:\xampp\htdocs\tokobuku\system\View\View.php(210): include('C:\\xampp\\htdocs...')
#2 C:\xampp\htdocs\tokobuku\system\View\View.php(213): CodeIgniter\View\View->CodeIgniter\View\{closure}()
#3 C:\xampp\htdocs\tokobuku\system\View\View.php(226): CodeIgniter\View\View->render('layout/template', Array, true)
#4 C:\xampp\htdocs\tokobuku\system\Common.php(1089): CodeIgniter\View\View->render('majalah/create', Array, true)
#5 C:\xampp\htdocs\tokobuku\app\Controllers\Majalah.php(53): view('majalah/create', Array)
#6 C:\xampp\htdocs\tokobuku\system\CodeIgniter.php(832): App\Controllers\Majalah->create()
#7 C:\xampp\htdocs\tokobuku\system\CodeIgniter.php(419): CodeIgniter\CodeIgniter->runController(Object(App\Controllers\Majalah))
#8 C:\xampp\htdocs\tokobuku\system\CodeIgniter.php(326): CodeIgniter\CodeIgniter->handleRequest(NULL, Object(Config\Cache), false)
#9 C:\xampp\htdocs\tokobuku\public\index.php(37): CodeIgniter\CodeIgniter->run()
#10 C:\xampp\htdocs\tokobuku\system\Commands\Server\rewrite.php(43): require_once('C:\\xampp\\htdocs...')
#11 {main}
CRITICAL - 2022-03-14 21:18:03 --> Undefined variable: title
#0 C:\xampp\htdocs\tokobuku\app\Views\layout\template.php(9): CodeIgniter\Debug\Exceptions->errorHandler(8, 'Undefined varia...', 'C:\\xampp\\htdocs...', 9, Array)
#1 C:\xampp\htdocs\tokobuku\system\View\View.php(210): include('C:\\xampp\\htdocs...')
#2 C:\xampp\htdocs\tokobuku\system\View\View.php(213): CodeIgniter\View\View->CodeIgniter\View\{closure}()
#3 C:\xampp\htdocs\tokobuku\system\View\View.php(226): CodeIgniter\View\View->render('layout/template', Array, true)
#4 C:\xampp\htdocs\tokobuku\system\Common.php(1089): CodeIgniter\View\View->render('majalah/create', Array, true)
#5 C:\xampp\htdocs\tokobuku\app\Controllers\Majalah.php(53): view('majalah/create', Array)
#6 C:\xampp\htdocs\tokobuku\system\CodeIgniter.php(832): App\Controllers\Majalah->create()
#7 C:\xampp\htdocs\tokobuku\system\CodeIgniter.php(419): CodeIgniter\CodeIgniter->runController(Object(App\Controllers\Majalah))
#8 C:\xampp\htdocs\tokobuku\system\CodeIgniter.php(326): CodeIgniter\CodeIgniter->handleRequest(NULL, Object(Config\Cache), false)
#9 C:\xampp\htdocs\tokobuku\public\index.php(37): CodeIgniter\CodeIgniter->run()
#10 C:\xampp\htdocs\tokobuku\system\Commands\Server\rewrite.php(43): require_once('C:\\xampp\\htdocs...')
#11 {main}
CRITICAL - 2022-03-14 21:18:07 --> Undefined variable: title
#0 C:\xampp\htdocs\tokobuku\app\Views\layout\template.php(9): CodeIgniter\Debug\Exceptions->errorHandler(8, 'Undefined varia...', 'C:\\xampp\\htdocs...', 9, Array)
#1 C:\xampp\htdocs\tokobuku\system\View\View.php(210): include('C:\\xampp\\htdocs...')
#2 C:\xampp\htdocs\tokobuku\system\View\View.php(213): CodeIgniter\View\View->CodeIgniter\View\{closure}()
#3 C:\xampp\htdocs\tokobuku\system\View\View.php(226): CodeIgniter\View\View->render('layout/template', Array, true)
#4 C:\xampp\htdocs\tokobuku\system\Common.php(1089): CodeIgniter\View\View->render('majalah/create', Array, true)
#5 C:\xampp\htdocs\tokobuku\app\Controllers\Majalah.php(53): view('majalah/create', Array)
#6 C:\xampp\htdocs\tokobuku\system\CodeIgniter.php(832): App\Controllers\Majalah->create()
#7 C:\xampp\htdocs\tokobuku\system\CodeIgniter.php(419): CodeIgniter\CodeIgniter->runController(Object(App\Controllers\Majalah))
#8 C:\xampp\htdocs\tokobuku\system\CodeIgniter.php(326): CodeIgniter\CodeIgniter->handleRequest(NULL, Object(Config\Cache), false)
#9 C:\xampp\htdocs\tokobuku\public\index.php(37): CodeIgniter\CodeIgniter->run()
#10 C:\xampp\htdocs\tokobuku\system\Commands\Server\rewrite.php(43): require_once('C:\\xampp\\htdocs...')
#11 {main}
CRITICAL - 2022-03-14 21:18:15 --> Undefined variable: title
#0 C:\xampp\htdocs\tokobuku\app\Views\majalah\create.php(15): CodeIgniter\Debug\Exceptions->errorHandler(8, 'Undefined varia...', 'C:\\xampp\\htdocs...', 15, Array)
#1 C:\xampp\htdocs\tokobuku\system\View\View.php(210): include('C:\\xampp\\htdocs...')
#2 C:\xampp\htdocs\tokobuku\system\View\View.php(213): CodeIgniter\View\View->CodeIgniter\View\{closure}()
#3 C:\xampp\htdocs\tokobuku\system\Common.php(1089): CodeIgniter\View\View->render('majalah/create', Array, true)
#4 C:\xampp\htdocs\tokobuku\app\Controllers\Majalah.php(53): view('majalah/create', Array)
#5 C:\xampp\htdocs\tokobuku\system\CodeIgniter.php(832): App\Controllers\Majalah->create()
#6 C:\xampp\htdocs\tokobuku\system\CodeIgniter.php(419): CodeIgniter\CodeIgniter->runController(Object(App\Controllers\Majalah))
#7 C:\xampp\htdocs\tokobuku\system\CodeIgniter.php(326): CodeIgniter\CodeIgniter->handleRequest(NULL, Object(Config\Cache), false)
#8 C:\xampp\htdocs\tokobuku\public\index.php(37): CodeIgniter\CodeIgniter->run()
#9 C:\xampp\htdocs\tokobuku\system\Commands\Server\rewrite.php(43): require_once('C:\\xampp\\htdocs...')
#10 {main}
CRITICAL - 2022-03-14 21:20:33 --> Undefined index: book_id
#0 C:\xampp\htdocs\tokobuku\app\Views\majalah\index.php(51): CodeIgniter\Debug\Exceptions->errorHandler(8, 'Undefined index...', 'C:\\xampp\\htdocs...', 51, Array)
#1 C:\xampp\htdocs\tokobuku\system\View\View.php(210): include('C:\\xampp\\htdocs...')
#2 C:\xampp\htdocs\tokobuku\system\View\View.php(213): CodeIgniter\View\View->CodeIgniter\View\{closure}()
#3 C:\xampp\htdocs\tokobuku\system\Common.php(1089): CodeIgniter\View\View->render('majalah/index', Array, true)
#4 C:\xampp\htdocs\tokobuku\app\Controllers\Majalah.php(33): view('majalah/index', Array)
#5 C:\xampp\htdocs\tokobuku\system\CodeIgniter.php(832): App\Controllers\Majalah->index()
#6 C:\xampp\htdocs\tokobuku\system\CodeIgniter.php(419): CodeIgniter\CodeIgniter->runController(Object(App\Controllers\Majalah))
#7 C:\xampp\htdocs\tokobuku\system\CodeIgniter.php(326): CodeIgniter\CodeIgniter->handleRequest(NULL, Object(Config\Cache), false)
#8 C:\xampp\htdocs\tokobuku\public\index.php(37): CodeIgniter\CodeIgniter->run()
#9 C:\xampp\htdocs\tokobuku\system\Commands\Server\rewrite.php(43): require_once('C:\\xampp\\htdocs...')
#10 {main}
CRITICAL - 2022-03-14 21:24:05 --> Undefined variable: title
#0 C:\xampp\htdocs\tokobuku\app\Views\majalah\detail.php(16): CodeIgniter\Debug\Exceptions->errorHandler(8, 'Undefined varia...', 'C:\\xampp\\htdocs...', 16, Array)
#1 C:\xampp\htdocs\tokobuku\system\View\View.php(210): include('C:\\xampp\\htdocs...')
#2 C:\xampp\htdocs\tokobuku\system\View\View.php(213): CodeIgniter\View\View->CodeIgniter\View\{closure}()
#3 C:\xampp\htdocs\tokobuku\system\Common.php(1089): CodeIgniter\View\View->render('majalah/detail', Array, true)
#4 C:\xampp\htdocs\tokobuku\app\Controllers\Majalah.php(44): view('majalah/detail', Array)
#5 C:\xampp\htdocs\tokobuku\system\CodeIgniter.php(832): App\Controllers\Majalah->detail('wajah-baru')
#6 C:\xampp\htdocs\tokobuku\system\CodeIgniter.php(419): CodeIgniter\CodeIgniter->runController(Object(App\Controllers\Majalah))
#7 C:\xampp\htdocs\tokobuku\system\CodeIgniter.php(326): CodeIgniter\CodeIgniter->handleRequest(NULL, Object(Config\Cache), false)
#8 C:\xampp\htdocs\tokobuku\public\index.php(37): CodeIgniter\CodeIgniter->run()
#9 C:\xampp\htdocs\tokobuku\system\Commands\Server\rewrite.php(43): require_once('C:\\xampp\\htdocs...')
#10 {main}
CRITICAL - 2022-03-14 21:24:30 --> Undefined variable: title
#0 C:\xampp\htdocs\tokobuku\app\Views\layout\template.php(9): CodeIgniter\Debug\Exceptions->errorHandler(8, 'Undefined varia...', 'C:\\xampp\\htdocs...', 9, Array)
#1 C:\xampp\htdocs\tokobuku\system\View\View.php(210): include('C:\\xampp\\htdocs...')
#2 C:\xampp\htdocs\tokobuku\system\View\View.php(213): CodeIgniter\View\View->CodeIgniter\View\{closure}()
#3 C:\xampp\htdocs\tokobuku\system\View\View.php(226): CodeIgniter\View\View->render('layout/template', Array, true)
#4 C:\xampp\htdocs\tokobuku\system\Common.php(1089): CodeIgniter\View\View->render('majalah/detail', Array, true)
#5 C:\xampp\htdocs\tokobuku\app\Controllers\Majalah.php(44): view('majalah/detail', Array)
#6 C:\xampp\htdocs\tokobuku\system\CodeIgniter.php(832): App\Controllers\Majalah->detail('wajah-baru')
#7 C:\xampp\htdocs\tokobuku\system\CodeIgniter.php(419): CodeIgniter\CodeIgniter->runController(Object(App\Controllers\Majalah))
#8 C:\xampp\htdocs\tokobuku\system\CodeIgniter.php(326): CodeIgniter\CodeIgniter->handleRequest(NULL, Object(Config\Cache), false)
#9 C:\xampp\htdocs\tokobuku\public\index.php(37): CodeIgniter\CodeIgniter->run()
#10 C:\xampp\htdocs\tokobuku\system\Commands\Server\rewrite.php(43): require_once('C:\\xampp\\htdocs...')
#11 {main}
CRITICAL - 2022-03-14 21:24:35 --> Undefined variable: title
#0 C:\xampp\htdocs\tokobuku\app\Views\layout\template.php(9): CodeIgniter\Debug\Exceptions->errorHandler(8, 'Undefined varia...', 'C:\\xampp\\htdocs...', 9, Array)
#1 C:\xampp\htdocs\tokobuku\system\View\View.php(210): include('C:\\xampp\\htdocs...')
#2 C:\xampp\htdocs\tokobuku\system\View\View.php(213): CodeIgniter\View\View->CodeIgniter\View\{closure}()
#3 C:\xampp\htdocs\tokobuku\system\View\View.php(226): CodeIgniter\View\View->render('layout/template', Array, true)
#4 C:\xampp\htdocs\tokobuku\system\Common.php(1089): CodeIgniter\View\View->render('majalah/detail', Array, true)
#5 C:\xampp\htdocs\tokobuku\app\Controllers\Majalah.php(44): view('majalah/detail', Array)
#6 C:\xampp\htdocs\tokobuku\system\CodeIgniter.php(832): App\Controllers\Majalah->detail('wajah-baru')
#7 C:\xampp\htdocs\tokobuku\system\CodeIgniter.php(419): CodeIgniter\CodeIgniter->runController(Object(App\Controllers\Majalah))
#8 C:\xampp\htdocs\tokobuku\system\CodeIgniter.php(326): CodeIgniter\CodeIgniter->handleRequest(NULL, Object(Config\Cache), false)
#9 C:\xampp\htdocs\tokobuku\public\index.php(37): CodeIgniter\CodeIgniter->run()
#10 C:\xampp\htdocs\tokobuku\system\Commands\Server\rewrite.php(43): require_once('C:\\xampp\\htdocs...')
#11 {main}
CRITICAL - 2022-03-14 21:24:35 --> Undefined variable: title
#0 C:\xampp\htdocs\tokobuku\app\Views\layout\template.php(9): CodeIgniter\Debug\Exceptions->errorHandler(8, 'Undefined varia...', 'C:\\xampp\\htdocs...', 9, Array)
#1 C:\xampp\htdocs\tokobuku\system\View\View.php(210): include('C:\\xampp\\htdocs...')
#2 C:\xampp\htdocs\tokobuku\system\View\View.php(213): CodeIgniter\View\View->CodeIgniter\View\{closure}()
#3 C:\xampp\htdocs\tokobuku\system\View\View.php(226): CodeIgniter\View\View->render('layout/template', Array, true)
#4 C:\xampp\htdocs\tokobuku\system\Common.php(1089): CodeIgniter\View\View->render('majalah/detail', Array, true)
#5 C:\xampp\htdocs\tokobuku\app\Controllers\Majalah.php(44): view('majalah/detail', Array)
#6 C:\xampp\htdocs\tokobuku\system\CodeIgniter.php(832): App\Controllers\Majalah->detail('wajah-baru')
#7 C:\xampp\htdocs\tokobuku\system\CodeIgniter.php(419): CodeIgniter\CodeIgniter->runController(Object(App\Controllers\Majalah))
#8 C:\xampp\htdocs\tokobuku\system\CodeIgniter.php(326): CodeIgniter\CodeIgniter->handleRequest(NULL, Object(Config\Cache), false)
#9 C:\xampp\htdocs\tokobuku\public\index.php(37): CodeIgniter\CodeIgniter->run()
#10 C:\xampp\htdocs\tokobuku\system\Commands\Server\rewrite.php(43): require_once('C:\\xampp\\htdocs...')
#11 {main}
CRITICAL - 2022-03-14 21:25:36 --> Undefined variable: title
#0 C:\xampp\htdocs\tokobuku\app\Views\majalah\detail.php(16): CodeIgniter\Debug\Exceptions->errorHandler(8, 'Undefined varia...', 'C:\\xampp\\htdocs...', 16, Array)
#1 C:\xampp\htdocs\tokobuku\system\View\View.php(210): include('C:\\xampp\\htdocs...')
#2 C:\xampp\htdocs\tokobuku\system\View\View.php(213): CodeIgniter\View\View->CodeIgniter\View\{closure}()
#3 C:\xampp\htdocs\tokobuku\system\Common.php(1089): CodeIgniter\View\View->render('majalah/detail', Array, true)
#4 C:\xampp\htdocs\tokobuku\app\Controllers\Majalah.php(44): view('majalah/detail', Array)
#5 C:\xampp\htdocs\tokobuku\system\CodeIgniter.php(832): App\Controllers\Majalah->detail('wajah-baru')
#6 C:\xampp\htdocs\tokobuku\system\CodeIgniter.php(419): CodeIgniter\CodeIgniter->runController(Object(App\Controllers\Majalah))
#7 C:\xampp\htdocs\tokobuku\system\CodeIgniter.php(326): CodeIgniter\CodeIgniter->handleRequest(NULL, Object(Config\Cache), false)
#8 C:\xampp\htdocs\tokobuku\public\index.php(37): CodeIgniter\CodeIgniter->run()
#9 C:\xampp\htdocs\tokobuku\system\Commands\Server\rewrite.php(43): require_once('C:\\xampp\\htdocs...')
#10 {main}
ERROR - 2022-03-14 21:26:06 --> Table 'master.book' doesn't exist
CRITICAL - 2022-03-14 21:26:06 --> Table 'master.book' doesn't exist
#0 C:\xampp\htdocs\tokobuku\system\Database\MySQLi\Connection.php(292): mysqli->query('SELECT *\nFROM `...', 0)
#1 C:\xampp\htdocs\tokobuku\system\Database\BaseConnection.php(670): CodeIgniter\Database\MySQLi\Connection->execute('SELECT *\nFROM `...')
#2 C:\xampp\htdocs\tokobuku\system\Database\BaseConnection.php(598): CodeIgniter\Database\BaseConnection->simpleQuery('SELECT *\nFROM `...')
#3 C:\xampp\htdocs\tokobuku\system\Database\BaseBuilder.php(1455): CodeIgniter\Database\BaseConnection->query('SELECT *\nFROM `...', Array, false)
#4 C:\xampp\htdocs\tokobuku\system\Model.php(728): CodeIgniter\Database\BaseBuilder->get()
#5 C:\xampp\htdocs\tokobuku\app\Models\BookModel.php(27): CodeIgniter\Model->__call('get', Array)
#6 C:\xampp\htdocs\tokobuku\app\Controllers\Book.php(27): App\Models\BookModel->getBook()
#7 C:\xampp\htdocs\tokobuku\system\CodeIgniter.php(832): App\Controllers\Book->index()
#8 C:\xampp\htdocs\tokobuku\system\CodeIgniter.php(419): CodeIgniter\CodeIgniter->runController(Object(App\Controllers\Book))
#9 C:\xampp\htdocs\tokobuku\system\CodeIgniter.php(326): CodeIgniter\CodeIgniter->handleRequest(NULL, Object(Config\Cache), false)
#10 C:\xampp\htdocs\tokobuku\public\index.php(37): CodeIgniter\CodeIgniter->run()
#11 C:\xampp\htdocs\tokobuku\system\Commands\Server\rewrite.php(43): require_once('C:\\xampp\\htdocs...')
#12 {main}
CRITICAL - 2022-03-14 21:27:14 --> Invalid file: majalah/edit.php
#0 C:\xampp\htdocs\tokobuku\system\View\View.php(198): CodeIgniter\Exceptions\FrameworkException::forInvalidFile('majalah/edit.ph...')
#1 C:\xampp\htdocs\tokobuku\system\Common.php(1089): CodeIgniter\View\View->render('majalah/edit', Array, true)
#2 C:\xampp\htdocs\tokobuku\app\Controllers\Majalah.php(101): view('majalah/edit', Array)
#3 C:\xampp\htdocs\tokobuku\system\CodeIgniter.php(832): App\Controllers\Majalah->edit('wajah-baru')
#4 C:\xampp\htdocs\tokobuku\system\CodeIgniter.php(419): CodeIgniter\CodeIgniter->runController(Object(App\Controllers\Majalah))
#5 C:\xampp\htdocs\tokobuku\system\CodeIgniter.php(326): CodeIgniter\CodeIgniter->handleRequest(NULL, Object(Config\Cache), false)
#6 C:\xampp\htdocs\tokobuku\public\index.php(37): CodeIgniter\CodeIgniter->run()
#7 C:\xampp\htdocs\tokobuku\system\Commands\Server\rewrite.php(43): require_once('C:\\xampp\\htdocs...')
#8 {main}
ERROR - 2022-03-14 21:27:32 --> Table 'tokobuku.majalah' doesn't exist
CRITICAL - 2022-03-14 21:27:32 --> Table 'tokobuku.majalah' doesn't exist
#0 C:\xampp\htdocs\tokobuku\system\Database\MySQLi\Connection.php(292): mysqli->query('SELECT *\nFROM `...', 0)
#1 C:\xampp\htdocs\tokobuku\system\Database\BaseConnection.php(670): CodeIgniter\Database\MySQLi\Connection->execute('SELECT *\nFROM `...')
#2 C:\xampp\htdocs\tokobuku\system\Database\BaseConnection.php(598): CodeIgniter\Database\BaseConnection->simpleQuery('SELECT *\nFROM `...')
#3 C:\xampp\htdocs\tokobuku\system\Database\BaseBuilder.php(1455): CodeIgniter\Database\BaseConnection->query('SELECT *\nFROM `...', Array, false)
#4 C:\xampp\htdocs\tokobuku\system\Model.php(728): CodeIgniter\Database\BaseBuilder->get()
#5 C:\xampp\htdocs\tokobuku\app\Models\MajalahModel.php(27): CodeIgniter\Model->__call('get', Array)
#6 C:\xampp\htdocs\tokobuku\app\Controllers\Majalah.php(27): App\Models\MajalahModel->getmajalah()
#7 C:\xampp\htdocs\tokobuku\system\CodeIgniter.php(832): App\Controllers\Majalah->index()
#8 C:\xampp\htdocs\tokobuku\system\CodeIgniter.php(419): CodeIgniter\CodeIgniter->runController(Object(App\Controllers\Majalah))
#9 C:\xampp\htdocs\tokobuku\system\CodeIgniter.php(326): CodeIgniter\CodeIgniter->handleRequest(NULL, Object(Config\Cache), false)
#10 C:\xampp\htdocs\tokobuku\public\index.php(37): CodeIgniter\CodeIgniter->run()
#11 C:\xampp\htdocs\tokobuku\system\Commands\Server\rewrite.php(43): require_once('C:\\xampp\\htdocs...')
#12 {main}
ERROR - 2022-03-14 21:27:34 --> Table 'tokobuku.majalah_category' doesn't exist
CRITICAL - 2022-03-14 21:27:34 --> Table 'tokobuku.majalah_category' doesn't exist
#0 C:\xampp\htdocs\tokobuku\system\Database\MySQLi\Connection.php(292): mysqli->query('SELECT *\nFROM `...', 0)
#1 C:\xampp\htdocs\tokobuku\system\Database\BaseConnection.php(670): CodeIgniter\Database\MySQLi\Connection->execute('SELECT *\nFROM `...')
#2 C:\xampp\htdocs\tokobuku\system\Database\BaseConnection.php(598): CodeIgniter\Database\BaseConnection->simpleQuery('SELECT *\nFROM `...')
#3 C:\xampp\htdocs\tokobuku\system\Database\BaseBuilder.php(1455): CodeIgniter\Database\BaseConnection->query('SELECT *\nFROM `...', Array, false)
#4 C:\xampp\htdocs\tokobuku\system\Model.php(183): CodeIgniter\Database\BaseBuilder->get()
#5 C:\xampp\htdocs\tokobuku\system\BaseModel.php(584): CodeIgniter\Model->doFindAll(0, 0)
#6 C:\xampp\htdocs\tokobuku\app\Controllers\Majalah.php(50): CodeIgniter\BaseModel->findAll()
#7 C:\xampp\htdocs\tokobuku\system\CodeIgniter.php(832): App\Controllers\Majalah->create()
#8 C:\xampp\htdocs\tokobuku\system\CodeIgniter.php(419): CodeIgniter\CodeIgniter->runController(Object(App\Controllers\Majalah))
#9 C:\xampp\htdocs\tokobuku\system\CodeIgniter.php(326): CodeIgniter\CodeIgniter->handleRequest(NULL, Object(Config\Cache), false)
#10 C:\xampp\htdocs\tokobuku\public\index.php(37): CodeIgniter\CodeIgniter->run()
#11 C:\xampp\htdocs\tokobuku\system\Commands\Server\rewrite.php(43): require_once('C:\\xampp\\htdocs...')
#12 {main}
ERROR - 2022-03-14 21:27:35 --> Table 'tokobuku.majalah_category' doesn't exist
CRITICAL - 2022-03-14 21:27:35 --> Table 'tokobuku.majalah_category' doesn't exist
#0 C:\xampp\htdocs\tokobuku\system\Database\MySQLi\Connection.php(292): mysqli->query('SELECT *\nFROM `...', 0)
#1 C:\xampp\htdocs\tokobuku\system\Database\BaseConnection.php(670): CodeIgniter\Database\MySQLi\Connection->execute('SELECT *\nFROM `...')
#2 C:\xampp\htdocs\tokobuku\system\Database\BaseConnection.php(598): CodeIgniter\Database\BaseConnection->simpleQuery('SELECT *\nFROM `...')
#3 C:\xampp\htdocs\tokobuku\system\Database\BaseBuilder.php(1455): CodeIgniter\Database\BaseConnection->query('SELECT *\nFROM `...', Array, false)
#4 C:\xampp\htdocs\tokobuku\system\Model.php(183): CodeIgniter\Database\BaseBuilder->get()
#5 C:\xampp\htdocs\tokobuku\system\BaseModel.php(584): CodeIgniter\Model->doFindAll(0, 0)
#6 C:\xampp\htdocs\tokobuku\app\Controllers\Majalah.php(50): CodeIgniter\BaseModel->findAll()
#7 C:\xampp\htdocs\tokobuku\system\CodeIgniter.php(832): App\Controllers\Majalah->create()
#8 C:\xampp\htdocs\tokobuku\system\CodeIgniter.php(419): CodeIgniter\CodeIgniter->runController(Object(App\Controllers\Majalah))
#9 C:\xampp\htdocs\tokobuku\system\CodeIgniter.php(326): CodeIgniter\CodeIgniter->handleRequest(NULL, Object(Config\Cache), false)
#10 C:\xampp\htdocs\tokobuku\public\index.php(37): CodeIgniter\CodeIgniter->run()
#11 C:\xampp\htdocs\tokobuku\system\Commands\Server\rewrite.php(43): require_once('C:\\xampp\\htdocs...')
#12 {main}
ERROR - 2022-03-14 21:27:36 --> Table 'tokobuku.majalah_category' doesn't exist
CRITICAL - 2022-03-14 21:27:36 --> Table 'tokobuku.majalah_category' doesn't exist
#0 C:\xampp\htdocs\tokobuku\system\Database\MySQLi\Connection.php(292): mysqli->query('SELECT *\nFROM `...', 0)
#1 C:\xampp\htdocs\tokobuku\system\Database\BaseConnection.php(670): CodeIgniter\Database\MySQLi\Connection->execute('SELECT *\nFROM `...')
#2 C:\xampp\htdocs\tokobuku\system\Database\BaseConnection.php(598): CodeIgniter\Database\BaseConnection->simpleQuery('SELECT *\nFROM `...')
#3 C:\xampp\htdocs\tokobuku\system\Database\BaseBuilder.php(1455): CodeIgniter\Database\BaseConnection->query('SELECT *\nFROM `...', Array, false)
#4 C:\xampp\htdocs\tokobuku\system\Model.php(183): CodeIgniter\Database\BaseBuilder->get()
#5 C:\xampp\htdocs\tokobuku\system\BaseModel.php(584): CodeIgniter\Model->doFindAll(0, 0)
#6 C:\xampp\htdocs\tokobuku\app\Controllers\Majalah.php(50): CodeIgniter\BaseModel->findAll()
#7 C:\xampp\htdocs\tokobuku\system\CodeIgniter.php(832): App\Controllers\Majalah->create()
#8 C:\xampp\htdocs\tokobuku\system\CodeIgniter.php(419): CodeIgniter\CodeIgniter->runController(Object(App\Controllers\Majalah))
#9 C:\xampp\htdocs\tokobuku\system\CodeIgniter.php(326): CodeIgniter\CodeIgniter->handleRequest(NULL, Object(Config\Cache), false)
#10 C:\xampp\htdocs\tokobuku\public\index.php(37): CodeIgniter\CodeIgniter->run()
#11 C:\xampp\htdocs\tokobuku\system\Commands\Server\rewrite.php(43): require_once('C:\\xampp\\htdocs...')
#12 {main}
ERROR - 2022-03-14 21:27:36 --> Table 'tokobuku.majalah' doesn't exist
CRITICAL - 2022-03-14 21:27:36 --> Table 'tokobuku.majalah' doesn't exist
#0 C:\xampp\htdocs\tokobuku\system\Database\MySQLi\Connection.php(292): mysqli->query('SELECT *\nFROM `...', 0)
#1 C:\xampp\htdocs\tokobuku\system\Database\BaseConnection.php(670): CodeIgniter\Database\MySQLi\Connection->execute('SELECT *\nFROM `...')
#2 C:\xampp\htdocs\tokobuku\system\Database\BaseConnection.php(598): CodeIgniter\Database\BaseConnection->simpleQuery('SELECT *\nFROM `...')
#3 C:\xampp\htdocs\tokobuku\system\Database\BaseBuilder.php(1455): CodeIgniter\Database\BaseConnection->query('SELECT *\nFROM `...', Array, false)
#4 C:\xampp\htdocs\tokobuku\system\Model.php(728): CodeIgniter\Database\BaseBuilder->get()
#5 C:\xampp\htdocs\tokobuku\app\Models\MajalahModel.php(27): CodeIgniter\Model->__call('get', Array)
#6 C:\xampp\htdocs\tokobuku\app\Controllers\Majalah.php(27): App\Models\MajalahModel->getmajalah()
#7 C:\xampp\htdocs\tokobuku\system\CodeIgniter.php(832): App\Controllers\Majalah->index()
#8 C:\xampp\htdocs\tokobuku\system\CodeIgniter.php(419): CodeIgniter\CodeIgniter->runController(Object(App\Controllers\Majalah))
#9 C:\xampp\htdocs\tokobuku\system\CodeIgniter.php(326): CodeIgniter\CodeIgniter->handleRequest(NULL, Object(Config\Cache), false)
#10 C:\xampp\htdocs\tokobuku\public\index.php(37): CodeIgniter\CodeIgniter->run()
#11 C:\xampp\htdocs\tokobuku\system\Commands\Server\rewrite.php(43): require_once('C:\\xampp\\htdocs...')
#12 {main}
ERROR - 2022-03-14 21:27:36 --> Table 'tokobuku.majalah' doesn't exist
CRITICAL - 2022-03-14 21:27:36 --> Table 'tokobuku.majalah' doesn't exist
#0 C:\xampp\htdocs\tokobuku\system\Database\MySQLi\Connection.php(292): mysqli->query('SELECT *\nFROM `...', 0)
#1 C:\xampp\htdocs\tokobuku\system\Database\BaseConnection.php(670): CodeIgniter\Database\MySQLi\Connection->execute('SELECT *\nFROM `...')
#2 C:\xampp\htdocs\tokobuku\system\Database\BaseConnection.php(598): CodeIgniter\Database\BaseConnection->simpleQuery('SELECT *\nFROM `...')
#3 C:\xampp\htdocs\tokobuku\system\Database\BaseBuilder.php(1455): CodeIgniter\Database\BaseConnection->query('SELECT *\nFROM `...', Array, false)
#4 C:\xampp\htdocs\tokobuku\system\Model.php(210): CodeIgniter\Database\BaseBuilder->get()
#5 C:\xampp\htdocs\tokobuku\system\BaseModel.php(622): CodeIgniter\Model->doFirst()
#6 C:\xampp\htdocs\tokobuku\app\Models\MajalahModel.php(28): CodeIgniter\BaseModel->first()
#7 C:\xampp\htdocs\tokobuku\app\Controllers\Majalah.php(38): App\Models\MajalahModel->getmajalah('wajah-baru')
#8 C:\xampp\htdocs\tokobuku\system\CodeIgniter.php(832): App\Controllers\Majalah->detail('wajah-baru')
#9 C:\xampp\htdocs\tokobuku\system\CodeIgniter.php(419): CodeIgniter\CodeIgniter->runController(Object(App\Controllers\Majalah))
#10 C:\xampp\htdocs\tokobuku\system\CodeIgniter.php(326): CodeIgniter\CodeIgniter->handleRequest(NULL, Object(Config\Cache), false)
#11 C:\xampp\htdocs\tokobuku\public\index.php(37): CodeIgniter\CodeIgniter->run()
#12 C:\xampp\htdocs\tokobuku\system\Commands\Server\rewrite.php(43): require_once('C:\\xampp\\htdocs...')
#13 {main}
ERROR - 2022-03-14 21:27:36 --> Table 'tokobuku.majalah' doesn't exist
CRITICAL - 2022-03-14 21:27:36 --> Table 'tokobuku.majalah' doesn't exist
#0 C:\xampp\htdocs\tokobuku\system\Database\MySQLi\Connection.php(292): mysqli->query('SELECT *\nFROM `...', 0)
#1 C:\xampp\htdocs\tokobuku\system\Database\BaseConnection.php(670): CodeIgniter\Database\MySQLi\Connection->execute('SELECT *\nFROM `...')
#2 C:\xampp\htdocs\tokobuku\system\Database\BaseConnection.php(598): CodeIgniter\Database\BaseConnection->simpleQuery('SELECT *\nFROM `...')
#3 C:\xampp\htdocs\tokobuku\system\Database\BaseBuilder.php(1455): CodeIgniter\Database\BaseConnection->query('SELECT *\nFROM `...', Array, false)
#4 C:\xampp\htdocs\tokobuku\system\Model.php(728): CodeIgniter\Database\BaseBuilder->get()
#5 C:\xampp\htdocs\tokobuku\app\Models\MajalahModel.php(27): CodeIgniter\Model->__call('get', Array)
#6 C:\xampp\htdocs\tokobuku\app\Controllers\Majalah.php(27): App\Models\MajalahModel->getmajalah()
#7 C:\xampp\htdocs\tokobuku\system\CodeIgniter.php(832): App\Controllers\Majalah->index()
#8 C:\xampp\htdocs\tokobuku\system\CodeIgniter.php(419): CodeIgniter\CodeIgniter->runController(Object(App\Controllers\Majalah))
#9 C:\xampp\htdocs\tokobuku\system\CodeIgniter.php(326): CodeIgniter\CodeIgniter->handleRequest(NULL, Object(Config\Cache), false)
#10 C:\xampp\htdocs\tokobuku\public\index.php(37): CodeIgniter\CodeIgniter->run()
#11 C:\xampp\htdocs\tokobuku\system\Commands\Server\rewrite.php(43): require_once('C:\\xampp\\htdocs...')
#12 {main}
ERROR - 2022-03-14 21:27:51 --> Table 'tokobuku.majalah_category' doesn't exist
CRITICAL - 2022-03-14 21:27:51 --> Table 'tokobuku.majalah_category' doesn't exist
#0 C:\xampp\htdocs\tokobuku\system\Database\MySQLi\Connection.php(292): mysqli->query('SELECT *\nFROM `...', 0)
#1 C:\xampp\htdocs\tokobuku\system\Database\BaseConnection.php(670): CodeIgniter\Database\MySQLi\Connection->execute('SELECT *\nFROM `...')
#2 C:\xampp\htdocs\tokobuku\system\Database\BaseConnection.php(598): CodeIgniter\Database\BaseConnection->simpleQuery('SELECT *\nFROM `...')
#3 C:\xampp\htdocs\tokobuku\system\Database\BaseBuilder.php(1455): CodeIgniter\Database\BaseConnection->query('SELECT *\nFROM `...', Array, false)
#4 C:\xampp\htdocs\tokobuku\system\Model.php(183): CodeIgniter\Database\BaseBuilder->get()
#5 C:\xampp\htdocs\tokobuku\system\BaseModel.php(584): CodeIgniter\Model->doFindAll(0, 0)
#6 C:\xampp\htdocs\tokobuku\app\Controllers\Book.php(50): CodeIgniter\BaseModel->findAll()
#7 C:\xampp\htdocs\tokobuku\system\CodeIgniter.php(832): App\Controllers\Book->create()
#8 C:\xampp\htdocs\tokobuku\system\CodeIgniter.php(419): CodeIgniter\CodeIgniter->runController(Object(App\Controllers\Book))
#9 C:\xampp\htdocs\tokobuku\system\CodeIgniter.php(326): CodeIgniter\CodeIgniter->handleRequest(NULL, Object(Config\Cache), false)
#10 C:\xampp\htdocs\tokobuku\public\index.php(37): CodeIgniter\CodeIgniter->run()
#11 C:\xampp\htdocs\tokobuku\system\Commands\Server\rewrite.php(43): require_once('C:\\xampp\\htdocs...')
#12 {main}
ERROR - 2022-03-14 21:28:01 --> Table 'tokobuku.majalah_category' doesn't exist
CRITICAL - 2022-03-14 21:28:01 --> Table 'tokobuku.majalah_category' doesn't exist
#0 C:\xampp\htdocs\tokobuku\system\Database\MySQLi\Connection.php(292): mysqli->query('SELECT *\nFROM `...', 0)
#1 C:\xampp\htdocs\tokobuku\system\Database\BaseConnection.php(670): CodeIgniter\Database\MySQLi\Connection->execute('SELECT *\nFROM `...')
#2 C:\xampp\htdocs\tokobuku\system\Database\BaseConnection.php(598): CodeIgniter\Database\BaseConnection->simpleQuery('SELECT *\nFROM `...')
#3 C:\xampp\htdocs\tokobuku\system\Database\BaseBuilder.php(1455): CodeIgniter\Database\BaseConnection->query('SELECT *\nFROM `...', Array, false)
#4 C:\xampp\htdocs\tokobuku\system\Model.php(183): CodeIgniter\Database\BaseBuilder->get()
#5 C:\xampp\htdocs\tokobuku\system\BaseModel.php(584): CodeIgniter\Model->doFindAll(0, 0)
#6 C:\xampp\htdocs\tokobuku\app\Controllers\Book.php(50): CodeIgniter\BaseModel->findAll()
#7 C:\xampp\htdocs\tokobuku\system\CodeIgniter.php(832): App\Controllers\Book->create()
#8 C:\xampp\htdocs\tokobuku\system\CodeIgniter.php(419): CodeIgniter\CodeIgniter->runController(Object(App\Controllers\Book))
#9 C:\xampp\htdocs\tokobuku\system\CodeIgniter.php(326): CodeIgniter\CodeIgniter->handleRequest(NULL, Object(Config\Cache), false)
#10 C:\xampp\htdocs\tokobuku\public\index.php(37): CodeIgniter\CodeIgniter->run()
#11 C:\xampp\htdocs\tokobuku\system\Commands\Server\rewrite.php(43): require_once('C:\\xampp\\htdocs...')
#12 {main}
ERROR - 2022-03-14 21:28:17 --> Table 'tokobuku.majalah_category' doesn't exist
CRITICAL - 2022-03-14 21:28:17 --> Table 'tokobuku.majalah_category' doesn't exist
#0 C:\xampp\htdocs\tokobuku\system\Database\MySQLi\Connection.php(292): mysqli->query('SELECT *\nFROM `...', 0)
#1 C:\xampp\htdocs\tokobuku\system\Database\BaseConnection.php(670): CodeIgniter\Database\MySQLi\Connection->execute('SELECT *\nFROM `...')
#2 C:\xampp\htdocs\tokobuku\system\Database\BaseConnection.php(598): CodeIgniter\Database\BaseConnection->simpleQuery('SELECT *\nFROM `...')
#3 C:\xampp\htdocs\tokobuku\system\Database\BaseBuilder.php(1455): CodeIgniter\Database\BaseConnection->query('SELECT *\nFROM `...', Array, false)
#4 C:\xampp\htdocs\tokobuku\system\Model.php(183): CodeIgniter\Database\BaseBuilder->get()
#5 C:\xampp\htdocs\tokobuku\system\BaseModel.php(584): CodeIgniter\Model->doFindAll(0, 0)
#6 C:\xampp\htdocs\tokobuku\app\Controllers\Book.php(50): CodeIgniter\BaseModel->findAll()
#7 C:\xampp\htdocs\tokobuku\system\CodeIgniter.php(832): App\Controllers\Book->create()
#8 C:\xampp\htdocs\tokobuku\system\CodeIgniter.php(419): CodeIgniter\CodeIgniter->runController(Object(App\Controllers\Book))
#9 C:\xampp\htdocs\tokobuku\system\CodeIgniter.php(326): CodeIgniter\CodeIgniter->handleRequest(NULL, Object(Config\Cache), false)
#10 C:\xampp\htdocs\tokobuku\public\index.php(37): CodeIgniter\CodeIgniter->run()
#11 C:\xampp\htdocs\tokobuku\system\Commands\Server\rewrite.php(43): require_once('C:\\xampp\\htdocs...')
#12 {main}
