CRITICAL - 2022-03-03 08:50:05 --> Invalid file: app/Views/admin/overview.php
#0 C:\xampp\htdocs\tokobuku\system\View\View.php(198): CodeIgniter\Exceptions\FrameworkException::forInvalidFile('app/Views/admin...')
#1 C:\xampp\htdocs\tokobuku\system\Common.php(1089): CodeIgniter\View\View->render('app/Views/admin...', Array, true)
#2 C:\xampp\htdocs\tokobuku\app\Controllers\Home.php(10): view('app/Views/admin...')
#3 C:\xampp\htdocs\tokobuku\system\CodeIgniter.php(832): App\Controllers\Home->index()
#4 C:\xampp\htdocs\tokobuku\system\CodeIgniter.php(419): CodeIgniter\CodeIgniter->runController(Object(App\Controllers\Home))
#5 C:\xampp\htdocs\tokobuku\system\CodeIgniter.php(326): CodeIgniter\CodeIgniter->handleRequest(NULL, Object(Config\Cache), false)
#6 C:\xampp\htdocs\tokobuku\public\index.php(37): CodeIgniter\CodeIgniter->run()
#7 C:\xampp\htdocs\tokobuku\system\Commands\Server\rewrite.php(43): require_once('C:\\xampp\\htdocs...')
#8 {main}
CRITICAL - 2022-03-03 08:50:45 --> Invalid file: app/views/admin/overview.php
#0 C:\xampp\htdocs\tokobuku\system\View\View.php(198): CodeIgniter\Exceptions\FrameworkException::forInvalidFile('app/views/admin...')
#1 C:\xampp\htdocs\tokobuku\system\Common.php(1089): CodeIgniter\View\View->render('app/views/admin...', Array, true)
#2 C:\xampp\htdocs\tokobuku\app\Controllers\Home.php(10): view('app/views/admin...')
#3 C:\xampp\htdocs\tokobuku\system\CodeIgniter.php(832): App\Controllers\Home->index()
#4 C:\xampp\htdocs\tokobuku\system\CodeIgniter.php(419): CodeIgniter\CodeIgniter->runController(Object(App\Controllers\Home))
#5 C:\xampp\htdocs\tokobuku\system\CodeIgniter.php(326): CodeIgniter\CodeIgniter->handleRequest(NULL, Object(Config\Cache), false)
#6 C:\xampp\htdocs\tokobuku\public\index.php(37): CodeIgniter\CodeIgniter->run()
#7 C:\xampp\htdocs\tokobuku\system\Commands\Server\rewrite.php(43): require_once('C:\\xampp\\htdocs...')
#8 {main}
CRITICAL - 2022-03-03 08:50:46 --> Invalid file: app/views/admin/overview.php
#0 C:\xampp\htdocs\tokobuku\system\View\View.php(198): CodeIgniter\Exceptions\FrameworkException::forInvalidFile('app/views/admin...')
#1 C:\xampp\htdocs\tokobuku\system\Common.php(1089): CodeIgniter\View\View->render('app/views/admin...', Array, true)
#2 C:\xampp\htdocs\tokobuku\app\Controllers\Home.php(10): view('app/views/admin...')
#3 C:\xampp\htdocs\tokobuku\system\CodeIgniter.php(832): App\Controllers\Home->index()
#4 C:\xampp\htdocs\tokobuku\system\CodeIgniter.php(419): CodeIgniter\CodeIgniter->runController(Object(App\Controllers\Home))
#5 C:\xampp\htdocs\tokobuku\system\CodeIgniter.php(326): CodeIgniter\CodeIgniter->handleRequest(NULL, Object(Config\Cache), false)
#6 C:\xampp\htdocs\tokobuku\public\index.php(37): CodeIgniter\CodeIgniter->run()
#7 C:\xampp\htdocs\tokobuku\system\Commands\Server\rewrite.php(43): require_once('C:\\xampp\\htdocs...')
#8 {main}
