ERROR - 2022-04-20 09:26:44 --> Error connecting to the database: No connection could be made because the target machine actively refused it.

CRITICAL - 2022-04-20 09:26:44 --> Unable to connect to the database.
Main connection [MySQLi]: No connection could be made because the target machine actively refused it.

#0 C:\xampp\htdocs\tokobuku\system\Database\BaseConnection.php(577): CodeIgniter\Database\BaseConnection->initialize()
#1 C:\xampp\htdocs\tokobuku\system\Database\BaseBuilder.php(1455): CodeIgniter\Database\BaseConnection->query('SELECT *\nFROM `...', Array, false)
#2 C:\xampp\htdocs\tokobuku\system\Model.php(728): CodeIgniter\Database\BaseBuilder->get()
#3 C:\xampp\htdocs\tokobuku\app\Models\MajalahModel.php(27): CodeIgniter\Model->__call('get', Array)
#4 C:\xampp\htdocs\tokobuku\app\Controllers\Majalah.php(20): App\Models\MajalahModel->getMajalah()
#5 C:\xampp\htdocs\tokobuku\system\CodeIgniter.php(832): App\Controllers\Majalah->index()
#6 C:\xampp\htdocs\tokobuku\system\CodeIgniter.php(419): CodeIgniter\CodeIgniter->runController(Object(App\Controllers\Majalah))
#7 C:\xampp\htdocs\tokobuku\system\CodeIgniter.php(326): CodeIgniter\CodeIgniter->handleRequest(NULL, Object(Config\Cache), false)
#8 C:\xampp\htdocs\tokobuku\public\index.php(37): CodeIgniter\CodeIgniter->run()
#9 C:\xampp\htdocs\tokobuku\system\Commands\Server\rewrite.php(43): require_once('C:\\xampp\\htdocs...')
#10 {main}
CRITICAL - 2022-04-20 09:26:44 --> Uncaught ErrorException: print_r(): Property access is not allowed yet in C:\xampp\htdocs\tokobuku\app\Views\errors\html\error_exception.php:96
Stack trace:
#0 [internal function]: CodeIgniter\Debug\Exceptions->errorHandler(2, 'print_r(): Prop...', 'C:\\xampp\\htdocs...', 96, Array)
#1 C:\xampp\htdocs\tokobuku\app\Views\errors\html\error_exception.php(96): print_r(Object(App\Controllers\Majalah), true)
#2 C:\xampp\htdocs\tokobuku\system\Debug\Exceptions.php(234): include('C:\\xampp\\htdocs...')
#3 C:\xampp\htdocs\tokobuku\system\Debug\Exceptions.php(237): CodeIgniter\Debug\Exceptions->CodeIgniter\Debug\{closure}()
#4 C:\xampp\htdocs\tokobuku\system\Debug\Exceptions.php(121): CodeIgniter\Debug\Exceptions->render(Object(CodeIgniter\Database\Exceptions\DatabaseException), 500)
#5 [internal function]: CodeIgniter\Debug\Exceptions->exceptionHandler(Object(CodeIgniter\Database\Exceptions\DatabaseException))
#6 {main}
  thrown
#0 [internal function]: CodeIgniter\Debug\Exceptions->shutdownHandler()
#1 {main}
CRITICAL - 2022-04-20 10:37:00 --> unlink(img/): Is a directory
#0 [internal function]: CodeIgniter\Debug\Exceptions->errorHandler(2, 'unlink(img/): I...', 'C:\\xampp\\htdocs...', 208, Array)
#1 C:\xampp\htdocs\tokobuku\app\Controllers\Book.php(208): unlink('img/')
#2 C:\xampp\htdocs\tokobuku\system\CodeIgniter.php(832): App\Controllers\Book->delete('1')
#3 C:\xampp\htdocs\tokobuku\system\CodeIgniter.php(419): CodeIgniter\CodeIgniter->runController(Object(App\Controllers\Book))
#4 C:\xampp\htdocs\tokobuku\system\CodeIgniter.php(326): CodeIgniter\CodeIgniter->handleRequest(NULL, Object(Config\Cache), false)
#5 C:\xampp\htdocs\tokobuku\public\index.php(37): CodeIgniter\CodeIgniter->run()
#6 C:\xampp\htdocs\tokobuku\system\Commands\Server\rewrite.php(43): require_once('C:\\xampp\\htdocs...')
#7 {main}
CRITICAL - 2022-04-20 10:38:39 --> unlink(img/): Is a directory
#0 [internal function]: CodeIgniter\Debug\Exceptions->errorHandler(2, 'unlink(img/): I...', 'C:\\xampp\\htdocs...', 208, Array)
#1 C:\xampp\htdocs\tokobuku\app\Controllers\Book.php(208): unlink('img/')
#2 C:\xampp\htdocs\tokobuku\system\CodeIgniter.php(832): App\Controllers\Book->delete('1')
#3 C:\xampp\htdocs\tokobuku\system\CodeIgniter.php(419): CodeIgniter\CodeIgniter->runController(Object(App\Controllers\Book))
#4 C:\xampp\htdocs\tokobuku\system\CodeIgniter.php(326): CodeIgniter\CodeIgniter->handleRequest(NULL, Object(Config\Cache), false)
#5 C:\xampp\htdocs\tokobuku\public\index.php(37): CodeIgniter\CodeIgniter->run()
#6 C:\xampp\htdocs\tokobuku\system\Commands\Server\rewrite.php(43): require_once('C:\\xampp\\htdocs...')
#7 {main}
CRITICAL - 2022-04-20 10:38:44 --> unlink(img/): Is a directory
#0 [internal function]: CodeIgniter\Debug\Exceptions->errorHandler(2, 'unlink(img/): I...', 'C:\\xampp\\htdocs...', 208, Array)
#1 C:\xampp\htdocs\tokobuku\app\Controllers\Book.php(208): unlink('img/')
#2 C:\xampp\htdocs\tokobuku\system\CodeIgniter.php(832): App\Controllers\Book->delete('1')
#3 C:\xampp\htdocs\tokobuku\system\CodeIgniter.php(419): CodeIgniter\CodeIgniter->runController(Object(App\Controllers\Book))
#4 C:\xampp\htdocs\tokobuku\system\CodeIgniter.php(326): CodeIgniter\CodeIgniter->handleRequest(NULL, Object(Config\Cache), false)
#5 C:\xampp\htdocs\tokobuku\public\index.php(37): CodeIgniter\CodeIgniter->run()
#6 C:\xampp\htdocs\tokobuku\system\Commands\Server\rewrite.php(43): require_once('C:\\xampp\\htdocs...')
#7 {main}
CRITICAL - 2022-04-20 10:39:54 --> unlink(img/): Is a directory
#0 [internal function]: CodeIgniter\Debug\Exceptions->errorHandler(2, 'unlink(img/): I...', 'C:\\xampp\\htdocs...', 208, Array)
#1 C:\xampp\htdocs\tokobuku\app\Controllers\Book.php(208): unlink('img/')
#2 C:\xampp\htdocs\tokobuku\system\CodeIgniter.php(832): App\Controllers\Book->delete('4')
#3 C:\xampp\htdocs\tokobuku\system\CodeIgniter.php(419): CodeIgniter\CodeIgniter->runController(Object(App\Controllers\Book))
#4 C:\xampp\htdocs\tokobuku\system\CodeIgniter.php(326): CodeIgniter\CodeIgniter->handleRequest(NULL, Object(Config\Cache), false)
#5 C:\xampp\htdocs\tokobuku\public\index.php(37): CodeIgniter\CodeIgniter->run()
#6 C:\xampp\htdocs\tokobuku\system\Commands\Server\rewrite.php(43): require_once('C:\\xampp\\htdocs...')
#7 {main}
CRITICAL - 2022-04-20 10:41:40 --> unlink(img/): Is a directory
#0 [internal function]: CodeIgniter\Debug\Exceptions->errorHandler(2, 'unlink(img/): I...', 'C:\\xampp\\htdocs...', 208, Array)
#1 C:\xampp\htdocs\tokobuku\app\Controllers\Book.php(208): unlink('img/')
#2 C:\xampp\htdocs\tokobuku\system\CodeIgniter.php(832): App\Controllers\Book->delete('4')
#3 C:\xampp\htdocs\tokobuku\system\CodeIgniter.php(419): CodeIgniter\CodeIgniter->runController(Object(App\Controllers\Book))
#4 C:\xampp\htdocs\tokobuku\system\CodeIgniter.php(326): CodeIgniter\CodeIgniter->handleRequest(NULL, Object(Config\Cache), false)
#5 C:\xampp\htdocs\tokobuku\public\index.php(37): CodeIgniter\CodeIgniter->run()
#6 C:\xampp\htdocs\tokobuku\system\Commands\Server\rewrite.php(43): require_once('C:\\xampp\\htdocs...')
#7 {main}
CRITICAL - 2022-04-20 10:41:47 --> unlink(img/): Is a directory
#0 [internal function]: CodeIgniter\Debug\Exceptions->errorHandler(2, 'unlink(img/): I...', 'C:\\xampp\\htdocs...', 208, Array)
#1 C:\xampp\htdocs\tokobuku\app\Controllers\Book.php(208): unlink('img/')
#2 C:\xampp\htdocs\tokobuku\system\CodeIgniter.php(832): App\Controllers\Book->delete('6')
#3 C:\xampp\htdocs\tokobuku\system\CodeIgniter.php(419): CodeIgniter\CodeIgniter->runController(Object(App\Controllers\Book))
#4 C:\xampp\htdocs\tokobuku\system\CodeIgniter.php(326): CodeIgniter\CodeIgniter->handleRequest(NULL, Object(Config\Cache), false)
#5 C:\xampp\htdocs\tokobuku\public\index.php(37): CodeIgniter\CodeIgniter->run()
#6 C:\xampp\htdocs\tokobuku\system\Commands\Server\rewrite.php(43): require_once('C:\\xampp\\htdocs...')
#7 {main}
CRITICAL - 2022-04-20 10:42:36 --> unlink(img/): Is a directory
#0 [internal function]: CodeIgniter\Debug\Exceptions->errorHandler(2, 'unlink(img/): I...', 'C:\\xampp\\htdocs...', 178, Array)
#1 C:\xampp\htdocs\tokobuku\app\Controllers\Book.php(178): unlink('img/')
#2 C:\xampp\htdocs\tokobuku\system\CodeIgniter.php(832): App\Controllers\Book->update('7')
#3 C:\xampp\htdocs\tokobuku\system\CodeIgniter.php(419): CodeIgniter\CodeIgniter->runController(Object(App\Controllers\Book))
#4 C:\xampp\htdocs\tokobuku\system\CodeIgniter.php(326): CodeIgniter\CodeIgniter->handleRequest(NULL, Object(Config\Cache), false)
#5 C:\xampp\htdocs\tokobuku\public\index.php(37): CodeIgniter\CodeIgniter->run()
#6 C:\xampp\htdocs\tokobuku\system\Commands\Server\rewrite.php(43): require_once('C:\\xampp\\htdocs...')
#7 {main}
CRITICAL - 2022-04-20 11:41:18 --> Undefined variable: namaFile
#0 C:\xampp\htdocs\tokobuku\app\Controllers\Book.php(193): CodeIgniter\Debug\Exceptions->errorHandler(8, 'Undefined varia...', 'C:\\xampp\\htdocs...', 193, Array)
#1 C:\xampp\htdocs\tokobuku\system\CodeIgniter.php(832): App\Controllers\Book->update('8')
#2 C:\xampp\htdocs\tokobuku\system\CodeIgniter.php(419): CodeIgniter\CodeIgniter->runController(Object(App\Controllers\Book))
#3 C:\xampp\htdocs\tokobuku\system\CodeIgniter.php(326): CodeIgniter\CodeIgniter->handleRequest(NULL, Object(Config\Cache), false)
#4 C:\xampp\htdocs\tokobuku\public\index.php(37): CodeIgniter\CodeIgniter->run()
#5 C:\xampp\htdocs\tokobuku\system\Commands\Server\rewrite.php(43): require_once('C:\\xampp\\htdocs...')
#6 {main}
CRITICAL - 2022-04-20 11:43:13 --> Undefined variable: namaFile
#0 C:\xampp\htdocs\tokobuku\app\Controllers\Book.php(193): CodeIgniter\Debug\Exceptions->errorHandler(8, 'Undefined varia...', 'C:\\xampp\\htdocs...', 193, Array)
#1 C:\xampp\htdocs\tokobuku\system\CodeIgniter.php(832): App\Controllers\Book->update('8')
#2 C:\xampp\htdocs\tokobuku\system\CodeIgniter.php(419): CodeIgniter\CodeIgniter->runController(Object(App\Controllers\Book))
#3 C:\xampp\htdocs\tokobuku\system\CodeIgniter.php(326): CodeIgniter\CodeIgniter->handleRequest(NULL, Object(Config\Cache), false)
#4 C:\xampp\htdocs\tokobuku\public\index.php(37): CodeIgniter\CodeIgniter->run()
#5 C:\xampp\htdocs\tokobuku\system\Commands\Server\rewrite.php(43): require_once('C:\\xampp\\htdocs...')
#6 {main}
CRITICAL - 2022-04-20 11:43:37 --> Undefined variable: namaFile
#0 C:\xampp\htdocs\tokobuku\app\Controllers\Book.php(193): CodeIgniter\Debug\Exceptions->errorHandler(8, 'Undefined varia...', 'C:\\xampp\\htdocs...', 193, Array)
#1 C:\xampp\htdocs\tokobuku\system\CodeIgniter.php(832): App\Controllers\Book->update('8')
#2 C:\xampp\htdocs\tokobuku\system\CodeIgniter.php(419): CodeIgniter\CodeIgniter->runController(Object(App\Controllers\Book))
#3 C:\xampp\htdocs\tokobuku\system\CodeIgniter.php(326): CodeIgniter\CodeIgniter->handleRequest(NULL, Object(Config\Cache), false)
#4 C:\xampp\htdocs\tokobuku\public\index.php(37): CodeIgniter\CodeIgniter->run()
#5 C:\xampp\htdocs\tokobuku\system\Commands\Server\rewrite.php(43): require_once('C:\\xampp\\htdocs...')
#6 {main}
CRITICAL - 2022-04-20 19:57:59 --> Undefined variable: validation
#0 C:\xampp\htdocs\tokobuku\app\Views\supplier\create.php(23): CodeIgniter\Debug\Exceptions->errorHandler(8, 'Undefined varia...', 'C:\\xampp\\htdocs...', 23, Array)
#1 C:\xampp\htdocs\tokobuku\system\View\View.php(210): include('C:\\xampp\\htdocs...')
#2 C:\xampp\htdocs\tokobuku\system\View\View.php(213): CodeIgniter\View\View->CodeIgniter\View\{closure}()
#3 C:\xampp\htdocs\tokobuku\system\Common.php(1089): CodeIgniter\View\View->render('supplier/create', Array, true)
#4 C:\xampp\htdocs\tokobuku\app\Controllers\Supplier.php(37): view('supplier/create', Array)
#5 C:\xampp\htdocs\tokobuku\system\CodeIgniter.php(832): App\Controllers\Supplier->create()
#6 C:\xampp\htdocs\tokobuku\system\CodeIgniter.php(419): CodeIgniter\CodeIgniter->runController(Object(App\Controllers\Supplier))
#7 C:\xampp\htdocs\tokobuku\system\CodeIgniter.php(326): CodeIgniter\CodeIgniter->handleRequest(NULL, Object(Config\Cache), false)
#8 C:\xampp\htdocs\tokobuku\public\index.php(37): CodeIgniter\CodeIgniter->run()
#9 C:\xampp\htdocs\tokobuku\system\Commands\Server\rewrite.php(43): require_once('C:\\xampp\\htdocs...')
#10 {main}
CRITICAL - 2022-04-20 19:59:50 --> Undefined variable: validation
#0 C:\xampp\htdocs\tokobuku\app\Views\supplier\create.php(23): CodeIgniter\Debug\Exceptions->errorHandler(8, 'Undefined varia...', 'C:\\xampp\\htdocs...', 23, Array)
#1 C:\xampp\htdocs\tokobuku\system\View\View.php(210): include('C:\\xampp\\htdocs...')
#2 C:\xampp\htdocs\tokobuku\system\View\View.php(213): CodeIgniter\View\View->CodeIgniter\View\{closure}()
#3 C:\xampp\htdocs\tokobuku\system\Common.php(1089): CodeIgniter\View\View->render('supplier/create', Array, true)
#4 C:\xampp\htdocs\tokobuku\app\Controllers\Supplier.php(37): view('supplier/create', Array)
#5 C:\xampp\htdocs\tokobuku\system\CodeIgniter.php(832): App\Controllers\Supplier->create()
#6 C:\xampp\htdocs\tokobuku\system\CodeIgniter.php(419): CodeIgniter\CodeIgniter->runController(Object(App\Controllers\Supplier))
#7 C:\xampp\htdocs\tokobuku\system\CodeIgniter.php(326): CodeIgniter\CodeIgniter->handleRequest(NULL, Object(Config\Cache), false)
#8 C:\xampp\htdocs\tokobuku\public\index.php(37): CodeIgniter\CodeIgniter->run()
#9 C:\xampp\htdocs\tokobuku\system\Commands\Server\rewrite.php(43): require_once('C:\\xampp\\htdocs...')
#10 {main}
CRITICAL - 2022-04-20 19:59:52 --> Undefined variable: validation
#0 C:\xampp\htdocs\tokobuku\app\Views\supplier\create.php(23): CodeIgniter\Debug\Exceptions->errorHandler(8, 'Undefined varia...', 'C:\\xampp\\htdocs...', 23, Array)
#1 C:\xampp\htdocs\tokobuku\system\View\View.php(210): include('C:\\xampp\\htdocs...')
#2 C:\xampp\htdocs\tokobuku\system\View\View.php(213): CodeIgniter\View\View->CodeIgniter\View\{closure}()
#3 C:\xampp\htdocs\tokobuku\system\Common.php(1089): CodeIgniter\View\View->render('supplier/create', Array, true)
#4 C:\xampp\htdocs\tokobuku\app\Controllers\Supplier.php(37): view('supplier/create', Array)
#5 C:\xampp\htdocs\tokobuku\system\CodeIgniter.php(832): App\Controllers\Supplier->create()
#6 C:\xampp\htdocs\tokobuku\system\CodeIgniter.php(419): CodeIgniter\CodeIgniter->runController(Object(App\Controllers\Supplier))
#7 C:\xampp\htdocs\tokobuku\system\CodeIgniter.php(326): CodeIgniter\CodeIgniter->handleRequest(NULL, Object(Config\Cache), false)
#8 C:\xampp\htdocs\tokobuku\public\index.php(37): CodeIgniter\CodeIgniter->run()
#9 C:\xampp\htdocs\tokobuku\system\Commands\Server\rewrite.php(43): require_once('C:\\xampp\\htdocs...')
#10 {main}
CRITICAL - 2022-04-20 20:01:12 --> Undefined variable: validation
#0 C:\xampp\htdocs\tokobuku\app\Views\supplier\create.php(23): CodeIgniter\Debug\Exceptions->errorHandler(8, 'Undefined varia...', 'C:\\xampp\\htdocs...', 23, Array)
#1 C:\xampp\htdocs\tokobuku\system\View\View.php(210): include('C:\\xampp\\htdocs...')
#2 C:\xampp\htdocs\tokobuku\system\View\View.php(213): CodeIgniter\View\View->CodeIgniter\View\{closure}()
#3 C:\xampp\htdocs\tokobuku\system\Common.php(1089): CodeIgniter\View\View->render('supplier/create', Array, true)
#4 C:\xampp\htdocs\tokobuku\app\Controllers\Supplier.php(37): view('supplier/create', Array)
#5 C:\xampp\htdocs\tokobuku\system\CodeIgniter.php(832): App\Controllers\Supplier->create()
#6 C:\xampp\htdocs\tokobuku\system\CodeIgniter.php(419): CodeIgniter\CodeIgniter->runController(Object(App\Controllers\Supplier))
#7 C:\xampp\htdocs\tokobuku\system\CodeIgniter.php(326): CodeIgniter\CodeIgniter->handleRequest(NULL, Object(Config\Cache), false)
#8 C:\xampp\htdocs\tokobuku\public\index.php(37): CodeIgniter\CodeIgniter->run()
#9 C:\xampp\htdocs\tokobuku\system\Commands\Server\rewrite.php(43): require_once('C:\\xampp\\htdocs...')
#10 {main}
CRITICAL - 2022-04-20 20:01:13 --> Undefined variable: validation
#0 C:\xampp\htdocs\tokobuku\app\Views\supplier\create.php(23): CodeIgniter\Debug\Exceptions->errorHandler(8, 'Undefined varia...', 'C:\\xampp\\htdocs...', 23, Array)
#1 C:\xampp\htdocs\tokobuku\system\View\View.php(210): include('C:\\xampp\\htdocs...')
#2 C:\xampp\htdocs\tokobuku\system\View\View.php(213): CodeIgniter\View\View->CodeIgniter\View\{closure}()
#3 C:\xampp\htdocs\tokobuku\system\Common.php(1089): CodeIgniter\View\View->render('supplier/create', Array, true)
#4 C:\xampp\htdocs\tokobuku\app\Controllers\Supplier.php(37): view('supplier/create', Array)
#5 C:\xampp\htdocs\tokobuku\system\CodeIgniter.php(832): App\Controllers\Supplier->create()
#6 C:\xampp\htdocs\tokobuku\system\CodeIgniter.php(419): CodeIgniter\CodeIgniter->runController(Object(App\Controllers\Supplier))
#7 C:\xampp\htdocs\tokobuku\system\CodeIgniter.php(326): CodeIgniter\CodeIgniter->handleRequest(NULL, Object(Config\Cache), false)
#8 C:\xampp\htdocs\tokobuku\public\index.php(37): CodeIgniter\CodeIgniter->run()
#9 C:\xampp\htdocs\tokobuku\system\Commands\Server\rewrite.php(43): require_once('C:\\xampp\\htdocs...')
#10 {main}
CRITICAL - 2022-04-20 20:01:14 --> Undefined variable: validation
#0 C:\xampp\htdocs\tokobuku\app\Views\supplier\create.php(23): CodeIgniter\Debug\Exceptions->errorHandler(8, 'Undefined varia...', 'C:\\xampp\\htdocs...', 23, Array)
#1 C:\xampp\htdocs\tokobuku\system\View\View.php(210): include('C:\\xampp\\htdocs...')
#2 C:\xampp\htdocs\tokobuku\system\View\View.php(213): CodeIgniter\View\View->CodeIgniter\View\{closure}()
#3 C:\xampp\htdocs\tokobuku\system\Common.php(1089): CodeIgniter\View\View->render('supplier/create', Array, true)
#4 C:\xampp\htdocs\tokobuku\app\Controllers\Supplier.php(37): view('supplier/create', Array)
#5 C:\xampp\htdocs\tokobuku\system\CodeIgniter.php(832): App\Controllers\Supplier->create()
#6 C:\xampp\htdocs\tokobuku\system\CodeIgniter.php(419): CodeIgniter\CodeIgniter->runController(Object(App\Controllers\Supplier))
#7 C:\xampp\htdocs\tokobuku\system\CodeIgniter.php(326): CodeIgniter\CodeIgniter->handleRequest(NULL, Object(Config\Cache), false)
#8 C:\xampp\htdocs\tokobuku\public\index.php(37): CodeIgniter\CodeIgniter->run()
#9 C:\xampp\htdocs\tokobuku\system\Commands\Server\rewrite.php(43): require_once('C:\\xampp\\htdocs...')
#10 {main}
CRITICAL - 2022-04-20 20:01:15 --> Undefined variable: validation
#0 C:\xampp\htdocs\tokobuku\app\Views\supplier\create.php(23): CodeIgniter\Debug\Exceptions->errorHandler(8, 'Undefined varia...', 'C:\\xampp\\htdocs...', 23, Array)
#1 C:\xampp\htdocs\tokobuku\system\View\View.php(210): include('C:\\xampp\\htdocs...')
#2 C:\xampp\htdocs\tokobuku\system\View\View.php(213): CodeIgniter\View\View->CodeIgniter\View\{closure}()
#3 C:\xampp\htdocs\tokobuku\system\Common.php(1089): CodeIgniter\View\View->render('supplier/create', Array, true)
#4 C:\xampp\htdocs\tokobuku\app\Controllers\Supplier.php(37): view('supplier/create', Array)
#5 C:\xampp\htdocs\tokobuku\system\CodeIgniter.php(832): App\Controllers\Supplier->create()
#6 C:\xampp\htdocs\tokobuku\system\CodeIgniter.php(419): CodeIgniter\CodeIgniter->runController(Object(App\Controllers\Supplier))
#7 C:\xampp\htdocs\tokobuku\system\CodeIgniter.php(326): CodeIgniter\CodeIgniter->handleRequest(NULL, Object(Config\Cache), false)
#8 C:\xampp\htdocs\tokobuku\public\index.php(37): CodeIgniter\CodeIgniter->run()
#9 C:\xampp\htdocs\tokobuku\system\Commands\Server\rewrite.php(43): require_once('C:\\xampp\\htdocs...')
#10 {main}
CRITICAL - 2022-04-20 20:01:16 --> Undefined variable: validation
#0 C:\xampp\htdocs\tokobuku\app\Views\supplier\create.php(23): CodeIgniter\Debug\Exceptions->errorHandler(8, 'Undefined varia...', 'C:\\xampp\\htdocs...', 23, Array)
#1 C:\xampp\htdocs\tokobuku\system\View\View.php(210): include('C:\\xampp\\htdocs...')
#2 C:\xampp\htdocs\tokobuku\system\View\View.php(213): CodeIgniter\View\View->CodeIgniter\View\{closure}()
#3 C:\xampp\htdocs\tokobuku\system\Common.php(1089): CodeIgniter\View\View->render('supplier/create', Array, true)
#4 C:\xampp\htdocs\tokobuku\app\Controllers\Supplier.php(37): view('supplier/create', Array)
#5 C:\xampp\htdocs\tokobuku\system\CodeIgniter.php(832): App\Controllers\Supplier->create()
#6 C:\xampp\htdocs\tokobuku\system\CodeIgniter.php(419): CodeIgniter\CodeIgniter->runController(Object(App\Controllers\Supplier))
#7 C:\xampp\htdocs\tokobuku\system\CodeIgniter.php(326): CodeIgniter\CodeIgniter->handleRequest(NULL, Object(Config\Cache), false)
#8 C:\xampp\htdocs\tokobuku\public\index.php(37): CodeIgniter\CodeIgniter->run()
#9 C:\xampp\htdocs\tokobuku\system\Commands\Server\rewrite.php(43): require_once('C:\\xampp\\htdocs...')
#10 {main}
CRITICAL - 2022-04-20 20:01:17 --> Undefined variable: validation
#0 C:\xampp\htdocs\tokobuku\app\Views\supplier\create.php(23): CodeIgniter\Debug\Exceptions->errorHandler(8, 'Undefined varia...', 'C:\\xampp\\htdocs...', 23, Array)
#1 C:\xampp\htdocs\tokobuku\system\View\View.php(210): include('C:\\xampp\\htdocs...')
#2 C:\xampp\htdocs\tokobuku\system\View\View.php(213): CodeIgniter\View\View->CodeIgniter\View\{closure}()
#3 C:\xampp\htdocs\tokobuku\system\Common.php(1089): CodeIgniter\View\View->render('supplier/create', Array, true)
#4 C:\xampp\htdocs\tokobuku\app\Controllers\Supplier.php(37): view('supplier/create', Array)
#5 C:\xampp\htdocs\tokobuku\system\CodeIgniter.php(832): App\Controllers\Supplier->create()
#6 C:\xampp\htdocs\tokobuku\system\CodeIgniter.php(419): CodeIgniter\CodeIgniter->runController(Object(App\Controllers\Supplier))
#7 C:\xampp\htdocs\tokobuku\system\CodeIgniter.php(326): CodeIgniter\CodeIgniter->handleRequest(NULL, Object(Config\Cache), false)
#8 C:\xampp\htdocs\tokobuku\public\index.php(37): CodeIgniter\CodeIgniter->run()
#9 C:\xampp\htdocs\tokobuku\system\Commands\Server\rewrite.php(43): require_once('C:\\xampp\\htdocs...')
#10 {main}
CRITICAL - 2022-04-20 20:01:19 --> Undefined variable: validation
#0 C:\xampp\htdocs\tokobuku\app\Views\supplier\create.php(23): CodeIgniter\Debug\Exceptions->errorHandler(8, 'Undefined varia...', 'C:\\xampp\\htdocs...', 23, Array)
#1 C:\xampp\htdocs\tokobuku\system\View\View.php(210): include('C:\\xampp\\htdocs...')
#2 C:\xampp\htdocs\tokobuku\system\View\View.php(213): CodeIgniter\View\View->CodeIgniter\View\{closure}()
#3 C:\xampp\htdocs\tokobuku\system\Common.php(1089): CodeIgniter\View\View->render('supplier/create', Array, true)
#4 C:\xampp\htdocs\tokobuku\app\Controllers\Supplier.php(37): view('supplier/create', Array)
#5 C:\xampp\htdocs\tokobuku\system\CodeIgniter.php(832): App\Controllers\Supplier->create()
#6 C:\xampp\htdocs\tokobuku\system\CodeIgniter.php(419): CodeIgniter\CodeIgniter->runController(Object(App\Controllers\Supplier))
#7 C:\xampp\htdocs\tokobuku\system\CodeIgniter.php(326): CodeIgniter\CodeIgniter->handleRequest(NULL, Object(Config\Cache), false)
#8 C:\xampp\htdocs\tokobuku\public\index.php(37): CodeIgniter\CodeIgniter->run()
#9 C:\xampp\htdocs\tokobuku\system\Commands\Server\rewrite.php(43): require_once('C:\\xampp\\htdocs...')
#10 {main}
CRITICAL - 2022-04-20 20:02:53 --> Undefined variable: validation
#0 C:\xampp\htdocs\tokobuku\app\Views\supplier\create.php(23): CodeIgniter\Debug\Exceptions->errorHandler(8, 'Undefined varia...', 'C:\\xampp\\htdocs...', 23, Array)
#1 C:\xampp\htdocs\tokobuku\system\View\View.php(210): include('C:\\xampp\\htdocs...')
#2 C:\xampp\htdocs\tokobuku\system\View\View.php(213): CodeIgniter\View\View->CodeIgniter\View\{closure}()
#3 C:\xampp\htdocs\tokobuku\system\Common.php(1089): CodeIgniter\View\View->render('supplier/create', Array, true)
#4 C:\xampp\htdocs\tokobuku\app\Controllers\Supplier.php(37): view('supplier/create', Array)
#5 C:\xampp\htdocs\tokobuku\system\CodeIgniter.php(832): App\Controllers\Supplier->create()
#6 C:\xampp\htdocs\tokobuku\system\CodeIgniter.php(419): CodeIgniter\CodeIgniter->runController(Object(App\Controllers\Supplier))
#7 C:\xampp\htdocs\tokobuku\system\CodeIgniter.php(326): CodeIgniter\CodeIgniter->handleRequest(NULL, Object(Config\Cache), false)
#8 C:\xampp\htdocs\tokobuku\public\index.php(37): CodeIgniter\CodeIgniter->run()
#9 C:\xampp\htdocs\tokobuku\system\Commands\Server\rewrite.php(43): require_once('C:\\xampp\\htdocs...')
#10 {main}
CRITICAL - 2022-04-20 20:02:54 --> Undefined variable: validation
#0 C:\xampp\htdocs\tokobuku\app\Views\supplier\create.php(23): CodeIgniter\Debug\Exceptions->errorHandler(8, 'Undefined varia...', 'C:\\xampp\\htdocs...', 23, Array)
#1 C:\xampp\htdocs\tokobuku\system\View\View.php(210): include('C:\\xampp\\htdocs...')
#2 C:\xampp\htdocs\tokobuku\system\View\View.php(213): CodeIgniter\View\View->CodeIgniter\View\{closure}()
#3 C:\xampp\htdocs\tokobuku\system\Common.php(1089): CodeIgniter\View\View->render('supplier/create', Array, true)
#4 C:\xampp\htdocs\tokobuku\app\Controllers\Supplier.php(37): view('supplier/create', Array)
#5 C:\xampp\htdocs\tokobuku\system\CodeIgniter.php(832): App\Controllers\Supplier->create()
#6 C:\xampp\htdocs\tokobuku\system\CodeIgniter.php(419): CodeIgniter\CodeIgniter->runController(Object(App\Controllers\Supplier))
#7 C:\xampp\htdocs\tokobuku\system\CodeIgniter.php(326): CodeIgniter\CodeIgniter->handleRequest(NULL, Object(Config\Cache), false)
#8 C:\xampp\htdocs\tokobuku\public\index.php(37): CodeIgniter\CodeIgniter->run()
#9 C:\xampp\htdocs\tokobuku\system\Commands\Server\rewrite.php(43): require_once('C:\\xampp\\htdocs...')
#10 {main}
CRITICAL - 2022-04-20 20:02:54 --> Undefined variable: validation
#0 C:\xampp\htdocs\tokobuku\app\Views\supplier\create.php(23): CodeIgniter\Debug\Exceptions->errorHandler(8, 'Undefined varia...', 'C:\\xampp\\htdocs...', 23, Array)
#1 C:\xampp\htdocs\tokobuku\system\View\View.php(210): include('C:\\xampp\\htdocs...')
#2 C:\xampp\htdocs\tokobuku\system\View\View.php(213): CodeIgniter\View\View->CodeIgniter\View\{closure}()
#3 C:\xampp\htdocs\tokobuku\system\Common.php(1089): CodeIgniter\View\View->render('supplier/create', Array, true)
#4 C:\xampp\htdocs\tokobuku\app\Controllers\Supplier.php(37): view('supplier/create', Array)
#5 C:\xampp\htdocs\tokobuku\system\CodeIgniter.php(832): App\Controllers\Supplier->create()
#6 C:\xampp\htdocs\tokobuku\system\CodeIgniter.php(419): CodeIgniter\CodeIgniter->runController(Object(App\Controllers\Supplier))
#7 C:\xampp\htdocs\tokobuku\system\CodeIgniter.php(326): CodeIgniter\CodeIgniter->handleRequest(NULL, Object(Config\Cache), false)
#8 C:\xampp\htdocs\tokobuku\public\index.php(37): CodeIgniter\CodeIgniter->run()
#9 C:\xampp\htdocs\tokobuku\system\Commands\Server\rewrite.php(43): require_once('C:\\xampp\\htdocs...')
#10 {main}
CRITICAL - 2022-04-20 22:41:55 --> Object of class App\Controllers\Supplier could not be converted to string
#0 D:\bakcupproject\New folder\tokobuku\app\Controllers\Supplier.php(72): CodeIgniter\Debug\Exceptions->errorHandler(4096, 'Object of class...', 'D:\\bakcupprojec...', 72, Array)
#1 D:\bakcupproject\New folder\tokobuku\system\CodeIgniter.php(832): App\Controllers\Supplier->save()
#2 D:\bakcupproject\New folder\tokobuku\system\CodeIgniter.php(419): CodeIgniter\CodeIgniter->runController(Object(App\Controllers\Supplier))
#3 D:\bakcupproject\New folder\tokobuku\system\CodeIgniter.php(326): CodeIgniter\CodeIgniter->handleRequest(NULL, Object(Config\Cache), false)
#4 D:\bakcupproject\New folder\tokobuku\public\index.php(37): CodeIgniter\CodeIgniter->run()
#5 D:\bakcupproject\New folder\tokobuku\system\Commands\Server\rewrite.php(43): require_once('D:\\bakcupprojec...')
#6 {main}
