CRITICAL - 2022-03-11 04:21:56 --> Argument 1 passed to url_title() must be of the type string, null given, called in C:\xampp\htdocs\tokobuku\app\Controllers\Book.php on line 68
#0 C:\xampp\htdocs\tokobuku\app\Controllers\Book.php(68): url_title(NULL, '-', true)
#1 C:\xampp\htdocs\tokobuku\system\CodeIgniter.php(832): App\Controllers\Book->save()
#2 C:\xampp\htdocs\tokobuku\system\CodeIgniter.php(419): CodeIgniter\CodeIgniter->runController(Object(App\Controllers\Book))
#3 C:\xampp\htdocs\tokobuku\system\CodeIgniter.php(326): CodeIgniter\CodeIgniter->handleRequest(NULL, Object(Config\Cache), false)
#4 C:\xampp\htdocs\tokobuku\public\index.php(37): CodeIgniter\CodeIgniter->run()
#5 C:\xampp\htdocs\tokobuku\system\Commands\Server\rewrite.php(43): require_once('C:\\xampp\\htdocs...')
#6 {main}
CRITICAL - 2022-03-11 05:16:02 --> required|is_unique is not a valid rule.
#0 C:\xampp\htdocs\tokobuku\system\Validation\Validation.php(300): CodeIgniter\Validation\Exceptions\ValidationException::forRuleNotFound('required|is_uni...')
#1 C:\xampp\htdocs\tokobuku\system\Validation\Validation.php(157): CodeIgniter\Validation\Validation->processRules('judul', 'judul', 'Wajah Baru', Array, Array)
#2 C:\xampp\htdocs\tokobuku\system\Controller.php(160): CodeIgniter\Validation\Validation->run()
#3 C:\xampp\htdocs\tokobuku\app\Controllers\Book.php(59): CodeIgniter\Controller->validate(Array)
#4 C:\xampp\htdocs\tokobuku\system\CodeIgniter.php(832): App\Controllers\Book->save()
#5 C:\xampp\htdocs\tokobuku\system\CodeIgniter.php(419): CodeIgniter\CodeIgniter->runController(Object(App\Controllers\Book))
#6 C:\xampp\htdocs\tokobuku\system\CodeIgniter.php(326): CodeIgniter\CodeIgniter->handleRequest(NULL, Object(Config\Cache), false)
#7 C:\xampp\htdocs\tokobuku\public\index.php(37): CodeIgniter\CodeIgniter->run()
#8 C:\xampp\htdocs\tokobuku\system\Commands\Server\rewrite.php(43): require_once('C:\\xampp\\htdocs...')
#9 {main}
CRITICAL - 2022-03-11 05:16:36 --> Use of undefined constant ‘judul’ - assumed '‘judul’' (this will throw an Error in a future version of PHP)
#0 C:\xampp\htdocs\tokobuku\app\Views\book\create.php(29): CodeIgniter\Debug\Exceptions->errorHandler(2, 'Use of undefine...', 'C:\\xampp\\htdocs...', 29, Array)
#1 C:\xampp\htdocs\tokobuku\system\View\View.php(210): include('C:\\xampp\\htdocs...')
#2 C:\xampp\htdocs\tokobuku\system\View\View.php(213): CodeIgniter\View\View->CodeIgniter\View\{closure}()
#3 C:\xampp\htdocs\tokobuku\system\Common.php(1089): CodeIgniter\View\View->render('book/create', Array, true)
#4 C:\xampp\htdocs\tokobuku\app\Controllers\Book.php(53): view('book/create', Array)
#5 C:\xampp\htdocs\tokobuku\system\CodeIgniter.php(832): App\Controllers\Book->create()
#6 C:\xampp\htdocs\tokobuku\system\CodeIgniter.php(419): CodeIgniter\CodeIgniter->runController(Object(App\Controllers\Book))
#7 C:\xampp\htdocs\tokobuku\system\CodeIgniter.php(326): CodeIgniter\CodeIgniter->handleRequest(NULL, Object(Config\Cache), false)
#8 C:\xampp\htdocs\tokobuku\public\index.php(37): CodeIgniter\CodeIgniter->run()
#9 C:\xampp\htdocs\tokobuku\system\Commands\Server\rewrite.php(43): require_once('C:\\xampp\\htdocs...')
#10 {main}
CRITICAL - 2022-03-11 05:16:38 --> Use of undefined constant ‘judul’ - assumed '‘judul’' (this will throw an Error in a future version of PHP)
#0 C:\xampp\htdocs\tokobuku\app\Views\book\create.php(29): CodeIgniter\Debug\Exceptions->errorHandler(2, 'Use of undefine...', 'C:\\xampp\\htdocs...', 29, Array)
#1 C:\xampp\htdocs\tokobuku\system\View\View.php(210): include('C:\\xampp\\htdocs...')
#2 C:\xampp\htdocs\tokobuku\system\View\View.php(213): CodeIgniter\View\View->CodeIgniter\View\{closure}()
#3 C:\xampp\htdocs\tokobuku\system\Common.php(1089): CodeIgniter\View\View->render('book/create', Array, true)
#4 C:\xampp\htdocs\tokobuku\app\Controllers\Book.php(53): view('book/create', Array)
#5 C:\xampp\htdocs\tokobuku\system\CodeIgniter.php(832): App\Controllers\Book->create()
#6 C:\xampp\htdocs\tokobuku\system\CodeIgniter.php(419): CodeIgniter\CodeIgniter->runController(Object(App\Controllers\Book))
#7 C:\xampp\htdocs\tokobuku\system\CodeIgniter.php(326): CodeIgniter\CodeIgniter->handleRequest(NULL, Object(Config\Cache), false)
#8 C:\xampp\htdocs\tokobuku\public\index.php(37): CodeIgniter\CodeIgniter->run()
#9 C:\xampp\htdocs\tokobuku\system\Commands\Server\rewrite.php(43): require_once('C:\\xampp\\htdocs...')
#10 {main}
CRITICAL - 2022-03-11 05:16:39 --> Use of undefined constant ‘judul’ - assumed '‘judul’' (this will throw an Error in a future version of PHP)
#0 C:\xampp\htdocs\tokobuku\app\Views\book\create.php(29): CodeIgniter\Debug\Exceptions->errorHandler(2, 'Use of undefine...', 'C:\\xampp\\htdocs...', 29, Array)
#1 C:\xampp\htdocs\tokobuku\system\View\View.php(210): include('C:\\xampp\\htdocs...')
#2 C:\xampp\htdocs\tokobuku\system\View\View.php(213): CodeIgniter\View\View->CodeIgniter\View\{closure}()
#3 C:\xampp\htdocs\tokobuku\system\Common.php(1089): CodeIgniter\View\View->render('book/create', Array, true)
#4 C:\xampp\htdocs\tokobuku\app\Controllers\Book.php(53): view('book/create', Array)
#5 C:\xampp\htdocs\tokobuku\system\CodeIgniter.php(832): App\Controllers\Book->create()
#6 C:\xampp\htdocs\tokobuku\system\CodeIgniter.php(419): CodeIgniter\CodeIgniter->runController(Object(App\Controllers\Book))
#7 C:\xampp\htdocs\tokobuku\system\CodeIgniter.php(326): CodeIgniter\CodeIgniter->handleRequest(NULL, Object(Config\Cache), false)
#8 C:\xampp\htdocs\tokobuku\public\index.php(37): CodeIgniter\CodeIgniter->run()
#9 C:\xampp\htdocs\tokobuku\system\Commands\Server\rewrite.php(43): require_once('C:\\xampp\\htdocs...')
#10 {main}
CRITICAL - 2022-03-11 05:16:40 --> Use of undefined constant ‘judul’ - assumed '‘judul’' (this will throw an Error in a future version of PHP)
#0 C:\xampp\htdocs\tokobuku\app\Views\book\create.php(29): CodeIgniter\Debug\Exceptions->errorHandler(2, 'Use of undefine...', 'C:\\xampp\\htdocs...', 29, Array)
#1 C:\xampp\htdocs\tokobuku\system\View\View.php(210): include('C:\\xampp\\htdocs...')
#2 C:\xampp\htdocs\tokobuku\system\View\View.php(213): CodeIgniter\View\View->CodeIgniter\View\{closure}()
#3 C:\xampp\htdocs\tokobuku\system\Common.php(1089): CodeIgniter\View\View->render('book/create', Array, true)
#4 C:\xampp\htdocs\tokobuku\app\Controllers\Book.php(53): view('book/create', Array)
#5 C:\xampp\htdocs\tokobuku\system\CodeIgniter.php(832): App\Controllers\Book->create()
#6 C:\xampp\htdocs\tokobuku\system\CodeIgniter.php(419): CodeIgniter\CodeIgniter->runController(Object(App\Controllers\Book))
#7 C:\xampp\htdocs\tokobuku\system\CodeIgniter.php(326): CodeIgniter\CodeIgniter->handleRequest(NULL, Object(Config\Cache), false)
#8 C:\xampp\htdocs\tokobuku\public\index.php(37): CodeIgniter\CodeIgniter->run()
#9 C:\xampp\htdocs\tokobuku\system\Commands\Server\rewrite.php(43): require_once('C:\\xampp\\htdocs...')
#10 {main}
CRITICAL - 2022-03-11 05:16:41 --> Use of undefined constant ‘judul’ - assumed '‘judul’' (this will throw an Error in a future version of PHP)
#0 C:\xampp\htdocs\tokobuku\app\Views\book\create.php(29): CodeIgniter\Debug\Exceptions->errorHandler(2, 'Use of undefine...', 'C:\\xampp\\htdocs...', 29, Array)
#1 C:\xampp\htdocs\tokobuku\system\View\View.php(210): include('C:\\xampp\\htdocs...')
#2 C:\xampp\htdocs\tokobuku\system\View\View.php(213): CodeIgniter\View\View->CodeIgniter\View\{closure}()
#3 C:\xampp\htdocs\tokobuku\system\Common.php(1089): CodeIgniter\View\View->render('book/create', Array, true)
#4 C:\xampp\htdocs\tokobuku\app\Controllers\Book.php(53): view('book/create', Array)
#5 C:\xampp\htdocs\tokobuku\system\CodeIgniter.php(832): App\Controllers\Book->create()
#6 C:\xampp\htdocs\tokobuku\system\CodeIgniter.php(419): CodeIgniter\CodeIgniter->runController(Object(App\Controllers\Book))
#7 C:\xampp\htdocs\tokobuku\system\CodeIgniter.php(326): CodeIgniter\CodeIgniter->handleRequest(NULL, Object(Config\Cache), false)
#8 C:\xampp\htdocs\tokobuku\public\index.php(37): CodeIgniter\CodeIgniter->run()
#9 C:\xampp\htdocs\tokobuku\system\Commands\Server\rewrite.php(43): require_once('C:\\xampp\\htdocs...')
#10 {main}
CRITICAL - 2022-03-11 05:16:42 --> Use of undefined constant ‘judul’ - assumed '‘judul’' (this will throw an Error in a future version of PHP)
#0 C:\xampp\htdocs\tokobuku\app\Views\book\create.php(29): CodeIgniter\Debug\Exceptions->errorHandler(2, 'Use of undefine...', 'C:\\xampp\\htdocs...', 29, Array)
#1 C:\xampp\htdocs\tokobuku\system\View\View.php(210): include('C:\\xampp\\htdocs...')
#2 C:\xampp\htdocs\tokobuku\system\View\View.php(213): CodeIgniter\View\View->CodeIgniter\View\{closure}()
#3 C:\xampp\htdocs\tokobuku\system\Common.php(1089): CodeIgniter\View\View->render('book/create', Array, true)
#4 C:\xampp\htdocs\tokobuku\app\Controllers\Book.php(53): view('book/create', Array)
#5 C:\xampp\htdocs\tokobuku\system\CodeIgniter.php(832): App\Controllers\Book->create()
#6 C:\xampp\htdocs\tokobuku\system\CodeIgniter.php(419): CodeIgniter\CodeIgniter->runController(Object(App\Controllers\Book))
#7 C:\xampp\htdocs\tokobuku\system\CodeIgniter.php(326): CodeIgniter\CodeIgniter->handleRequest(NULL, Object(Config\Cache), false)
#8 C:\xampp\htdocs\tokobuku\public\index.php(37): CodeIgniter\CodeIgniter->run()
#9 C:\xampp\htdocs\tokobuku\system\Commands\Server\rewrite.php(43): require_once('C:\\xampp\\htdocs...')
#10 {main}
CRITICAL - 2022-03-11 05:16:52 --> Use of undefined constant ‘judul’ - assumed '‘judul’' (this will throw an Error in a future version of PHP)
#0 C:\xampp\htdocs\tokobuku\app\Views\book\create.php(29): CodeIgniter\Debug\Exceptions->errorHandler(2, 'Use of undefine...', 'C:\\xampp\\htdocs...', 29, Array)
#1 C:\xampp\htdocs\tokobuku\system\View\View.php(210): include('C:\\xampp\\htdocs...')
#2 C:\xampp\htdocs\tokobuku\system\View\View.php(213): CodeIgniter\View\View->CodeIgniter\View\{closure}()
#3 C:\xampp\htdocs\tokobuku\system\Common.php(1089): CodeIgniter\View\View->render('book/create', Array, true)
#4 C:\xampp\htdocs\tokobuku\app\Controllers\Book.php(53): view('book/create', Array)
#5 C:\xampp\htdocs\tokobuku\system\CodeIgniter.php(832): App\Controllers\Book->create()
#6 C:\xampp\htdocs\tokobuku\system\CodeIgniter.php(419): CodeIgniter\CodeIgniter->runController(Object(App\Controllers\Book))
#7 C:\xampp\htdocs\tokobuku\system\CodeIgniter.php(326): CodeIgniter\CodeIgniter->handleRequest(NULL, Object(Config\Cache), false)
#8 C:\xampp\htdocs\tokobuku\public\index.php(37): CodeIgniter\CodeIgniter->run()
#9 C:\xampp\htdocs\tokobuku\system\Commands\Server\rewrite.php(43): require_once('C:\\xampp\\htdocs...')
#10 {main}
CRITICAL - 2022-03-11 05:18:54 --> required|is_unique is not a valid rule.
#0 C:\xampp\htdocs\tokobuku\system\Validation\Validation.php(300): CodeIgniter\Validation\Exceptions\ValidationException::forRuleNotFound('required|is_uni...')
#1 C:\xampp\htdocs\tokobuku\system\Validation\Validation.php(157): CodeIgniter\Validation\Validation->processRules('judul', 'judul', '', Array, Array)
#2 C:\xampp\htdocs\tokobuku\system\Controller.php(160): CodeIgniter\Validation\Validation->run()
#3 C:\xampp\htdocs\tokobuku\app\Controllers\Book.php(59): CodeIgniter\Controller->validate(Array)
#4 C:\xampp\htdocs\tokobuku\system\CodeIgniter.php(832): App\Controllers\Book->save()
#5 C:\xampp\htdocs\tokobuku\system\CodeIgniter.php(419): CodeIgniter\CodeIgniter->runController(Object(App\Controllers\Book))
#6 C:\xampp\htdocs\tokobuku\system\CodeIgniter.php(326): CodeIgniter\CodeIgniter->handleRequest(NULL, Object(Config\Cache), false)
#7 C:\xampp\htdocs\tokobuku\public\index.php(37): CodeIgniter\CodeIgniter->run()
#8 C:\xampp\htdocs\tokobuku\system\Commands\Server\rewrite.php(43): require_once('C:\\xampp\\htdocs...')
#9 {main}
CRITICAL - 2022-03-11 05:19:46 --> required|is_unique is not a valid rule.
#0 C:\xampp\htdocs\tokobuku\system\Validation\Validation.php(300): CodeIgniter\Validation\Exceptions\ValidationException::forRuleNotFound('required|is_uni...')
#1 C:\xampp\htdocs\tokobuku\system\Validation\Validation.php(157): CodeIgniter\Validation\Validation->processRules('judul', 'judul', '', Array, Array)
#2 C:\xampp\htdocs\tokobuku\system\Controller.php(160): CodeIgniter\Validation\Validation->run()
#3 C:\xampp\htdocs\tokobuku\app\Controllers\Book.php(59): CodeIgniter\Controller->validate(Array)
#4 C:\xampp\htdocs\tokobuku\system\CodeIgniter.php(832): App\Controllers\Book->save()
#5 C:\xampp\htdocs\tokobuku\system\CodeIgniter.php(419): CodeIgniter\CodeIgniter->runController(Object(App\Controllers\Book))
#6 C:\xampp\htdocs\tokobuku\system\CodeIgniter.php(326): CodeIgniter\CodeIgniter->handleRequest(NULL, Object(Config\Cache), false)
#7 C:\xampp\htdocs\tokobuku\public\index.php(37): CodeIgniter\CodeIgniter->run()
#8 C:\xampp\htdocs\tokobuku\system\Commands\Server\rewrite.php(43): require_once('C:\\xampp\\htdocs...')
#9 {main}
CRITICAL - 2022-03-11 05:20:39 --> required|is_unique is not a valid rule.
#0 C:\xampp\htdocs\tokobuku\system\Validation\Validation.php(300): CodeIgniter\Validation\Exceptions\ValidationException::forRuleNotFound('required|is_uni...')
#1 C:\xampp\htdocs\tokobuku\system\Validation\Validation.php(157): CodeIgniter\Validation\Validation->processRules('judul', 'judul', '', Array, Array)
#2 C:\xampp\htdocs\tokobuku\system\Controller.php(160): CodeIgniter\Validation\Validation->run()
#3 C:\xampp\htdocs\tokobuku\app\Controllers\Book.php(59): CodeIgniter\Controller->validate(Array)
#4 C:\xampp\htdocs\tokobuku\system\CodeIgniter.php(832): App\Controllers\Book->save()
#5 C:\xampp\htdocs\tokobuku\system\CodeIgniter.php(419): CodeIgniter\CodeIgniter->runController(Object(App\Controllers\Book))
#6 C:\xampp\htdocs\tokobuku\system\CodeIgniter.php(326): CodeIgniter\CodeIgniter->handleRequest(NULL, Object(Config\Cache), false)
#7 C:\xampp\htdocs\tokobuku\public\index.php(37): CodeIgniter\CodeIgniter->run()
#8 C:\xampp\htdocs\tokobuku\system\Commands\Server\rewrite.php(43): require_once('C:\\xampp\\htdocs...')
#9 {main}
CRITICAL - 2022-03-11 05:25:41 --> required|is_unique is not a valid rule.
#0 C:\xampp\htdocs\tokobuku\system\Validation\Validation.php(300): CodeIgniter\Validation\Exceptions\ValidationException::forRuleNotFound('required|is_uni...')
#1 C:\xampp\htdocs\tokobuku\system\Validation\Validation.php(157): CodeIgniter\Validation\Validation->processRules('judul', 'judul', '', Array, Array)
#2 C:\xampp\htdocs\tokobuku\system\Controller.php(160): CodeIgniter\Validation\Validation->run()
#3 C:\xampp\htdocs\tokobuku\app\Controllers\Book.php(59): CodeIgniter\Controller->validate(Array)
#4 C:\xampp\htdocs\tokobuku\system\CodeIgniter.php(832): App\Controllers\Book->save()
#5 C:\xampp\htdocs\tokobuku\system\CodeIgniter.php(419): CodeIgniter\CodeIgniter->runController(Object(App\Controllers\Book))
#6 C:\xampp\htdocs\tokobuku\system\CodeIgniter.php(326): CodeIgniter\CodeIgniter->handleRequest(NULL, Object(Config\Cache), false)
#7 C:\xampp\htdocs\tokobuku\public\index.php(37): CodeIgniter\CodeIgniter->run()
#8 C:\xampp\htdocs\tokobuku\system\Commands\Server\rewrite.php(43): require_once('C:\\xampp\\htdocs...')
#9 {main}
CRITICAL - 2022-03-11 05:26:03 --> required|is_unique is not a valid rule.
#0 C:\xampp\htdocs\tokobuku\system\Validation\Validation.php(300): CodeIgniter\Validation\Exceptions\ValidationException::forRuleNotFound('required|is_uni...')
#1 C:\xampp\htdocs\tokobuku\system\Validation\Validation.php(157): CodeIgniter\Validation\Validation->processRules('judul', 'judul', '', Array, Array)
#2 C:\xampp\htdocs\tokobuku\system\Controller.php(160): CodeIgniter\Validation\Validation->run()
#3 C:\xampp\htdocs\tokobuku\app\Controllers\Book.php(59): CodeIgniter\Controller->validate(Array)
#4 C:\xampp\htdocs\tokobuku\system\CodeIgniter.php(832): App\Controllers\Book->save()
#5 C:\xampp\htdocs\tokobuku\system\CodeIgniter.php(419): CodeIgniter\CodeIgniter->runController(Object(App\Controllers\Book))
#6 C:\xampp\htdocs\tokobuku\system\CodeIgniter.php(326): CodeIgniter\CodeIgniter->handleRequest(NULL, Object(Config\Cache), false)
#7 C:\xampp\htdocs\tokobuku\public\index.php(37): CodeIgniter\CodeIgniter->run()
#8 C:\xampp\htdocs\tokobuku\system\Commands\Server\rewrite.php(43): require_once('C:\\xampp\\htdocs...')
#9 {main}
CRITICAL - 2022-03-11 05:26:07 --> required|is_unique is not a valid rule.
#0 C:\xampp\htdocs\tokobuku\system\Validation\Validation.php(300): CodeIgniter\Validation\Exceptions\ValidationException::forRuleNotFound('required|is_uni...')
#1 C:\xampp\htdocs\tokobuku\system\Validation\Validation.php(157): CodeIgniter\Validation\Validation->processRules('judul', 'judul', '', Array, Array)
#2 C:\xampp\htdocs\tokobuku\system\Controller.php(160): CodeIgniter\Validation\Validation->run()
#3 C:\xampp\htdocs\tokobuku\app\Controllers\Book.php(59): CodeIgniter\Controller->validate(Array)
#4 C:\xampp\htdocs\tokobuku\system\CodeIgniter.php(832): App\Controllers\Book->save()
#5 C:\xampp\htdocs\tokobuku\system\CodeIgniter.php(419): CodeIgniter\CodeIgniter->runController(Object(App\Controllers\Book))
#6 C:\xampp\htdocs\tokobuku\system\CodeIgniter.php(326): CodeIgniter\CodeIgniter->handleRequest(NULL, Object(Config\Cache), false)
#7 C:\xampp\htdocs\tokobuku\public\index.php(37): CodeIgniter\CodeIgniter->run()
#8 C:\xampp\htdocs\tokobuku\system\Commands\Server\rewrite.php(43): require_once('C:\\xampp\\htdocs...')
#9 {main}
CRITICAL - 2022-03-11 05:26:20 --> required|is_unique is not a valid rule.
#0 C:\xampp\htdocs\tokobuku\system\Validation\Validation.php(300): CodeIgniter\Validation\Exceptions\ValidationException::forRuleNotFound('required|is_uni...')
#1 C:\xampp\htdocs\tokobuku\system\Validation\Validation.php(157): CodeIgniter\Validation\Validation->processRules('judul', 'judul', '', Array, Array)
#2 C:\xampp\htdocs\tokobuku\system\Controller.php(160): CodeIgniter\Validation\Validation->run()
#3 C:\xampp\htdocs\tokobuku\app\Controllers\Book.php(59): CodeIgniter\Controller->validate(Array)
#4 C:\xampp\htdocs\tokobuku\system\CodeIgniter.php(832): App\Controllers\Book->save()
#5 C:\xampp\htdocs\tokobuku\system\CodeIgniter.php(419): CodeIgniter\CodeIgniter->runController(Object(App\Controllers\Book))
#6 C:\xampp\htdocs\tokobuku\system\CodeIgniter.php(326): CodeIgniter\CodeIgniter->handleRequest(NULL, Object(Config\Cache), false)
#7 C:\xampp\htdocs\tokobuku\public\index.php(37): CodeIgniter\CodeIgniter->run()
#8 C:\xampp\htdocs\tokobuku\system\Commands\Server\rewrite.php(43): require_once('C:\\xampp\\htdocs...')
#9 {main}
CRITICAL - 2022-03-11 05:27:21 --> required|is_unique is not a valid rule.
#0 C:\xampp\htdocs\tokobuku\system\Validation\Validation.php(300): CodeIgniter\Validation\Exceptions\ValidationException::forRuleNotFound('required|is_uni...')
#1 C:\xampp\htdocs\tokobuku\system\Validation\Validation.php(157): CodeIgniter\Validation\Validation->processRules('judul', 'judul', '', Array, Array)
#2 C:\xampp\htdocs\tokobuku\system\Controller.php(160): CodeIgniter\Validation\Validation->run()
#3 C:\xampp\htdocs\tokobuku\app\Controllers\Book.php(59): CodeIgniter\Controller->validate(Array)
#4 C:\xampp\htdocs\tokobuku\system\CodeIgniter.php(832): App\Controllers\Book->save()
#5 C:\xampp\htdocs\tokobuku\system\CodeIgniter.php(419): CodeIgniter\CodeIgniter->runController(Object(App\Controllers\Book))
#6 C:\xampp\htdocs\tokobuku\system\CodeIgniter.php(326): CodeIgniter\CodeIgniter->handleRequest(NULL, Object(Config\Cache), false)
#7 C:\xampp\htdocs\tokobuku\public\index.php(37): CodeIgniter\CodeIgniter->run()
#8 C:\xampp\htdocs\tokobuku\system\Commands\Server\rewrite.php(43): require_once('C:\\xampp\\htdocs...')
#9 {main}
CRITICAL - 2022-03-11 05:27:55 --> required|is_unique is not a valid rule.
#0 C:\xampp\htdocs\tokobuku\system\Validation\Validation.php(300): CodeIgniter\Validation\Exceptions\ValidationException::forRuleNotFound('required|is_uni...')
#1 C:\xampp\htdocs\tokobuku\system\Validation\Validation.php(157): CodeIgniter\Validation\Validation->processRules('judul', 'judul', '', Array, Array)
#2 C:\xampp\htdocs\tokobuku\system\Controller.php(160): CodeIgniter\Validation\Validation->run()
#3 C:\xampp\htdocs\tokobuku\app\Controllers\Book.php(59): CodeIgniter\Controller->validate(Array)
#4 C:\xampp\htdocs\tokobuku\system\CodeIgniter.php(832): App\Controllers\Book->save()
#5 C:\xampp\htdocs\tokobuku\system\CodeIgniter.php(419): CodeIgniter\CodeIgniter->runController(Object(App\Controllers\Book))
#6 C:\xampp\htdocs\tokobuku\system\CodeIgniter.php(326): CodeIgniter\CodeIgniter->handleRequest(NULL, Object(Config\Cache), false)
#7 C:\xampp\htdocs\tokobuku\public\index.php(37): CodeIgniter\CodeIgniter->run()
#8 C:\xampp\htdocs\tokobuku\system\Commands\Server\rewrite.php(43): require_once('C:\\xampp\\htdocs...')
#9 {main}
CRITICAL - 2022-03-11 05:29:24 --> required|is_unique is not a valid rule.
#0 C:\xampp\htdocs\tokobuku\system\Validation\Validation.php(300): CodeIgniter\Validation\Exceptions\ValidationException::forRuleNotFound('required|is_uni...')
#1 C:\xampp\htdocs\tokobuku\system\Validation\Validation.php(157): CodeIgniter\Validation\Validation->processRules('judul', 'judul', '', Array, Array)
#2 C:\xampp\htdocs\tokobuku\system\Controller.php(160): CodeIgniter\Validation\Validation->run()
#3 C:\xampp\htdocs\tokobuku\app\Controllers\Book.php(59): CodeIgniter\Controller->validate(Array)
#4 C:\xampp\htdocs\tokobuku\system\CodeIgniter.php(832): App\Controllers\Book->save()
#5 C:\xampp\htdocs\tokobuku\system\CodeIgniter.php(419): CodeIgniter\CodeIgniter->runController(Object(App\Controllers\Book))
#6 C:\xampp\htdocs\tokobuku\system\CodeIgniter.php(326): CodeIgniter\CodeIgniter->handleRequest(NULL, Object(Config\Cache), false)
#7 C:\xampp\htdocs\tokobuku\public\index.php(37): CodeIgniter\CodeIgniter->run()
#8 C:\xampp\htdocs\tokobuku\system\Commands\Server\rewrite.php(43): require_once('C:\\xampp\\htdocs...')
#9 {main}
CRITICAL - 2022-03-11 05:29:35 --> required|is_unique is not a valid rule.
#0 C:\xampp\htdocs\tokobuku\system\Validation\Validation.php(300): CodeIgniter\Validation\Exceptions\ValidationException::forRuleNotFound('required|is_uni...')
#1 C:\xampp\htdocs\tokobuku\system\Validation\Validation.php(157): CodeIgniter\Validation\Validation->processRules('judul', 'judul', 'Wajah Baru', Array, Array)
#2 C:\xampp\htdocs\tokobuku\system\Controller.php(160): CodeIgniter\Validation\Validation->run()
#3 C:\xampp\htdocs\tokobuku\app\Controllers\Book.php(59): CodeIgniter\Controller->validate(Array)
#4 C:\xampp\htdocs\tokobuku\system\CodeIgniter.php(832): App\Controllers\Book->save()
#5 C:\xampp\htdocs\tokobuku\system\CodeIgniter.php(419): CodeIgniter\CodeIgniter->runController(Object(App\Controllers\Book))
#6 C:\xampp\htdocs\tokobuku\system\CodeIgniter.php(326): CodeIgniter\CodeIgniter->handleRequest(NULL, Object(Config\Cache), false)
#7 C:\xampp\htdocs\tokobuku\public\index.php(37): CodeIgniter\CodeIgniter->run()
#8 C:\xampp\htdocs\tokobuku\system\Commands\Server\rewrite.php(43): require_once('C:\\xampp\\htdocs...')
#9 {main}
CRITICAL - 2022-03-11 05:29:51 --> required|is_unique is not a valid rule.
#0 C:\xampp\htdocs\tokobuku\system\Validation\Validation.php(300): CodeIgniter\Validation\Exceptions\ValidationException::forRuleNotFound('required|is_uni...')
#1 C:\xampp\htdocs\tokobuku\system\Validation\Validation.php(157): CodeIgniter\Validation\Validation->processRules('judul', 'judul', '', Array, Array)
#2 C:\xampp\htdocs\tokobuku\system\Controller.php(160): CodeIgniter\Validation\Validation->run()
#3 C:\xampp\htdocs\tokobuku\app\Controllers\Book.php(59): CodeIgniter\Controller->validate(Array)
#4 C:\xampp\htdocs\tokobuku\system\CodeIgniter.php(832): App\Controllers\Book->save()
#5 C:\xampp\htdocs\tokobuku\system\CodeIgniter.php(419): CodeIgniter\CodeIgniter->runController(Object(App\Controllers\Book))
#6 C:\xampp\htdocs\tokobuku\system\CodeIgniter.php(326): CodeIgniter\CodeIgniter->handleRequest(NULL, Object(Config\Cache), false)
#7 C:\xampp\htdocs\tokobuku\public\index.php(37): CodeIgniter\CodeIgniter->run()
#8 C:\xampp\htdocs\tokobuku\system\Commands\Server\rewrite.php(43): require_once('C:\\xampp\\htdocs...')
#9 {main}
CRITICAL - 2022-03-11 05:30:11 --> required|is_unique is not a valid rule.
#0 C:\xampp\htdocs\tokobuku\system\Validation\Validation.php(300): CodeIgniter\Validation\Exceptions\ValidationException::forRuleNotFound('required|is_uni...')
#1 C:\xampp\htdocs\tokobuku\system\Validation\Validation.php(157): CodeIgniter\Validation\Validation->processRules('judul', 'judul', '', Array, Array)
#2 C:\xampp\htdocs\tokobuku\system\Controller.php(160): CodeIgniter\Validation\Validation->run()
#3 C:\xampp\htdocs\tokobuku\app\Controllers\Book.php(59): CodeIgniter\Controller->validate(Array)
#4 C:\xampp\htdocs\tokobuku\system\CodeIgniter.php(832): App\Controllers\Book->save()
#5 C:\xampp\htdocs\tokobuku\system\CodeIgniter.php(419): CodeIgniter\CodeIgniter->runController(Object(App\Controllers\Book))
#6 C:\xampp\htdocs\tokobuku\system\CodeIgniter.php(326): CodeIgniter\CodeIgniter->handleRequest(NULL, Object(Config\Cache), false)
#7 C:\xampp\htdocs\tokobuku\public\index.php(37): CodeIgniter\CodeIgniter->run()
#8 C:\xampp\htdocs\tokobuku\system\Commands\Server\rewrite.php(43): require_once('C:\\xampp\\htdocs...')
#9 {main}
CRITICAL - 2022-03-11 05:30:33 --> required|is_unique is not a valid rule.
#0 C:\xampp\htdocs\tokobuku\system\Validation\Validation.php(300): CodeIgniter\Validation\Exceptions\ValidationException::forRuleNotFound('required|is_uni...')
#1 C:\xampp\htdocs\tokobuku\system\Validation\Validation.php(157): CodeIgniter\Validation\Validation->processRules('judul', 'judul', '', Array, Array)
#2 C:\xampp\htdocs\tokobuku\system\Controller.php(160): CodeIgniter\Validation\Validation->run()
#3 C:\xampp\htdocs\tokobuku\app\Controllers\Book.php(59): CodeIgniter\Controller->validate(Array)
#4 C:\xampp\htdocs\tokobuku\system\CodeIgniter.php(832): App\Controllers\Book->save()
#5 C:\xampp\htdocs\tokobuku\system\CodeIgniter.php(419): CodeIgniter\CodeIgniter->runController(Object(App\Controllers\Book))
#6 C:\xampp\htdocs\tokobuku\system\CodeIgniter.php(326): CodeIgniter\CodeIgniter->handleRequest(NULL, Object(Config\Cache), false)
#7 C:\xampp\htdocs\tokobuku\public\index.php(37): CodeIgniter\CodeIgniter->run()
#8 C:\xampp\htdocs\tokobuku\system\Commands\Server\rewrite.php(43): require_once('C:\\xampp\\htdocs...')
#9 {main}
CRITICAL - 2022-03-11 05:33:05 --> required|is_unique is not a valid rule.
#0 C:\xampp\htdocs\tokobuku\system\Validation\Validation.php(300): CodeIgniter\Validation\Exceptions\ValidationException::forRuleNotFound('required|is_uni...')
#1 C:\xampp\htdocs\tokobuku\system\Validation\Validation.php(157): CodeIgniter\Validation\Validation->processRules('judul', 'judul', '', Array, Array)
#2 C:\xampp\htdocs\tokobuku\system\Controller.php(160): CodeIgniter\Validation\Validation->run()
#3 C:\xampp\htdocs\tokobuku\app\Controllers\Book.php(59): CodeIgniter\Controller->validate(Array)
#4 C:\xampp\htdocs\tokobuku\system\CodeIgniter.php(832): App\Controllers\Book->save()
#5 C:\xampp\htdocs\tokobuku\system\CodeIgniter.php(419): CodeIgniter\CodeIgniter->runController(Object(App\Controllers\Book))
#6 C:\xampp\htdocs\tokobuku\system\CodeIgniter.php(326): CodeIgniter\CodeIgniter->handleRequest(NULL, Object(Config\Cache), false)
#7 C:\xampp\htdocs\tokobuku\public\index.php(37): CodeIgniter\CodeIgniter->run()
#8 C:\xampp\htdocs\tokobuku\system\Commands\Server\rewrite.php(43): require_once('C:\\xampp\\htdocs...')
#9 {main}
CRITICAL - 2022-03-11 05:33:09 --> required|is_unique is not a valid rule.
#0 C:\xampp\htdocs\tokobuku\system\Validation\Validation.php(300): CodeIgniter\Validation\Exceptions\ValidationException::forRuleNotFound('required|is_uni...')
#1 C:\xampp\htdocs\tokobuku\system\Validation\Validation.php(157): CodeIgniter\Validation\Validation->processRules('judul', 'judul', '', Array, Array)
#2 C:\xampp\htdocs\tokobuku\system\Controller.php(160): CodeIgniter\Validation\Validation->run()
#3 C:\xampp\htdocs\tokobuku\app\Controllers\Book.php(59): CodeIgniter\Controller->validate(Array)
#4 C:\xampp\htdocs\tokobuku\system\CodeIgniter.php(832): App\Controllers\Book->save()
#5 C:\xampp\htdocs\tokobuku\system\CodeIgniter.php(419): CodeIgniter\CodeIgniter->runController(Object(App\Controllers\Book))
#6 C:\xampp\htdocs\tokobuku\system\CodeIgniter.php(326): CodeIgniter\CodeIgniter->handleRequest(NULL, Object(Config\Cache), false)
#7 C:\xampp\htdocs\tokobuku\public\index.php(37): CodeIgniter\CodeIgniter->run()
#8 C:\xampp\htdocs\tokobuku\system\Commands\Server\rewrite.php(43): require_once('C:\\xampp\\htdocs...')
#9 {main}
CRITICAL - 2022-03-11 06:59:25 --> Undefined index: title
#0 C:\xampp\htdocs\tokobuku\app\Views\book\detail.php(28): CodeIgniter\Debug\Exceptions->errorHandler(8, 'Undefined index...', 'C:\\xampp\\htdocs...', 28, Array)
#1 C:\xampp\htdocs\tokobuku\system\View\View.php(210): include('C:\\xampp\\htdocs...')
#2 C:\xampp\htdocs\tokobuku\system\View\View.php(213): CodeIgniter\View\View->CodeIgniter\View\{closure}()
#3 C:\xampp\htdocs\tokobuku\system\Common.php(1089): CodeIgniter\View\View->render('book/detail', Array, true)
#4 C:\xampp\htdocs\tokobuku\app\Controllers\Book.php(44): view('book/detail', Array)
#5 C:\xampp\htdocs\tokobuku\system\CodeIgniter.php(832): App\Controllers\Book->detail('')
#6 C:\xampp\htdocs\tokobuku\system\CodeIgniter.php(419): CodeIgniter\CodeIgniter->runController(Object(App\Controllers\Book))
#7 C:\xampp\htdocs\tokobuku\system\CodeIgniter.php(326): CodeIgniter\CodeIgniter->handleRequest(NULL, Object(Config\Cache), false)
#8 C:\xampp\htdocs\tokobuku\public\index.php(37): CodeIgniter\CodeIgniter->run()
#9 C:\xampp\htdocs\tokobuku\system\Commands\Server\rewrite.php(43): require_once('C:\\xampp\\htdocs...')
#10 {main}
CRITICAL - 2022-03-11 07:19:33 --> Undefined index: title
#0 C:\xampp\htdocs\tokobuku\app\Views\book\detail.php(28): CodeIgniter\Debug\Exceptions->errorHandler(8, 'Undefined index...', 'C:\\xampp\\htdocs...', 28, Array)
#1 C:\xampp\htdocs\tokobuku\system\View\View.php(210): include('C:\\xampp\\htdocs...')
#2 C:\xampp\htdocs\tokobuku\system\View\View.php(213): CodeIgniter\View\View->CodeIgniter\View\{closure}()
#3 C:\xampp\htdocs\tokobuku\system\Common.php(1089): CodeIgniter\View\View->render('book/detail', Array, true)
#4 C:\xampp\htdocs\tokobuku\app\Controllers\Book.php(44): view('book/detail', Array)
#5 C:\xampp\htdocs\tokobuku\system\CodeIgniter.php(832): App\Controllers\Book->detail('', 'mencari-cahaya')
#6 C:\xampp\htdocs\tokobuku\system\CodeIgniter.php(419): CodeIgniter\CodeIgniter->runController(Object(App\Controllers\Book))
#7 C:\xampp\htdocs\tokobuku\system\CodeIgniter.php(326): CodeIgniter\CodeIgniter->handleRequest(NULL, Object(Config\Cache), false)
#8 C:\xampp\htdocs\tokobuku\public\index.php(37): CodeIgniter\CodeIgniter->run()
#9 C:\xampp\htdocs\tokobuku\system\Commands\Server\rewrite.php(43): require_once('C:\\xampp\\htdocs...')
#10 {main}
CRITICAL - 2022-03-11 08:28:48 --> Call to undefined method App\Controllers\Book::getVar()
#0 C:\xampp\htdocs\tokobuku\system\CodeIgniter.php(832): App\Controllers\Book->update('mencari-cahaya')
#1 C:\xampp\htdocs\tokobuku\system\CodeIgniter.php(419): CodeIgniter\CodeIgniter->runController(Object(App\Controllers\Book))
#2 C:\xampp\htdocs\tokobuku\system\CodeIgniter.php(326): CodeIgniter\CodeIgniter->handleRequest(NULL, Object(Config\Cache), false)
#3 C:\xampp\htdocs\tokobuku\public\index.php(37): CodeIgniter\CodeIgniter->run()
#4 C:\xampp\htdocs\tokobuku\system\Commands\Server\rewrite.php(43): require_once('C:\\xampp\\htdocs...')
#5 {main}
CRITICAL - 2022-03-11 08:29:24 --> Call to undefined method App\Controllers\Book::getVar()
#0 C:\xampp\htdocs\tokobuku\system\CodeIgniter.php(832): App\Controllers\Book->update('1')
#1 C:\xampp\htdocs\tokobuku\system\CodeIgniter.php(419): CodeIgniter\CodeIgniter->runController(Object(App\Controllers\Book))
#2 C:\xampp\htdocs\tokobuku\system\CodeIgniter.php(326): CodeIgniter\CodeIgniter->handleRequest(NULL, Object(Config\Cache), false)
#3 C:\xampp\htdocs\tokobuku\public\index.php(37): CodeIgniter\CodeIgniter->run()
#4 C:\xampp\htdocs\tokobuku\system\Commands\Server\rewrite.php(43): require_once('C:\\xampp\\htdocs...')
#5 {main}
CRITICAL - 2022-03-11 08:29:28 --> Call to undefined method App\Controllers\Book::getVar()
#0 C:\xampp\htdocs\tokobuku\system\CodeIgniter.php(832): App\Controllers\Book->update('1')
#1 C:\xampp\htdocs\tokobuku\system\CodeIgniter.php(419): CodeIgniter\CodeIgniter->runController(Object(App\Controllers\Book))
#2 C:\xampp\htdocs\tokobuku\system\CodeIgniter.php(326): CodeIgniter\CodeIgniter->handleRequest(NULL, Object(Config\Cache), false)
#3 C:\xampp\htdocs\tokobuku\public\index.php(37): CodeIgniter\CodeIgniter->run()
#4 C:\xampp\htdocs\tokobuku\system\Commands\Server\rewrite.php(43): require_once('C:\\xampp\\htdocs...')
#5 {main}
CRITICAL - 2022-03-11 08:29:50 --> syntax error, unexpected '$this' (T_VARIABLE), expecting ')'
#0 C:\xampp\htdocs\tokobuku\system\Autoloader\Autoloader.php(241): CodeIgniter\Autoloader\Autoloader->includeFile('C:\\xampp\\htdocs...')
#1 C:\xampp\htdocs\tokobuku\system\Autoloader\Autoloader.php(219): CodeIgniter\Autoloader\Autoloader->loadInNamespace('App\\Controllers...')
#2 [internal function]: CodeIgniter\Autoloader\Autoloader->loadClass('App\\Controllers...')
#3 [internal function]: spl_autoload_call('App\\Controllers...')
#4 C:\xampp\htdocs\tokobuku\system\CodeIgniter.php(797): class_exists('\\App\\Controller...', true)
#5 C:\xampp\htdocs\tokobuku\system\CodeIgniter.php(406): CodeIgniter\CodeIgniter->startController()
#6 C:\xampp\htdocs\tokobuku\system\CodeIgniter.php(326): CodeIgniter\CodeIgniter->handleRequest(NULL, Object(Config\Cache), false)
#7 C:\xampp\htdocs\tokobuku\public\index.php(37): CodeIgniter\CodeIgniter->run()
#8 C:\xampp\htdocs\tokobuku\system\Commands\Server\rewrite.php(43): require_once('C:\\xampp\\htdocs...')
#9 {main}
CRITICAL - 2022-03-11 08:29:53 --> syntax error, unexpected '$this' (T_VARIABLE), expecting ')'
#0 C:\xampp\htdocs\tokobuku\system\Autoloader\Autoloader.php(241): CodeIgniter\Autoloader\Autoloader->includeFile('C:\\xampp\\htdocs...')
#1 C:\xampp\htdocs\tokobuku\system\Autoloader\Autoloader.php(219): CodeIgniter\Autoloader\Autoloader->loadInNamespace('App\\Controllers...')
#2 [internal function]: CodeIgniter\Autoloader\Autoloader->loadClass('App\\Controllers...')
#3 [internal function]: spl_autoload_call('App\\Controllers...')
#4 C:\xampp\htdocs\tokobuku\system\CodeIgniter.php(797): class_exists('\\App\\Controller...', true)
#5 C:\xampp\htdocs\tokobuku\system\CodeIgniter.php(406): CodeIgniter\CodeIgniter->startController()
#6 C:\xampp\htdocs\tokobuku\system\CodeIgniter.php(326): CodeIgniter\CodeIgniter->handleRequest(NULL, Object(Config\Cache), false)
#7 C:\xampp\htdocs\tokobuku\public\index.php(37): CodeIgniter\CodeIgniter->run()
#8 C:\xampp\htdocs\tokobuku\system\Commands\Server\rewrite.php(43): require_once('C:\\xampp\\htdocs...')
#9 {main}
CRITICAL - 2022-03-11 08:30:12 --> Call to undefined method App\Controllers\Book::getVar()
#0 C:\xampp\htdocs\tokobuku\system\CodeIgniter.php(832): App\Controllers\Book->update('2')
#1 C:\xampp\htdocs\tokobuku\system\CodeIgniter.php(419): CodeIgniter\CodeIgniter->runController(Object(App\Controllers\Book))
#2 C:\xampp\htdocs\tokobuku\system\CodeIgniter.php(326): CodeIgniter\CodeIgniter->handleRequest(NULL, Object(Config\Cache), false)
#3 C:\xampp\htdocs\tokobuku\public\index.php(37): CodeIgniter\CodeIgniter->run()
#4 C:\xampp\htdocs\tokobuku\system\Commands\Server\rewrite.php(43): require_once('C:\\xampp\\htdocs...')
#5 {main}
CRITICAL - 2022-03-11 09:55:31 --> Call to undefined method CodeIgniter\HTTP\IncomingRequest::getValue()
#0 C:\xampp\htdocs\tokobuku\system\CodeIgniter.php(832): App\Controllers\Book->update('1')
#1 C:\xampp\htdocs\tokobuku\system\CodeIgniter.php(419): CodeIgniter\CodeIgniter->runController(Object(App\Controllers\Book))
#2 C:\xampp\htdocs\tokobuku\system\CodeIgniter.php(326): CodeIgniter\CodeIgniter->handleRequest(NULL, Object(Config\Cache), false)
#3 C:\xampp\htdocs\tokobuku\public\index.php(37): CodeIgniter\CodeIgniter->run()
#4 C:\xampp\htdocs\tokobuku\system\Commands\Server\rewrite.php(43): require_once('C:\\xampp\\htdocs...')
#5 {main}
CRITICAL - 2022-03-11 10:08:52 --> Undefined property: App\Controllers\Book::$boModel
#0 C:\xampp\htdocs\tokobuku\app\Controllers\Book.php(105): CodeIgniter\Debug\Exceptions->errorHandler(8, 'Undefined prope...', 'C:\\xampp\\htdocs...', 105, Array)
#1 C:\xampp\htdocs\tokobuku\system\CodeIgniter.php(832): App\Controllers\Book->update('1')
#2 C:\xampp\htdocs\tokobuku\system\CodeIgniter.php(419): CodeIgniter\CodeIgniter->runController(Object(App\Controllers\Book))
#3 C:\xampp\htdocs\tokobuku\system\CodeIgniter.php(326): CodeIgniter\CodeIgniter->handleRequest(NULL, Object(Config\Cache), false)
#4 C:\xampp\htdocs\tokobuku\public\index.php(37): CodeIgniter\CodeIgniter->run()
#5 C:\xampp\htdocs\tokobuku\system\Commands\Server\rewrite.php(43): require_once('C:\\xampp\\htdocs...')
#6 {main}
CRITICAL - 2022-03-11 10:09:03 --> Call to undefined method App\Models\BookModel::geBook
#0 C:\xampp\htdocs\tokobuku\app\Controllers\Book.php(105): CodeIgniter\Model->__call('geBook', Array)
#1 C:\xampp\htdocs\tokobuku\system\CodeIgniter.php(832): App\Controllers\Book->update('1')
#2 C:\xampp\htdocs\tokobuku\system\CodeIgniter.php(419): CodeIgniter\CodeIgniter->runController(Object(App\Controllers\Book))
#3 C:\xampp\htdocs\tokobuku\system\CodeIgniter.php(326): CodeIgniter\CodeIgniter->handleRequest(NULL, Object(Config\Cache), false)
#4 C:\xampp\htdocs\tokobuku\public\index.php(37): CodeIgniter\CodeIgniter->run()
#5 C:\xampp\htdocs\tokobuku\system\Commands\Server\rewrite.php(43): require_once('C:\\xampp\\htdocs...')
#6 {main}
CRITICAL - 2022-03-11 10:09:36 --> Undefined variable: daTAoLD
#0 C:\xampp\htdocs\tokobuku\app\Controllers\Book.php(106): CodeIgniter\Debug\Exceptions->errorHandler(8, 'Undefined varia...', 'C:\\xampp\\htdocs...', 106, Array)
#1 C:\xampp\htdocs\tokobuku\system\CodeIgniter.php(832): App\Controllers\Book->update('1')
#2 C:\xampp\htdocs\tokobuku\system\CodeIgniter.php(419): CodeIgniter\CodeIgniter->runController(Object(App\Controllers\Book))
#3 C:\xampp\htdocs\tokobuku\system\CodeIgniter.php(326): CodeIgniter\CodeIgniter->handleRequest(NULL, Object(Config\Cache), false)
#4 C:\xampp\htdocs\tokobuku\public\index.php(37): CodeIgniter\CodeIgniter->run()
#5 C:\xampp\htdocs\tokobuku\system\Commands\Server\rewrite.php(43): require_once('C:\\xampp\\htdocs...')
#6 {main}
