CRITICAL - 2022-04-02 11:03:01 --> Use of undefined constant id - assumed 'id' (this will throw an Error in a future version of PHP)
#0 C:\xampp\htdocs\tokobuku\app\Controllers\Supplier.php(67): CodeIgniter\Debug\Exceptions->errorHandler(2, 'Use of undefine...', 'C:\\xampp\\htdocs...', 67, Array)
#1 C:\xampp\htdocs\tokobuku\system\CodeIgniter.php(832): App\Controllers\Supplier->update('7')
#2 C:\xampp\htdocs\tokobuku\system\CodeIgniter.php(419): CodeIgniter\CodeIgniter->runController(Object(App\Controllers\Supplier))
#3 C:\xampp\htdocs\tokobuku\system\CodeIgniter.php(326): CodeIgniter\CodeIgniter->handleRequest(NULL, Object(Config\Cache), false)
#4 C:\xampp\htdocs\tokobuku\public\index.php(37): CodeIgniter\CodeIgniter->run()
#5 C:\xampp\htdocs\tokobuku\system\Commands\Server\rewrite.php(43): require_once('C:\\xampp\\htdocs...')
#6 {main}
CRITICAL - 2022-04-02 11:25:59 --> Call to undefined function App\Controllers\setEmail()
#0 C:\xampp\htdocs\tokobuku\system\CodeIgniter.php(832): App\Controllers\Supplier->index()
#1 C:\xampp\htdocs\tokobuku\system\CodeIgniter.php(419): CodeIgniter\CodeIgniter->runController(Object(App\Controllers\Supplier))
#2 C:\xampp\htdocs\tokobuku\system\CodeIgniter.php(326): CodeIgniter\CodeIgniter->handleRequest(NULL, Object(Config\Cache), false)
#3 C:\xampp\htdocs\tokobuku\public\index.php(37): CodeIgniter\CodeIgniter->run()
#4 C:\xampp\htdocs\tokobuku\system\Commands\Server\rewrite.php(43): require_once('C:\\xampp\\htdocs...')
#5 {main}
CRITICAL - 2022-04-02 11:26:33 --> Call to undefined function App\Controllers\setEmail()
#0 C:\xampp\htdocs\tokobuku\system\CodeIgniter.php(832): App\Controllers\Supplier->index()
#1 C:\xampp\htdocs\tokobuku\system\CodeIgniter.php(419): CodeIgniter\CodeIgniter->runController(Object(App\Controllers\Supplier))
#2 C:\xampp\htdocs\tokobuku\system\CodeIgniter.php(326): CodeIgniter\CodeIgniter->handleRequest(NULL, Object(Config\Cache), false)
#3 C:\xampp\htdocs\tokobuku\public\index.php(37): CodeIgniter\CodeIgniter->run()
#4 C:\xampp\htdocs\tokobuku\system\Commands\Server\rewrite.php(43): require_once('C:\\xampp\\htdocs...')
#5 {main}
CRITICAL - 2022-04-02 11:26:34 --> Call to undefined function App\Controllers\setEmail()
#0 C:\xampp\htdocs\tokobuku\system\CodeIgniter.php(832): App\Controllers\Supplier->index()
#1 C:\xampp\htdocs\tokobuku\system\CodeIgniter.php(419): CodeIgniter\CodeIgniter->runController(Object(App\Controllers\Supplier))
#2 C:\xampp\htdocs\tokobuku\system\CodeIgniter.php(326): CodeIgniter\CodeIgniter->handleRequest(NULL, Object(Config\Cache), false)
#3 C:\xampp\htdocs\tokobuku\public\index.php(37): CodeIgniter\CodeIgniter->run()
#4 C:\xampp\htdocs\tokobuku\system\Commands\Server\rewrite.php(43): require_once('C:\\xampp\\htdocs...')
#5 {main}
CRITICAL - 2022-04-02 11:26:35 --> Call to undefined function App\Controllers\setEmail()
#0 C:\xampp\htdocs\tokobuku\system\CodeIgniter.php(832): App\Controllers\Supplier->index()
#1 C:\xampp\htdocs\tokobuku\system\CodeIgniter.php(419): CodeIgniter\CodeIgniter->runController(Object(App\Controllers\Supplier))
#2 C:\xampp\htdocs\tokobuku\system\CodeIgniter.php(326): CodeIgniter\CodeIgniter->handleRequest(NULL, Object(Config\Cache), false)
#3 C:\xampp\htdocs\tokobuku\public\index.php(37): CodeIgniter\CodeIgniter->run()
#4 C:\xampp\htdocs\tokobuku\system\Commands\Server\rewrite.php(43): require_once('C:\\xampp\\htdocs...')
#5 {main}
CRITICAL - 2022-04-02 11:26:40 --> Call to undefined function App\Controllers\setEmail()
#0 C:\xampp\htdocs\tokobuku\system\CodeIgniter.php(832): App\Controllers\Supplier->index()
#1 C:\xampp\htdocs\tokobuku\system\CodeIgniter.php(419): CodeIgniter\CodeIgniter->runController(Object(App\Controllers\Supplier))
#2 C:\xampp\htdocs\tokobuku\system\CodeIgniter.php(326): CodeIgniter\CodeIgniter->handleRequest(NULL, Object(Config\Cache), false)
#3 C:\xampp\htdocs\tokobuku\public\index.php(37): CodeIgniter\CodeIgniter->run()
#4 C:\xampp\htdocs\tokobuku\system\Commands\Server\rewrite.php(43): require_once('C:\\xampp\\htdocs...')
#5 {main}
CRITICAL - 2022-04-02 11:27:26 --> Call to undefined function App\Controllers\setEmail()
#0 C:\xampp\htdocs\tokobuku\system\CodeIgniter.php(832): App\Controllers\Supplier->save()
#1 C:\xampp\htdocs\tokobuku\system\CodeIgniter.php(419): CodeIgniter\CodeIgniter->runController(Object(App\Controllers\Supplier))
#2 C:\xampp\htdocs\tokobuku\system\CodeIgniter.php(326): CodeIgniter\CodeIgniter->handleRequest(NULL, Object(Config\Cache), false)
#3 C:\xampp\htdocs\tokobuku\public\index.php(37): CodeIgniter\CodeIgniter->run()
#4 C:\xampp\htdocs\tokobuku\system\Commands\Server\rewrite.php(43): require_once('C:\\xampp\\htdocs...')
#5 {main}
CRITICAL - 2022-04-02 11:28:35 --> Call to undefined function App\Controllers\setEmail()
#0 C:\xampp\htdocs\tokobuku\system\CodeIgniter.php(832): App\Controllers\Supplier->save()
#1 C:\xampp\htdocs\tokobuku\system\CodeIgniter.php(419): CodeIgniter\CodeIgniter->runController(Object(App\Controllers\Supplier))
#2 C:\xampp\htdocs\tokobuku\system\CodeIgniter.php(326): CodeIgniter\CodeIgniter->handleRequest(NULL, Object(Config\Cache), false)
#3 C:\xampp\htdocs\tokobuku\public\index.php(37): CodeIgniter\CodeIgniter->run()
#4 C:\xampp\htdocs\tokobuku\system\Commands\Server\rewrite.php(43): require_once('C:\\xampp\\htdocs...')
#5 {main}
CRITICAL - 2022-04-02 11:28:39 --> Call to undefined function App\Controllers\setEmail()
#0 C:\xampp\htdocs\tokobuku\system\CodeIgniter.php(832): App\Controllers\Supplier->save()
#1 C:\xampp\htdocs\tokobuku\system\CodeIgniter.php(419): CodeIgniter\CodeIgniter->runController(Object(App\Controllers\Supplier))
#2 C:\xampp\htdocs\tokobuku\system\CodeIgniter.php(326): CodeIgniter\CodeIgniter->handleRequest(NULL, Object(Config\Cache), false)
#3 C:\xampp\htdocs\tokobuku\public\index.php(37): CodeIgniter\CodeIgniter->run()
#4 C:\xampp\htdocs\tokobuku\system\Commands\Server\rewrite.php(43): require_once('C:\\xampp\\htdocs...')
#5 {main}
CRITICAL - 2022-04-02 11:29:00 --> Call to undefined function App\Controllers\setEmail()
#0 C:\xampp\htdocs\tokobuku\system\CodeIgniter.php(832): App\Controllers\Supplier->save()
#1 C:\xampp\htdocs\tokobuku\system\CodeIgniter.php(419): CodeIgniter\CodeIgniter->runController(Object(App\Controllers\Supplier))
#2 C:\xampp\htdocs\tokobuku\system\CodeIgniter.php(326): CodeIgniter\CodeIgniter->handleRequest(NULL, Object(Config\Cache), false)
#3 C:\xampp\htdocs\tokobuku\public\index.php(37): CodeIgniter\CodeIgniter->run()
#4 C:\xampp\htdocs\tokobuku\system\Commands\Server\rewrite.php(43): require_once('C:\\xampp\\htdocs...')
#5 {main}
CRITICAL - 2022-04-02 11:30:18 --> Call to undefined function App\Controllers\setEmail()
#0 C:\xampp\htdocs\tokobuku\system\CodeIgniter.php(809): App\Controllers\Supplier->__construct()
#1 C:\xampp\htdocs\tokobuku\system\CodeIgniter.php(410): CodeIgniter\CodeIgniter->createController()
#2 C:\xampp\htdocs\tokobuku\system\CodeIgniter.php(326): CodeIgniter\CodeIgniter->handleRequest(NULL, Object(Config\Cache), false)
#3 C:\xampp\htdocs\tokobuku\public\index.php(37): CodeIgniter\CodeIgniter->run()
#4 C:\xampp\htdocs\tokobuku\system\Commands\Server\rewrite.php(43): require_once('C:\\xampp\\htdocs...')
#5 {main}
CRITICAL - 2022-04-02 11:31:04 --> Call to undefined function App\Controllers\setEmail()
#0 C:\xampp\htdocs\tokobuku\system\CodeIgniter.php(832): App\Controllers\Supplier->save()
#1 C:\xampp\htdocs\tokobuku\system\CodeIgniter.php(419): CodeIgniter\CodeIgniter->runController(Object(App\Controllers\Supplier))
#2 C:\xampp\htdocs\tokobuku\system\CodeIgniter.php(326): CodeIgniter\CodeIgniter->handleRequest(NULL, Object(Config\Cache), false)
#3 C:\xampp\htdocs\tokobuku\public\index.php(37): CodeIgniter\CodeIgniter->run()
#4 C:\xampp\htdocs\tokobuku\system\Commands\Server\rewrite.php(43): require_once('C:\\xampp\\htdocs...')
#5 {main}
CRITICAL - 2022-04-02 11:33:57 --> Call to undefined function App\Controllers\setEmail()
#0 C:\xampp\htdocs\tokobuku\system\CodeIgniter.php(832): App\Controllers\Supplier->index()
#1 C:\xampp\htdocs\tokobuku\system\CodeIgniter.php(419): CodeIgniter\CodeIgniter->runController(Object(App\Controllers\Supplier))
#2 C:\xampp\htdocs\tokobuku\system\CodeIgniter.php(326): CodeIgniter\CodeIgniter->handleRequest(NULL, Object(Config\Cache), false)
#3 C:\xampp\htdocs\tokobuku\public\index.php(37): CodeIgniter\CodeIgniter->run()
#4 C:\xampp\htdocs\tokobuku\system\Commands\Server\rewrite.php(43): require_once('C:\\xampp\\htdocs...')
#5 {main}
CRITICAL - 2022-04-02 11:34:26 --> Call to undefined function App\Controllers\setEmail()
#0 C:\xampp\htdocs\tokobuku\system\CodeIgniter.php(832): App\Controllers\Supplier->save()
#1 C:\xampp\htdocs\tokobuku\system\CodeIgniter.php(419): CodeIgniter\CodeIgniter->runController(Object(App\Controllers\Supplier))
#2 C:\xampp\htdocs\tokobuku\system\CodeIgniter.php(326): CodeIgniter\CodeIgniter->handleRequest(NULL, Object(Config\Cache), false)
#3 C:\xampp\htdocs\tokobuku\public\index.php(37): CodeIgniter\CodeIgniter->run()
#4 C:\xampp\htdocs\tokobuku\system\Commands\Server\rewrite.php(43): require_once('C:\\xampp\\htdocs...')
#5 {main}
CRITICAL - 2022-04-02 11:35:39 --> Call to undefined function App\Controllers\setEmail()
#0 C:\xampp\htdocs\tokobuku\system\CodeIgniter.php(832): App\Controllers\Supplier->save()
#1 C:\xampp\htdocs\tokobuku\system\CodeIgniter.php(419): CodeIgniter\CodeIgniter->runController(Object(App\Controllers\Supplier))
#2 C:\xampp\htdocs\tokobuku\system\CodeIgniter.php(326): CodeIgniter\CodeIgniter->handleRequest(NULL, Object(Config\Cache), false)
#3 C:\xampp\htdocs\tokobuku\public\index.php(37): CodeIgniter\CodeIgniter->run()
#4 C:\xampp\htdocs\tokobuku\system\Commands\Server\rewrite.php(43): require_once('C:\\xampp\\htdocs...')
#5 {main}
CRITICAL - 2022-04-02 11:36:24 --> Call to undefined function App\Controllers\setEmail()
#0 C:\xampp\htdocs\tokobuku\system\CodeIgniter.php(832): App\Controllers\Supplier->save()
#1 C:\xampp\htdocs\tokobuku\system\CodeIgniter.php(419): CodeIgniter\CodeIgniter->runController(Object(App\Controllers\Supplier))
#2 C:\xampp\htdocs\tokobuku\system\CodeIgniter.php(326): CodeIgniter\CodeIgniter->handleRequest(NULL, Object(Config\Cache), false)
#3 C:\xampp\htdocs\tokobuku\public\index.php(37): CodeIgniter\CodeIgniter->run()
#4 C:\xampp\htdocs\tokobuku\system\Commands\Server\rewrite.php(43): require_once('C:\\xampp\\htdocs...')
#5 {main}
CRITICAL - 2022-04-02 11:36:51 --> Call to undefined function App\Controllers\setEmail()
#0 C:\xampp\htdocs\tokobuku\system\CodeIgniter.php(832): App\Controllers\Supplier->save()
#1 C:\xampp\htdocs\tokobuku\system\CodeIgniter.php(419): CodeIgniter\CodeIgniter->runController(Object(App\Controllers\Supplier))
#2 C:\xampp\htdocs\tokobuku\system\CodeIgniter.php(326): CodeIgniter\CodeIgniter->handleRequest(NULL, Object(Config\Cache), false)
#3 C:\xampp\htdocs\tokobuku\public\index.php(37): CodeIgniter\CodeIgniter->run()
#4 C:\xampp\htdocs\tokobuku\system\Commands\Server\rewrite.php(43): require_once('C:\\xampp\\htdocs...')
#5 {main}
CRITICAL - 2022-04-02 11:39:28 --> Undefined property: App\Controllers\Supplier::$SupplierModel
#0 C:\xampp\htdocs\tokobuku\app\Controllers\Supplier.php(23): CodeIgniter\Debug\Exceptions->errorHandler(8, 'Undefined prope...', 'C:\\xampp\\htdocs...', 23, Array)
#1 C:\xampp\htdocs\tokobuku\system\CodeIgniter.php(832): App\Controllers\Supplier->index()
#2 C:\xampp\htdocs\tokobuku\system\CodeIgniter.php(419): CodeIgniter\CodeIgniter->runController(Object(App\Controllers\Supplier))
#3 C:\xampp\htdocs\tokobuku\system\CodeIgniter.php(326): CodeIgniter\CodeIgniter->handleRequest(NULL, Object(Config\Cache), false)
#4 C:\xampp\htdocs\tokobuku\public\index.php(37): CodeIgniter\CodeIgniter->run()
#5 C:\xampp\htdocs\tokobuku\system\Commands\Server\rewrite.php(43): require_once('C:\\xampp\\htdocs...')
#6 {main}
CRITICAL - 2022-04-02 11:41:40 --> Undefined property: App\Controllers\Supplier::$SupplierModel
#0 C:\xampp\htdocs\tokobuku\app\Controllers\Supplier.php(43): CodeIgniter\Debug\Exceptions->errorHandler(8, 'Undefined prope...', 'C:\\xampp\\htdocs...', 43, Array)
#1 C:\xampp\htdocs\tokobuku\system\CodeIgniter.php(832): App\Controllers\Supplier->save()
#2 C:\xampp\htdocs\tokobuku\system\CodeIgniter.php(419): CodeIgniter\CodeIgniter->runController(Object(App\Controllers\Supplier))
#3 C:\xampp\htdocs\tokobuku\system\CodeIgniter.php(326): CodeIgniter\CodeIgniter->handleRequest(NULL, Object(Config\Cache), false)
#4 C:\xampp\htdocs\tokobuku\public\index.php(37): CodeIgniter\CodeIgniter->run()
#5 C:\xampp\htdocs\tokobuku\system\Commands\Server\rewrite.php(43): require_once('C:\\xampp\\htdocs...')
#6 {main}
CRITICAL - 2022-04-02 11:46:06 --> Undefined property: App\Controllers\Supplier::$SupplierModel
#0 C:\xampp\htdocs\tokobuku\app\Controllers\Supplier.php(51): CodeIgniter\Debug\Exceptions->errorHandler(8, 'Undefined prope...', 'C:\\xampp\\htdocs...', 51, Array)
#1 C:\xampp\htdocs\tokobuku\system\CodeIgniter.php(832): App\Controllers\Supplier->save()
#2 C:\xampp\htdocs\tokobuku\system\CodeIgniter.php(419): CodeIgniter\CodeIgniter->runController(Object(App\Controllers\Supplier))
#3 C:\xampp\htdocs\tokobuku\system\CodeIgniter.php(326): CodeIgniter\CodeIgniter->handleRequest(NULL, Object(Config\Cache), false)
#4 C:\xampp\htdocs\tokobuku\public\index.php(37): CodeIgniter\CodeIgniter->run()
#5 C:\xampp\htdocs\tokobuku\system\Commands\Server\rewrite.php(43): require_once('C:\\xampp\\htdocs...')
#6 {main}
CRITICAL - 2022-04-02 11:46:12 --> Undefined property: App\Controllers\Supplier::$SupplierModel
#0 C:\xampp\htdocs\tokobuku\app\Controllers\Supplier.php(51): CodeIgniter\Debug\Exceptions->errorHandler(8, 'Undefined prope...', 'C:\\xampp\\htdocs...', 51, Array)
#1 C:\xampp\htdocs\tokobuku\system\CodeIgniter.php(832): App\Controllers\Supplier->save()
#2 C:\xampp\htdocs\tokobuku\system\CodeIgniter.php(419): CodeIgniter\CodeIgniter->runController(Object(App\Controllers\Supplier))
#3 C:\xampp\htdocs\tokobuku\system\CodeIgniter.php(326): CodeIgniter\CodeIgniter->handleRequest(NULL, Object(Config\Cache), false)
#4 C:\xampp\htdocs\tokobuku\public\index.php(37): CodeIgniter\CodeIgniter->run()
#5 C:\xampp\htdocs\tokobuku\system\Commands\Server\rewrite.php(43): require_once('C:\\xampp\\htdocs...')
#6 {main}
CRITICAL - 2022-04-02 11:48:43 --> Undefined property: App\Controllers\Supplier::$SupplierModel
#0 C:\xampp\htdocs\tokobuku\app\Controllers\Supplier.php(50): CodeIgniter\Debug\Exceptions->errorHandler(8, 'Undefined prope...', 'C:\\xampp\\htdocs...', 50, Array)
#1 C:\xampp\htdocs\tokobuku\system\CodeIgniter.php(832): App\Controllers\Supplier->save()
#2 C:\xampp\htdocs\tokobuku\system\CodeIgniter.php(419): CodeIgniter\CodeIgniter->runController(Object(App\Controllers\Supplier))
#3 C:\xampp\htdocs\tokobuku\system\CodeIgniter.php(326): CodeIgniter\CodeIgniter->handleRequest(NULL, Object(Config\Cache), false)
#4 C:\xampp\htdocs\tokobuku\public\index.php(37): CodeIgniter\CodeIgniter->run()
#5 C:\xampp\htdocs\tokobuku\system\Commands\Server\rewrite.php(43): require_once('C:\\xampp\\htdocs...')
#6 {main}
CRITICAL - 2022-04-02 11:49:41 --> Undefined property: App\Controllers\Supplier::$SupplierModel
#0 C:\xampp\htdocs\tokobuku\app\Controllers\Supplier.php(50): CodeIgniter\Debug\Exceptions->errorHandler(8, 'Undefined prope...', 'C:\\xampp\\htdocs...', 50, Array)
#1 C:\xampp\htdocs\tokobuku\system\CodeIgniter.php(832): App\Controllers\Supplier->save()
#2 C:\xampp\htdocs\tokobuku\system\CodeIgniter.php(419): CodeIgniter\CodeIgniter->runController(Object(App\Controllers\Supplier))
#3 C:\xampp\htdocs\tokobuku\system\CodeIgniter.php(326): CodeIgniter\CodeIgniter->handleRequest(NULL, Object(Config\Cache), false)
#4 C:\xampp\htdocs\tokobuku\public\index.php(37): CodeIgniter\CodeIgniter->run()
#5 C:\xampp\htdocs\tokobuku\system\Commands\Server\rewrite.php(43): require_once('C:\\xampp\\htdocs...')
#6 {main}
CRITICAL - 2022-04-02 11:49:56 --> Undefined property: App\Controllers\Supplier::$SupplierModel
#0 C:\xampp\htdocs\tokobuku\app\Controllers\Supplier.php(50): CodeIgniter\Debug\Exceptions->errorHandler(8, 'Undefined prope...', 'C:\\xampp\\htdocs...', 50, Array)
#1 C:\xampp\htdocs\tokobuku\system\CodeIgniter.php(832): App\Controllers\Supplier->save()
#2 C:\xampp\htdocs\tokobuku\system\CodeIgniter.php(419): CodeIgniter\CodeIgniter->runController(Object(App\Controllers\Supplier))
#3 C:\xampp\htdocs\tokobuku\system\CodeIgniter.php(326): CodeIgniter\CodeIgniter->handleRequest(NULL, Object(Config\Cache), false)
#4 C:\xampp\htdocs\tokobuku\public\index.php(37): CodeIgniter\CodeIgniter->run()
#5 C:\xampp\htdocs\tokobuku\system\Commands\Server\rewrite.php(43): require_once('C:\\xampp\\htdocs...')
#6 {main}
CRITICAL - 2022-04-02 11:50:25 --> Undefined property: App\Controllers\Supplier::$SupplierModel
#0 C:\xampp\htdocs\tokobuku\app\Controllers\Supplier.php(51): CodeIgniter\Debug\Exceptions->errorHandler(8, 'Undefined prope...', 'C:\\xampp\\htdocs...', 51, Array)
#1 C:\xampp\htdocs\tokobuku\system\CodeIgniter.php(832): App\Controllers\Supplier->save()
#2 C:\xampp\htdocs\tokobuku\system\CodeIgniter.php(419): CodeIgniter\CodeIgniter->runController(Object(App\Controllers\Supplier))
#3 C:\xampp\htdocs\tokobuku\system\CodeIgniter.php(326): CodeIgniter\CodeIgniter->handleRequest(NULL, Object(Config\Cache), false)
#4 C:\xampp\htdocs\tokobuku\public\index.php(37): CodeIgniter\CodeIgniter->run()
#5 C:\xampp\htdocs\tokobuku\system\Commands\Server\rewrite.php(43): require_once('C:\\xampp\\htdocs...')
#6 {main}
