CRITICAL - 2022-04-01 11:25:39 --> Call to undefined function has_permission()
#0 C:\xampp\htdocs\tokobuku\system\View\View.php(210): include()
#1 C:\xampp\htdocs\tokobuku\system\View\View.php(213): CodeIgniter\View\View->CodeIgniter\View\{closure}()
#2 C:\xampp\htdocs\tokobuku\system\View\View.php(424): CodeIgniter\View\View->render('layout/sidebar', NULL, true)
#3 C:\xampp\htdocs\tokobuku\app\Views\layout\template.php(17): CodeIgniter\View\View->include('layout/sidebar')
#4 C:\xampp\htdocs\tokobuku\system\View\View.php(210): include('C:\\xampp\\htdocs...')
#5 C:\xampp\htdocs\tokobuku\system\View\View.php(213): CodeIgniter\View\View->CodeIgniter\View\{closure}()
#6 C:\xampp\htdocs\tokobuku\system\View\View.php(226): CodeIgniter\View\View->render('layout/template', Array, true)
#7 C:\xampp\htdocs\tokobuku\system\Common.php(1089): CodeIgniter\View\View->render('book/index', Array, true)
#8 C:\xampp\htdocs\tokobuku\app\Controllers\Book.php(33): view('book/index', Array)
#9 C:\xampp\htdocs\tokobuku\system\CodeIgniter.php(832): App\Controllers\Book->index()
#10 C:\xampp\htdocs\tokobuku\system\CodeIgniter.php(419): CodeIgniter\CodeIgniter->runController(Object(App\Controllers\Book))
#11 C:\xampp\htdocs\tokobuku\system\CodeIgniter.php(326): CodeIgniter\CodeIgniter->handleRequest(NULL, Object(Config\Cache), false)
#12 C:\xampp\htdocs\tokobuku\public\index.php(37): CodeIgniter\CodeIgniter->run()
#13 C:\xampp\htdocs\tokobuku\system\Commands\Server\rewrite.php(43): require_once('C:\\xampp\\htdocs...')
#14 {main}
CRITICAL - 2022-04-01 11:26:29 --> Call to undefined function has_permission()
#0 C:\xampp\htdocs\tokobuku\system\View\View.php(210): include()
#1 C:\xampp\htdocs\tokobuku\system\View\View.php(213): CodeIgniter\View\View->CodeIgniter\View\{closure}()
#2 C:\xampp\htdocs\tokobuku\system\View\View.php(424): CodeIgniter\View\View->render('layout/sidebar', NULL, true)
#3 C:\xampp\htdocs\tokobuku\app\Views\layout\template.php(17): CodeIgniter\View\View->include('layout/sidebar')
#4 C:\xampp\htdocs\tokobuku\system\View\View.php(210): include('C:\\xampp\\htdocs...')
#5 C:\xampp\htdocs\tokobuku\system\View\View.php(213): CodeIgniter\View\View->CodeIgniter\View\{closure}()
#6 C:\xampp\htdocs\tokobuku\system\View\View.php(226): CodeIgniter\View\View->render('layout/template', Array, true)
#7 C:\xampp\htdocs\tokobuku\system\Common.php(1089): CodeIgniter\View\View->render('book/index', Array, true)
#8 C:\xampp\htdocs\tokobuku\app\Controllers\Book.php(33): view('book/index', Array)
#9 C:\xampp\htdocs\tokobuku\system\CodeIgniter.php(832): App\Controllers\Book->index()
#10 C:\xampp\htdocs\tokobuku\system\CodeIgniter.php(419): CodeIgniter\CodeIgniter->runController(Object(App\Controllers\Book))
#11 C:\xampp\htdocs\tokobuku\system\CodeIgniter.php(326): CodeIgniter\CodeIgniter->handleRequest(NULL, Object(Config\Cache), false)
#12 C:\xampp\htdocs\tokobuku\public\index.php(37): CodeIgniter\CodeIgniter->run()
#13 C:\xampp\htdocs\tokobuku\system\Commands\Server\rewrite.php(43): require_once('C:\\xampp\\htdocs...')
#14 {main}
CRITICAL - 2022-04-01 11:26:30 --> Call to undefined function has_permission()
#0 C:\xampp\htdocs\tokobuku\system\View\View.php(210): include()
#1 C:\xampp\htdocs\tokobuku\system\View\View.php(213): CodeIgniter\View\View->CodeIgniter\View\{closure}()
#2 C:\xampp\htdocs\tokobuku\system\View\View.php(424): CodeIgniter\View\View->render('layout/sidebar', NULL, true)
#3 C:\xampp\htdocs\tokobuku\app\Views\layout\template.php(17): CodeIgniter\View\View->include('layout/sidebar')
#4 C:\xampp\htdocs\tokobuku\system\View\View.php(210): include('C:\\xampp\\htdocs...')
#5 C:\xampp\htdocs\tokobuku\system\View\View.php(213): CodeIgniter\View\View->CodeIgniter\View\{closure}()
#6 C:\xampp\htdocs\tokobuku\system\View\View.php(226): CodeIgniter\View\View->render('layout/template', Array, true)
#7 C:\xampp\htdocs\tokobuku\system\Common.php(1089): CodeIgniter\View\View->render('book/index', Array, true)
#8 C:\xampp\htdocs\tokobuku\app\Controllers\Book.php(33): view('book/index', Array)
#9 C:\xampp\htdocs\tokobuku\system\CodeIgniter.php(832): App\Controllers\Book->index()
#10 C:\xampp\htdocs\tokobuku\system\CodeIgniter.php(419): CodeIgniter\CodeIgniter->runController(Object(App\Controllers\Book))
#11 C:\xampp\htdocs\tokobuku\system\CodeIgniter.php(326): CodeIgniter\CodeIgniter->handleRequest(NULL, Object(Config\Cache), false)
#12 C:\xampp\htdocs\tokobuku\public\index.php(37): CodeIgniter\CodeIgniter->run()
#13 C:\xampp\htdocs\tokobuku\system\Commands\Server\rewrite.php(43): require_once('C:\\xampp\\htdocs...')
#14 {main}
CRITICAL - 2022-04-01 11:26:31 --> Call to undefined function has_permission()
#0 C:\xampp\htdocs\tokobuku\system\View\View.php(210): include()
#1 C:\xampp\htdocs\tokobuku\system\View\View.php(213): CodeIgniter\View\View->CodeIgniter\View\{closure}()
#2 C:\xampp\htdocs\tokobuku\system\View\View.php(424): CodeIgniter\View\View->render('layout/sidebar', NULL, true)
#3 C:\xampp\htdocs\tokobuku\app\Views\layout\template.php(17): CodeIgniter\View\View->include('layout/sidebar')
#4 C:\xampp\htdocs\tokobuku\system\View\View.php(210): include('C:\\xampp\\htdocs...')
#5 C:\xampp\htdocs\tokobuku\system\View\View.php(213): CodeIgniter\View\View->CodeIgniter\View\{closure}()
#6 C:\xampp\htdocs\tokobuku\system\View\View.php(226): CodeIgniter\View\View->render('layout/template', Array, true)
#7 C:\xampp\htdocs\tokobuku\system\Common.php(1089): CodeIgniter\View\View->render('book/index', Array, true)
#8 C:\xampp\htdocs\tokobuku\app\Controllers\Book.php(33): view('book/index', Array)
#9 C:\xampp\htdocs\tokobuku\system\CodeIgniter.php(832): App\Controllers\Book->index()
#10 C:\xampp\htdocs\tokobuku\system\CodeIgniter.php(419): CodeIgniter\CodeIgniter->runController(Object(App\Controllers\Book))
#11 C:\xampp\htdocs\tokobuku\system\CodeIgniter.php(326): CodeIgniter\CodeIgniter->handleRequest(NULL, Object(Config\Cache), false)
#12 C:\xampp\htdocs\tokobuku\public\index.php(37): CodeIgniter\CodeIgniter->run()
#13 C:\xampp\htdocs\tokobuku\system\Commands\Server\rewrite.php(43): require_once('C:\\xampp\\htdocs...')
#14 {main}
CRITICAL - 2022-04-01 11:27:29 --> Call to undefined function has_permission()
#0 C:\xampp\htdocs\tokobuku\system\View\View.php(210): include()
#1 C:\xampp\htdocs\tokobuku\system\View\View.php(213): CodeIgniter\View\View->CodeIgniter\View\{closure}()
#2 C:\xampp\htdocs\tokobuku\system\View\View.php(424): CodeIgniter\View\View->render('layout/sidebar', NULL, true)
#3 C:\xampp\htdocs\tokobuku\app\Views\layout\template.php(17): CodeIgniter\View\View->include('layout/sidebar')
#4 C:\xampp\htdocs\tokobuku\system\View\View.php(210): include('C:\\xampp\\htdocs...')
#5 C:\xampp\htdocs\tokobuku\system\View\View.php(213): CodeIgniter\View\View->CodeIgniter\View\{closure}()
#6 C:\xampp\htdocs\tokobuku\system\View\View.php(226): CodeIgniter\View\View->render('layout/template', Array, true)
#7 C:\xampp\htdocs\tokobuku\system\Common.php(1089): CodeIgniter\View\View->render('book/index', Array, true)
#8 C:\xampp\htdocs\tokobuku\app\Controllers\Book.php(33): view('book/index', Array)
#9 C:\xampp\htdocs\tokobuku\system\CodeIgniter.php(832): App\Controllers\Book->index()
#10 C:\xampp\htdocs\tokobuku\system\CodeIgniter.php(419): CodeIgniter\CodeIgniter->runController(Object(App\Controllers\Book))
#11 C:\xampp\htdocs\tokobuku\system\CodeIgniter.php(326): CodeIgniter\CodeIgniter->handleRequest(NULL, Object(Config\Cache), false)
#12 C:\xampp\htdocs\tokobuku\public\index.php(37): CodeIgniter\CodeIgniter->run()
#13 C:\xampp\htdocs\tokobuku\system\Commands\Server\rewrite.php(43): require_once('C:\\xampp\\htdocs...')
#14 {main}
CRITICAL - 2022-04-01 11:28:29 --> Call to undefined function has_permission()
#0 C:\xampp\htdocs\tokobuku\system\View\View.php(210): include()
#1 C:\xampp\htdocs\tokobuku\system\View\View.php(213): CodeIgniter\View\View->CodeIgniter\View\{closure}()
#2 C:\xampp\htdocs\tokobuku\system\View\View.php(424): CodeIgniter\View\View->render('layout/sidebar', NULL, true)
#3 C:\xampp\htdocs\tokobuku\app\Views\layout\template.php(17): CodeIgniter\View\View->include('layout/sidebar')
#4 C:\xampp\htdocs\tokobuku\system\View\View.php(210): include('C:\\xampp\\htdocs...')
#5 C:\xampp\htdocs\tokobuku\system\View\View.php(213): CodeIgniter\View\View->CodeIgniter\View\{closure}()
#6 C:\xampp\htdocs\tokobuku\system\View\View.php(226): CodeIgniter\View\View->render('layout/template', Array, true)
#7 C:\xampp\htdocs\tokobuku\system\Common.php(1089): CodeIgniter\View\View->render('book/index', Array, true)
#8 C:\xampp\htdocs\tokobuku\app\Controllers\Book.php(33): view('book/index', Array)
#9 C:\xampp\htdocs\tokobuku\system\CodeIgniter.php(832): App\Controllers\Book->index()
#10 C:\xampp\htdocs\tokobuku\system\CodeIgniter.php(419): CodeIgniter\CodeIgniter->runController(Object(App\Controllers\Book))
#11 C:\xampp\htdocs\tokobuku\system\CodeIgniter.php(326): CodeIgniter\CodeIgniter->handleRequest(NULL, Object(Config\Cache), false)
#12 C:\xampp\htdocs\tokobuku\public\index.php(37): CodeIgniter\CodeIgniter->run()
#13 C:\xampp\htdocs\tokobuku\system\Commands\Server\rewrite.php(43): require_once('C:\\xampp\\htdocs...')
#14 {main}
CRITICAL - 2022-04-01 11:28:46 --> Call to undefined function has_permission()
#0 C:\xampp\htdocs\tokobuku\system\View\View.php(210): include()
#1 C:\xampp\htdocs\tokobuku\system\View\View.php(213): CodeIgniter\View\View->CodeIgniter\View\{closure}()
#2 C:\xampp\htdocs\tokobuku\system\View\View.php(424): CodeIgniter\View\View->render('layout/sidebar', NULL, true)
#3 C:\xampp\htdocs\tokobuku\app\Views\layout\template.php(17): CodeIgniter\View\View->include('layout/sidebar')
#4 C:\xampp\htdocs\tokobuku\system\View\View.php(210): include('C:\\xampp\\htdocs...')
#5 C:\xampp\htdocs\tokobuku\system\View\View.php(213): CodeIgniter\View\View->CodeIgniter\View\{closure}()
#6 C:\xampp\htdocs\tokobuku\system\View\View.php(226): CodeIgniter\View\View->render('layout/template', Array, true)
#7 C:\xampp\htdocs\tokobuku\system\Common.php(1089): CodeIgniter\View\View->render('book/index', Array, true)
#8 C:\xampp\htdocs\tokobuku\app\Controllers\Book.php(33): view('book/index', Array)
#9 C:\xampp\htdocs\tokobuku\system\CodeIgniter.php(832): App\Controllers\Book->index()
#10 C:\xampp\htdocs\tokobuku\system\CodeIgniter.php(419): CodeIgniter\CodeIgniter->runController(Object(App\Controllers\Book))
#11 C:\xampp\htdocs\tokobuku\system\CodeIgniter.php(326): CodeIgniter\CodeIgniter->handleRequest(NULL, Object(Config\Cache), false)
#12 C:\xampp\htdocs\tokobuku\public\index.php(37): CodeIgniter\CodeIgniter->run()
#13 C:\xampp\htdocs\tokobuku\system\Commands\Server\rewrite.php(43): require_once('C:\\xampp\\htdocs...')
#14 {main}
CRITICAL - 2022-04-01 11:28:47 --> Call to undefined function has_permission()
#0 C:\xampp\htdocs\tokobuku\system\View\View.php(210): include()
#1 C:\xampp\htdocs\tokobuku\system\View\View.php(213): CodeIgniter\View\View->CodeIgniter\View\{closure}()
#2 C:\xampp\htdocs\tokobuku\system\View\View.php(424): CodeIgniter\View\View->render('layout/sidebar', NULL, true)
#3 C:\xampp\htdocs\tokobuku\app\Views\layout\template.php(17): CodeIgniter\View\View->include('layout/sidebar')
#4 C:\xampp\htdocs\tokobuku\system\View\View.php(210): include('C:\\xampp\\htdocs...')
#5 C:\xampp\htdocs\tokobuku\system\View\View.php(213): CodeIgniter\View\View->CodeIgniter\View\{closure}()
#6 C:\xampp\htdocs\tokobuku\system\View\View.php(226): CodeIgniter\View\View->render('layout/template', Array, true)
#7 C:\xampp\htdocs\tokobuku\system\Common.php(1089): CodeIgniter\View\View->render('book/index', Array, true)
#8 C:\xampp\htdocs\tokobuku\app\Controllers\Book.php(33): view('book/index', Array)
#9 C:\xampp\htdocs\tokobuku\system\CodeIgniter.php(832): App\Controllers\Book->index()
#10 C:\xampp\htdocs\tokobuku\system\CodeIgniter.php(419): CodeIgniter\CodeIgniter->runController(Object(App\Controllers\Book))
#11 C:\xampp\htdocs\tokobuku\system\CodeIgniter.php(326): CodeIgniter\CodeIgniter->handleRequest(NULL, Object(Config\Cache), false)
#12 C:\xampp\htdocs\tokobuku\public\index.php(37): CodeIgniter\CodeIgniter->run()
#13 C:\xampp\htdocs\tokobuku\system\Commands\Server\rewrite.php(43): require_once('C:\\xampp\\htdocs...')
#14 {main}
CRITICAL - 2022-04-01 11:30:07 --> Call to undefined function has_permission()
#0 C:\xampp\htdocs\tokobuku\system\View\View.php(210): include()
#1 C:\xampp\htdocs\tokobuku\system\View\View.php(213): CodeIgniter\View\View->CodeIgniter\View\{closure}()
#2 C:\xampp\htdocs\tokobuku\system\View\View.php(424): CodeIgniter\View\View->render('layout/sidebar', NULL, true)
#3 C:\xampp\htdocs\tokobuku\app\Views\layout\template.php(17): CodeIgniter\View\View->include('layout/sidebar')
#4 C:\xampp\htdocs\tokobuku\system\View\View.php(210): include('C:\\xampp\\htdocs...')
#5 C:\xampp\htdocs\tokobuku\system\View\View.php(213): CodeIgniter\View\View->CodeIgniter\View\{closure}()
#6 C:\xampp\htdocs\tokobuku\system\View\View.php(226): CodeIgniter\View\View->render('layout/template', Array, true)
#7 C:\xampp\htdocs\tokobuku\system\Common.php(1089): CodeIgniter\View\View->render('book/index', Array, true)
#8 C:\xampp\htdocs\tokobuku\app\Controllers\Book.php(33): view('book/index', Array)
#9 C:\xampp\htdocs\tokobuku\system\CodeIgniter.php(832): App\Controllers\Book->index()
#10 C:\xampp\htdocs\tokobuku\system\CodeIgniter.php(419): CodeIgniter\CodeIgniter->runController(Object(App\Controllers\Book))
#11 C:\xampp\htdocs\tokobuku\system\CodeIgniter.php(326): CodeIgniter\CodeIgniter->handleRequest(NULL, Object(Config\Cache), false)
#12 C:\xampp\htdocs\tokobuku\public\index.php(37): CodeIgniter\CodeIgniter->run()
#13 C:\xampp\htdocs\tokobuku\system\Commands\Server\rewrite.php(43): require_once('C:\\xampp\\htdocs...')
#14 {main}
CRITICAL - 2022-04-01 11:30:08 --> Call to undefined function has_permission()
#0 C:\xampp\htdocs\tokobuku\system\View\View.php(210): include()
#1 C:\xampp\htdocs\tokobuku\system\View\View.php(213): CodeIgniter\View\View->CodeIgniter\View\{closure}()
#2 C:\xampp\htdocs\tokobuku\system\View\View.php(424): CodeIgniter\View\View->render('layout/sidebar', NULL, true)
#3 C:\xampp\htdocs\tokobuku\app\Views\layout\template.php(17): CodeIgniter\View\View->include('layout/sidebar')
#4 C:\xampp\htdocs\tokobuku\system\View\View.php(210): include('C:\\xampp\\htdocs...')
#5 C:\xampp\htdocs\tokobuku\system\View\View.php(213): CodeIgniter\View\View->CodeIgniter\View\{closure}()
#6 C:\xampp\htdocs\tokobuku\system\View\View.php(226): CodeIgniter\View\View->render('layout/template', Array, true)
#7 C:\xampp\htdocs\tokobuku\system\Common.php(1089): CodeIgniter\View\View->render('book/index', Array, true)
#8 C:\xampp\htdocs\tokobuku\app\Controllers\Book.php(33): view('book/index', Array)
#9 C:\xampp\htdocs\tokobuku\system\CodeIgniter.php(832): App\Controllers\Book->index()
#10 C:\xampp\htdocs\tokobuku\system\CodeIgniter.php(419): CodeIgniter\CodeIgniter->runController(Object(App\Controllers\Book))
#11 C:\xampp\htdocs\tokobuku\system\CodeIgniter.php(326): CodeIgniter\CodeIgniter->handleRequest(NULL, Object(Config\Cache), false)
#12 C:\xampp\htdocs\tokobuku\public\index.php(37): CodeIgniter\CodeIgniter->run()
#13 C:\xampp\htdocs\tokobuku\system\Commands\Server\rewrite.php(43): require_once('C:\\xampp\\htdocs...')
#14 {main}
CRITICAL - 2022-04-01 11:38:15 --> Call to undefined function has_permission()
#0 C:\xampp\htdocs\tokobuku\system\View\View.php(210): include()
#1 C:\xampp\htdocs\tokobuku\system\View\View.php(213): CodeIgniter\View\View->CodeIgniter\View\{closure}()
#2 C:\xampp\htdocs\tokobuku\system\View\View.php(424): CodeIgniter\View\View->render('layout/sidebar', NULL, true)
#3 C:\xampp\htdocs\tokobuku\app\Views\layout\template.php(17): CodeIgniter\View\View->include('layout/sidebar')
#4 C:\xampp\htdocs\tokobuku\system\View\View.php(210): include('C:\\xampp\\htdocs...')
#5 C:\xampp\htdocs\tokobuku\system\View\View.php(213): CodeIgniter\View\View->CodeIgniter\View\{closure}()
#6 C:\xampp\htdocs\tokobuku\system\View\View.php(226): CodeIgniter\View\View->render('layout/template', Array, true)
#7 C:\xampp\htdocs\tokobuku\system\Common.php(1089): CodeIgniter\View\View->render('book/index', Array, true)
#8 C:\xampp\htdocs\tokobuku\app\Controllers\Book.php(33): view('book/index', Array)
#9 C:\xampp\htdocs\tokobuku\system\CodeIgniter.php(832): App\Controllers\Book->index()
#10 C:\xampp\htdocs\tokobuku\system\CodeIgniter.php(419): CodeIgniter\CodeIgniter->runController(Object(App\Controllers\Book))
#11 C:\xampp\htdocs\tokobuku\system\CodeIgniter.php(326): CodeIgniter\CodeIgniter->handleRequest(NULL, Object(Config\Cache), false)
#12 C:\xampp\htdocs\tokobuku\public\index.php(37): CodeIgniter\CodeIgniter->run()
#13 C:\xampp\htdocs\tokobuku\system\Commands\Server\rewrite.php(43): require_once('C:\\xampp\\htdocs...')
#14 {main}
CRITICAL - 2022-04-01 11:38:16 --> Call to undefined function has_permission()
#0 C:\xampp\htdocs\tokobuku\system\View\View.php(210): include()
#1 C:\xampp\htdocs\tokobuku\system\View\View.php(213): CodeIgniter\View\View->CodeIgniter\View\{closure}()
#2 C:\xampp\htdocs\tokobuku\system\View\View.php(424): CodeIgniter\View\View->render('layout/sidebar', NULL, true)
#3 C:\xampp\htdocs\tokobuku\app\Views\layout\template.php(17): CodeIgniter\View\View->include('layout/sidebar')
#4 C:\xampp\htdocs\tokobuku\system\View\View.php(210): include('C:\\xampp\\htdocs...')
#5 C:\xampp\htdocs\tokobuku\system\View\View.php(213): CodeIgniter\View\View->CodeIgniter\View\{closure}()
#6 C:\xampp\htdocs\tokobuku\system\View\View.php(226): CodeIgniter\View\View->render('layout/template', Array, true)
#7 C:\xampp\htdocs\tokobuku\system\Common.php(1089): CodeIgniter\View\View->render('book/index', Array, true)
#8 C:\xampp\htdocs\tokobuku\app\Controllers\Book.php(33): view('book/index', Array)
#9 C:\xampp\htdocs\tokobuku\system\CodeIgniter.php(832): App\Controllers\Book->index()
#10 C:\xampp\htdocs\tokobuku\system\CodeIgniter.php(419): CodeIgniter\CodeIgniter->runController(Object(App\Controllers\Book))
#11 C:\xampp\htdocs\tokobuku\system\CodeIgniter.php(326): CodeIgniter\CodeIgniter->handleRequest(NULL, Object(Config\Cache), false)
#12 C:\xampp\htdocs\tokobuku\public\index.php(37): CodeIgniter\CodeIgniter->run()
#13 C:\xampp\htdocs\tokobuku\system\Commands\Server\rewrite.php(43): require_once('C:\\xampp\\htdocs...')
#14 {main}
CRITICAL - 2022-04-01 11:41:38 --> Call to undefined function has_permission()
#0 C:\xampp\htdocs\tokobuku\system\View\View.php(210): include()
#1 C:\xampp\htdocs\tokobuku\system\View\View.php(213): CodeIgniter\View\View->CodeIgniter\View\{closure}()
#2 C:\xampp\htdocs\tokobuku\system\View\View.php(424): CodeIgniter\View\View->render('layout/sidebar', NULL, true)
#3 C:\xampp\htdocs\tokobuku\app\Views\layout\template.php(17): CodeIgniter\View\View->include('layout/sidebar')
#4 C:\xampp\htdocs\tokobuku\system\View\View.php(210): include('C:\\xampp\\htdocs...')
#5 C:\xampp\htdocs\tokobuku\system\View\View.php(213): CodeIgniter\View\View->CodeIgniter\View\{closure}()
#6 C:\xampp\htdocs\tokobuku\system\View\View.php(226): CodeIgniter\View\View->render('layout/template', Array, true)
#7 C:\xampp\htdocs\tokobuku\system\Common.php(1089): CodeIgniter\View\View->render('book/index', Array, true)
#8 C:\xampp\htdocs\tokobuku\app\Controllers\Book.php(33): view('book/index', Array)
#9 C:\xampp\htdocs\tokobuku\system\CodeIgniter.php(832): App\Controllers\Book->index()
#10 C:\xampp\htdocs\tokobuku\system\CodeIgniter.php(419): CodeIgniter\CodeIgniter->runController(Object(App\Controllers\Book))
#11 C:\xampp\htdocs\tokobuku\system\CodeIgniter.php(326): CodeIgniter\CodeIgniter->handleRequest(NULL, Object(Config\Cache), false)
#12 C:\xampp\htdocs\tokobuku\public\index.php(37): CodeIgniter\CodeIgniter->run()
#13 C:\xampp\htdocs\tokobuku\system\Commands\Server\rewrite.php(43): require_once('C:\\xampp\\htdocs...')
#14 {main}
CRITICAL - 2022-04-01 11:46:42 --> Class 'App\Models\SupplierModel' not found
#0 C:\xampp\htdocs\tokobuku\system\CodeIgniter.php(809): App\Controllers\Supplier->__construct()
#1 C:\xampp\htdocs\tokobuku\system\CodeIgniter.php(410): CodeIgniter\CodeIgniter->createController()
#2 C:\xampp\htdocs\tokobuku\system\CodeIgniter.php(326): CodeIgniter\CodeIgniter->handleRequest(NULL, Object(Config\Cache), false)
#3 C:\xampp\htdocs\tokobuku\public\index.php(37): CodeIgniter\CodeIgniter->run()
#4 C:\xampp\htdocs\tokobuku\system\Commands\Server\rewrite.php(43): require_once('C:\\xampp\\htdocs...')
#5 {main}
CRITICAL - 2022-04-01 11:46:57 --> Class 'App\Models\SupplierModel' not found
#0 C:\xampp\htdocs\tokobuku\system\CodeIgniter.php(809): App\Controllers\Supplier->__construct()
#1 C:\xampp\htdocs\tokobuku\system\CodeIgniter.php(410): CodeIgniter\CodeIgniter->createController()
#2 C:\xampp\htdocs\tokobuku\system\CodeIgniter.php(326): CodeIgniter\CodeIgniter->handleRequest(NULL, Object(Config\Cache), false)
#3 C:\xampp\htdocs\tokobuku\public\index.php(37): CodeIgniter\CodeIgniter->run()
#4 C:\xampp\htdocs\tokobuku\system\Commands\Server\rewrite.php(43): require_once('C:\\xampp\\htdocs...')
#5 {main}
CRITICAL - 2022-04-01 11:46:58 --> Class 'App\Models\SupplierModel' not found
#0 C:\xampp\htdocs\tokobuku\system\CodeIgniter.php(809): App\Controllers\Supplier->__construct()
#1 C:\xampp\htdocs\tokobuku\system\CodeIgniter.php(410): CodeIgniter\CodeIgniter->createController()
#2 C:\xampp\htdocs\tokobuku\system\CodeIgniter.php(326): CodeIgniter\CodeIgniter->handleRequest(NULL, Object(Config\Cache), false)
#3 C:\xampp\htdocs\tokobuku\public\index.php(37): CodeIgniter\CodeIgniter->run()
#4 C:\xampp\htdocs\tokobuku\system\Commands\Server\rewrite.php(43): require_once('C:\\xampp\\htdocs...')
#5 {main}
CRITICAL - 2022-04-01 11:47:44 --> Class 'App\Models\SupplierModel' not found
#0 C:\xampp\htdocs\tokobuku\system\CodeIgniter.php(809): App\Controllers\Supplier->__construct()
#1 C:\xampp\htdocs\tokobuku\system\CodeIgniter.php(410): CodeIgniter\CodeIgniter->createController()
#2 C:\xampp\htdocs\tokobuku\system\CodeIgniter.php(326): CodeIgniter\CodeIgniter->handleRequest(NULL, Object(Config\Cache), false)
#3 C:\xampp\htdocs\tokobuku\public\index.php(37): CodeIgniter\CodeIgniter->run()
#4 C:\xampp\htdocs\tokobuku\system\Commands\Server\rewrite.php(43): require_once('C:\\xampp\\htdocs...')
#5 {main}
CRITICAL - 2022-04-01 11:47:45 --> Class 'App\Models\SupplierModel' not found
#0 C:\xampp\htdocs\tokobuku\system\CodeIgniter.php(809): App\Controllers\Supplier->__construct()
#1 C:\xampp\htdocs\tokobuku\system\CodeIgniter.php(410): CodeIgniter\CodeIgniter->createController()
#2 C:\xampp\htdocs\tokobuku\system\CodeIgniter.php(326): CodeIgniter\CodeIgniter->handleRequest(NULL, Object(Config\Cache), false)
#3 C:\xampp\htdocs\tokobuku\public\index.php(37): CodeIgniter\CodeIgniter->run()
#4 C:\xampp\htdocs\tokobuku\system\Commands\Server\rewrite.php(43): require_once('C:\\xampp\\htdocs...')
#5 {main}
ERROR - 2022-04-01 11:49:32 --> Table 'tokobuku.supplier' doesn't exist
CRITICAL - 2022-04-01 11:49:32 --> Table 'tokobuku.supplier' doesn't exist
#0 C:\xampp\htdocs\tokobuku\system\Database\MySQLi\Connection.php(292): mysqli->query('SELECT *\nFROM `...', 0)
#1 C:\xampp\htdocs\tokobuku\system\Database\BaseConnection.php(670): CodeIgniter\Database\MySQLi\Connection->execute('SELECT *\nFROM `...')
#2 C:\xampp\htdocs\tokobuku\system\Database\BaseConnection.php(598): CodeIgniter\Database\BaseConnection->simpleQuery('SELECT *\nFROM `...')
#3 C:\xampp\htdocs\tokobuku\system\Database\BaseBuilder.php(1455): CodeIgniter\Database\BaseConnection->query('SELECT *\nFROM `...', Array, false)
#4 C:\xampp\htdocs\tokobuku\system\Model.php(183): CodeIgniter\Database\BaseBuilder->get()
#5 C:\xampp\htdocs\tokobuku\system\BaseModel.php(584): CodeIgniter\Model->doFindAll(0, 0)
#6 C:\xampp\htdocs\tokobuku\app\Controllers\Supplier.php(20): CodeIgniter\BaseModel->findAll()
#7 C:\xampp\htdocs\tokobuku\system\CodeIgniter.php(832): App\Controllers\Supplier->index()
#8 C:\xampp\htdocs\tokobuku\system\CodeIgniter.php(419): CodeIgniter\CodeIgniter->runController(Object(App\Controllers\Supplier))
#9 C:\xampp\htdocs\tokobuku\system\CodeIgniter.php(326): CodeIgniter\CodeIgniter->handleRequest(NULL, Object(Config\Cache), false)
#10 C:\xampp\htdocs\tokobuku\public\index.php(37): CodeIgniter\CodeIgniter->run()
#11 C:\xampp\htdocs\tokobuku\system\Commands\Server\rewrite.php(43): require_once('C:\\xampp\\htdocs...')
#12 {main}
ERROR - 2022-04-01 11:49:33 --> Table 'tokobuku.supplier' doesn't exist
CRITICAL - 2022-04-01 11:49:33 --> Table 'tokobuku.supplier' doesn't exist
#0 C:\xampp\htdocs\tokobuku\system\Database\MySQLi\Connection.php(292): mysqli->query('SELECT *\nFROM `...', 0)
#1 C:\xampp\htdocs\tokobuku\system\Database\BaseConnection.php(670): CodeIgniter\Database\MySQLi\Connection->execute('SELECT *\nFROM `...')
#2 C:\xampp\htdocs\tokobuku\system\Database\BaseConnection.php(598): CodeIgniter\Database\BaseConnection->simpleQuery('SELECT *\nFROM `...')
#3 C:\xampp\htdocs\tokobuku\system\Database\BaseBuilder.php(1455): CodeIgniter\Database\BaseConnection->query('SELECT *\nFROM `...', Array, false)
#4 C:\xampp\htdocs\tokobuku\system\Model.php(183): CodeIgniter\Database\BaseBuilder->get()
#5 C:\xampp\htdocs\tokobuku\system\BaseModel.php(584): CodeIgniter\Model->doFindAll(0, 0)
#6 C:\xampp\htdocs\tokobuku\app\Controllers\Supplier.php(20): CodeIgniter\BaseModel->findAll()
#7 C:\xampp\htdocs\tokobuku\system\CodeIgniter.php(832): App\Controllers\Supplier->index()
#8 C:\xampp\htdocs\tokobuku\system\CodeIgniter.php(419): CodeIgniter\CodeIgniter->runController(Object(App\Controllers\Supplier))
#9 C:\xampp\htdocs\tokobuku\system\CodeIgniter.php(326): CodeIgniter\CodeIgniter->handleRequest(NULL, Object(Config\Cache), false)
#10 C:\xampp\htdocs\tokobuku\public\index.php(37): CodeIgniter\CodeIgniter->run()
#11 C:\xampp\htdocs\tokobuku\system\Commands\Server\rewrite.php(43): require_once('C:\\xampp\\htdocs...')
#12 {main}
ERROR - 2022-04-01 11:49:34 --> Table 'tokobuku.supplier' doesn't exist
CRITICAL - 2022-04-01 11:49:34 --> Table 'tokobuku.supplier' doesn't exist
#0 C:\xampp\htdocs\tokobuku\system\Database\MySQLi\Connection.php(292): mysqli->query('SELECT *\nFROM `...', 0)
#1 C:\xampp\htdocs\tokobuku\system\Database\BaseConnection.php(670): CodeIgniter\Database\MySQLi\Connection->execute('SELECT *\nFROM `...')
#2 C:\xampp\htdocs\tokobuku\system\Database\BaseConnection.php(598): CodeIgniter\Database\BaseConnection->simpleQuery('SELECT *\nFROM `...')
#3 C:\xampp\htdocs\tokobuku\system\Database\BaseBuilder.php(1455): CodeIgniter\Database\BaseConnection->query('SELECT *\nFROM `...', Array, false)
#4 C:\xampp\htdocs\tokobuku\system\Model.php(183): CodeIgniter\Database\BaseBuilder->get()
#5 C:\xampp\htdocs\tokobuku\system\BaseModel.php(584): CodeIgniter\Model->doFindAll(0, 0)
#6 C:\xampp\htdocs\tokobuku\app\Controllers\Supplier.php(20): CodeIgniter\BaseModel->findAll()
#7 C:\xampp\htdocs\tokobuku\system\CodeIgniter.php(832): App\Controllers\Supplier->index()
#8 C:\xampp\htdocs\tokobuku\system\CodeIgniter.php(419): CodeIgniter\CodeIgniter->runController(Object(App\Controllers\Supplier))
#9 C:\xampp\htdocs\tokobuku\system\CodeIgniter.php(326): CodeIgniter\CodeIgniter->handleRequest(NULL, Object(Config\Cache), false)
#10 C:\xampp\htdocs\tokobuku\public\index.php(37): CodeIgniter\CodeIgniter->run()
#11 C:\xampp\htdocs\tokobuku\system\Commands\Server\rewrite.php(43): require_once('C:\\xampp\\htdocs...')
#12 {main}
ERROR - 2022-04-01 11:49:36 --> Table 'tokobuku.supplier' doesn't exist
CRITICAL - 2022-04-01 11:49:36 --> Table 'tokobuku.supplier' doesn't exist
#0 C:\xampp\htdocs\tokobuku\system\Database\MySQLi\Connection.php(292): mysqli->query('SELECT *\nFROM `...', 0)
#1 C:\xampp\htdocs\tokobuku\system\Database\BaseConnection.php(670): CodeIgniter\Database\MySQLi\Connection->execute('SELECT *\nFROM `...')
#2 C:\xampp\htdocs\tokobuku\system\Database\BaseConnection.php(598): CodeIgniter\Database\BaseConnection->simpleQuery('SELECT *\nFROM `...')
#3 C:\xampp\htdocs\tokobuku\system\Database\BaseBuilder.php(1455): CodeIgniter\Database\BaseConnection->query('SELECT *\nFROM `...', Array, false)
#4 C:\xampp\htdocs\tokobuku\system\Model.php(183): CodeIgniter\Database\BaseBuilder->get()
#5 C:\xampp\htdocs\tokobuku\system\BaseModel.php(584): CodeIgniter\Model->doFindAll(0, 0)
#6 C:\xampp\htdocs\tokobuku\app\Controllers\Supplier.php(20): CodeIgniter\BaseModel->findAll()
#7 C:\xampp\htdocs\tokobuku\system\CodeIgniter.php(832): App\Controllers\Supplier->index()
#8 C:\xampp\htdocs\tokobuku\system\CodeIgniter.php(419): CodeIgniter\CodeIgniter->runController(Object(App\Controllers\Supplier))
#9 C:\xampp\htdocs\tokobuku\system\CodeIgniter.php(326): CodeIgniter\CodeIgniter->handleRequest(NULL, Object(Config\Cache), false)
#10 C:\xampp\htdocs\tokobuku\public\index.php(37): CodeIgniter\CodeIgniter->run()
#11 C:\xampp\htdocs\tokobuku\system\Commands\Server\rewrite.php(43): require_once('C:\\xampp\\htdocs...')
#12 {main}
ERROR - 2022-04-01 11:49:37 --> Table 'tokobuku.supplier' doesn't exist
CRITICAL - 2022-04-01 11:49:37 --> Table 'tokobuku.supplier' doesn't exist
#0 C:\xampp\htdocs\tokobuku\system\Database\MySQLi\Connection.php(292): mysqli->query('SELECT *\nFROM `...', 0)
#1 C:\xampp\htdocs\tokobuku\system\Database\BaseConnection.php(670): CodeIgniter\Database\MySQLi\Connection->execute('SELECT *\nFROM `...')
#2 C:\xampp\htdocs\tokobuku\system\Database\BaseConnection.php(598): CodeIgniter\Database\BaseConnection->simpleQuery('SELECT *\nFROM `...')
#3 C:\xampp\htdocs\tokobuku\system\Database\BaseBuilder.php(1455): CodeIgniter\Database\BaseConnection->query('SELECT *\nFROM `...', Array, false)
#4 C:\xampp\htdocs\tokobuku\system\Model.php(183): CodeIgniter\Database\BaseBuilder->get()
#5 C:\xampp\htdocs\tokobuku\system\BaseModel.php(584): CodeIgniter\Model->doFindAll(0, 0)
#6 C:\xampp\htdocs\tokobuku\app\Controllers\Supplier.php(20): CodeIgniter\BaseModel->findAll()
#7 C:\xampp\htdocs\tokobuku\system\CodeIgniter.php(832): App\Controllers\Supplier->index()
#8 C:\xampp\htdocs\tokobuku\system\CodeIgniter.php(419): CodeIgniter\CodeIgniter->runController(Object(App\Controllers\Supplier))
#9 C:\xampp\htdocs\tokobuku\system\CodeIgniter.php(326): CodeIgniter\CodeIgniter->handleRequest(NULL, Object(Config\Cache), false)
#10 C:\xampp\htdocs\tokobuku\public\index.php(37): CodeIgniter\CodeIgniter->run()
#11 C:\xampp\htdocs\tokobuku\system\Commands\Server\rewrite.php(43): require_once('C:\\xampp\\htdocs...')
#12 {main}
ERROR - 2022-04-01 11:49:38 --> Table 'tokobuku.supplier' doesn't exist
CRITICAL - 2022-04-01 11:49:38 --> Table 'tokobuku.supplier' doesn't exist
#0 C:\xampp\htdocs\tokobuku\system\Database\MySQLi\Connection.php(292): mysqli->query('SELECT *\nFROM `...', 0)
#1 C:\xampp\htdocs\tokobuku\system\Database\BaseConnection.php(670): CodeIgniter\Database\MySQLi\Connection->execute('SELECT *\nFROM `...')
#2 C:\xampp\htdocs\tokobuku\system\Database\BaseConnection.php(598): CodeIgniter\Database\BaseConnection->simpleQuery('SELECT *\nFROM `...')
#3 C:\xampp\htdocs\tokobuku\system\Database\BaseBuilder.php(1455): CodeIgniter\Database\BaseConnection->query('SELECT *\nFROM `...', Array, false)
#4 C:\xampp\htdocs\tokobuku\system\Model.php(183): CodeIgniter\Database\BaseBuilder->get()
#5 C:\xampp\htdocs\tokobuku\system\BaseModel.php(584): CodeIgniter\Model->doFindAll(0, 0)
#6 C:\xampp\htdocs\tokobuku\app\Controllers\Supplier.php(20): CodeIgniter\BaseModel->findAll()
#7 C:\xampp\htdocs\tokobuku\system\CodeIgniter.php(832): App\Controllers\Supplier->index()
#8 C:\xampp\htdocs\tokobuku\system\CodeIgniter.php(419): CodeIgniter\CodeIgniter->runController(Object(App\Controllers\Supplier))
#9 C:\xampp\htdocs\tokobuku\system\CodeIgniter.php(326): CodeIgniter\CodeIgniter->handleRequest(NULL, Object(Config\Cache), false)
#10 C:\xampp\htdocs\tokobuku\public\index.php(37): CodeIgniter\CodeIgniter->run()
#11 C:\xampp\htdocs\tokobuku\system\Commands\Server\rewrite.php(43): require_once('C:\\xampp\\htdocs...')
#12 {main}
ERROR - 2022-04-01 11:51:59 --> Table 'tokobuku.supplier' doesn't exist
CRITICAL - 2022-04-01 11:51:59 --> Table 'tokobuku.supplier' doesn't exist
#0 C:\xampp\htdocs\tokobuku\system\Database\MySQLi\Connection.php(292): mysqli->query('SELECT *\nFROM `...', 0)
#1 C:\xampp\htdocs\tokobuku\system\Database\BaseConnection.php(670): CodeIgniter\Database\MySQLi\Connection->execute('SELECT *\nFROM `...')
#2 C:\xampp\htdocs\tokobuku\system\Database\BaseConnection.php(598): CodeIgniter\Database\BaseConnection->simpleQuery('SELECT *\nFROM `...')
#3 C:\xampp\htdocs\tokobuku\system\Database\BaseBuilder.php(1455): CodeIgniter\Database\BaseConnection->query('SELECT *\nFROM `...', Array, false)
#4 C:\xampp\htdocs\tokobuku\system\Model.php(183): CodeIgniter\Database\BaseBuilder->get()
#5 C:\xampp\htdocs\tokobuku\system\BaseModel.php(584): CodeIgniter\Model->doFindAll(0, 0)
#6 C:\xampp\htdocs\tokobuku\app\Controllers\Supplier.php(20): CodeIgniter\BaseModel->findAll()
#7 C:\xampp\htdocs\tokobuku\system\CodeIgniter.php(832): App\Controllers\Supplier->index()
#8 C:\xampp\htdocs\tokobuku\system\CodeIgniter.php(419): CodeIgniter\CodeIgniter->runController(Object(App\Controllers\Supplier))
#9 C:\xampp\htdocs\tokobuku\system\CodeIgniter.php(326): CodeIgniter\CodeIgniter->handleRequest(NULL, Object(Config\Cache), false)
#10 C:\xampp\htdocs\tokobuku\public\index.php(37): CodeIgniter\CodeIgniter->run()
#11 C:\xampp\htdocs\tokobuku\system\Commands\Server\rewrite.php(43): require_once('C:\\xampp\\htdocs...')
#12 {main}
CRITICAL - 2022-04-01 12:25:21 --> Undefined variable: validation
#0 C:\xampp\htdocs\tokobuku\app\Views\supplier\create.php(25): CodeIgniter\Debug\Exceptions->errorHandler(8, 'Undefined varia...', 'C:\\xampp\\htdocs...', 25, Array)
#1 C:\xampp\htdocs\tokobuku\system\View\View.php(210): include('C:\\xampp\\htdocs...')
#2 C:\xampp\htdocs\tokobuku\system\View\View.php(213): CodeIgniter\View\View->CodeIgniter\View\{closure}()
#3 C:\xampp\htdocs\tokobuku\system\Common.php(1089): CodeIgniter\View\View->render('supplier/create', Array, true)
#4 C:\xampp\htdocs\tokobuku\app\Controllers\Supplier.php(33): view('supplier/create', Array)
#5 C:\xampp\htdocs\tokobuku\system\CodeIgniter.php(832): App\Controllers\Supplier->create()
#6 C:\xampp\htdocs\tokobuku\system\CodeIgniter.php(419): CodeIgniter\CodeIgniter->runController(Object(App\Controllers\Supplier))
#7 C:\xampp\htdocs\tokobuku\system\CodeIgniter.php(326): CodeIgniter\CodeIgniter->handleRequest(NULL, Object(Config\Cache), false)
#8 C:\xampp\htdocs\tokobuku\public\index.php(37): CodeIgniter\CodeIgniter->run()
#9 C:\xampp\htdocs\tokobuku\system\Commands\Server\rewrite.php(43): require_once('C:\\xampp\\htdocs...')
#10 {main}
CRITICAL - 2022-04-01 12:26:06 --> Undefined variable: validation
#0 C:\xampp\htdocs\tokobuku\app\Views\supplier\create.php(34): CodeIgniter\Debug\Exceptions->errorHandler(8, 'Undefined varia...', 'C:\\xampp\\htdocs...', 34, Array)
#1 C:\xampp\htdocs\tokobuku\system\View\View.php(210): include('C:\\xampp\\htdocs...')
#2 C:\xampp\htdocs\tokobuku\system\View\View.php(213): CodeIgniter\View\View->CodeIgniter\View\{closure}()
#3 C:\xampp\htdocs\tokobuku\system\Common.php(1089): CodeIgniter\View\View->render('supplier/create', Array, true)
#4 C:\xampp\htdocs\tokobuku\app\Controllers\Supplier.php(33): view('supplier/create', Array)
#5 C:\xampp\htdocs\tokobuku\system\CodeIgniter.php(832): App\Controllers\Supplier->create()
#6 C:\xampp\htdocs\tokobuku\system\CodeIgniter.php(419): CodeIgniter\CodeIgniter->runController(Object(App\Controllers\Supplier))
#7 C:\xampp\htdocs\tokobuku\system\CodeIgniter.php(326): CodeIgniter\CodeIgniter->handleRequest(NULL, Object(Config\Cache), false)
#8 C:\xampp\htdocs\tokobuku\public\index.php(37): CodeIgniter\CodeIgniter->run()
#9 C:\xampp\htdocs\tokobuku\system\Commands\Server\rewrite.php(43): require_once('C:\\xampp\\htdocs...')
#10 {main}
CRITICAL - 2022-04-01 12:26:07 --> Undefined variable: validation
#0 C:\xampp\htdocs\tokobuku\app\Views\supplier\create.php(34): CodeIgniter\Debug\Exceptions->errorHandler(8, 'Undefined varia...', 'C:\\xampp\\htdocs...', 34, Array)
#1 C:\xampp\htdocs\tokobuku\system\View\View.php(210): include('C:\\xampp\\htdocs...')
#2 C:\xampp\htdocs\tokobuku\system\View\View.php(213): CodeIgniter\View\View->CodeIgniter\View\{closure}()
#3 C:\xampp\htdocs\tokobuku\system\Common.php(1089): CodeIgniter\View\View->render('supplier/create', Array, true)
#4 C:\xampp\htdocs\tokobuku\app\Controllers\Supplier.php(33): view('supplier/create', Array)
#5 C:\xampp\htdocs\tokobuku\system\CodeIgniter.php(832): App\Controllers\Supplier->create()
#6 C:\xampp\htdocs\tokobuku\system\CodeIgniter.php(419): CodeIgniter\CodeIgniter->runController(Object(App\Controllers\Supplier))
#7 C:\xampp\htdocs\tokobuku\system\CodeIgniter.php(326): CodeIgniter\CodeIgniter->handleRequest(NULL, Object(Config\Cache), false)
#8 C:\xampp\htdocs\tokobuku\public\index.php(37): CodeIgniter\CodeIgniter->run()
#9 C:\xampp\htdocs\tokobuku\system\Commands\Server\rewrite.php(43): require_once('C:\\xampp\\htdocs...')
#10 {main}
CRITICAL - 2022-04-01 12:40:08 --> Class 'App\Models\SupplierEntity' not found
#0 C:\xampp\htdocs\tokobuku\system\CodeIgniter.php(832): App\Controllers\Supplier->save()
#1 C:\xampp\htdocs\tokobuku\system\CodeIgniter.php(419): CodeIgniter\CodeIgniter->runController(Object(App\Controllers\Supplier))
#2 C:\xampp\htdocs\tokobuku\system\CodeIgniter.php(326): CodeIgniter\CodeIgniter->handleRequest(NULL, Object(Config\Cache), false)
#3 C:\xampp\htdocs\tokobuku\public\index.php(37): CodeIgniter\CodeIgniter->run()
#4 C:\xampp\htdocs\tokobuku\system\Commands\Server\rewrite.php(43): require_once('C:\\xampp\\htdocs...')
#5 {main}
CRITICAL - 2022-04-01 12:42:36 --> Class 'App\Models\SupplierEntity' not found
#0 C:\xampp\htdocs\tokobuku\system\CodeIgniter.php(832): App\Controllers\Supplier->save()
#1 C:\xampp\htdocs\tokobuku\system\CodeIgniter.php(419): CodeIgniter\CodeIgniter->runController(Object(App\Controllers\Supplier))
#2 C:\xampp\htdocs\tokobuku\system\CodeIgniter.php(326): CodeIgniter\CodeIgniter->handleRequest(NULL, Object(Config\Cache), false)
#3 C:\xampp\htdocs\tokobuku\public\index.php(37): CodeIgniter\CodeIgniter->run()
#4 C:\xampp\htdocs\tokobuku\system\Commands\Server\rewrite.php(43): require_once('C:\\xampp\\htdocs...')
#5 {main}
CRITICAL - 2022-04-01 12:42:42 --> Class 'App\Models\SupplierEntity' not found
#0 C:\xampp\htdocs\tokobuku\system\CodeIgniter.php(832): App\Controllers\Supplier->save()
#1 C:\xampp\htdocs\tokobuku\system\CodeIgniter.php(419): CodeIgniter\CodeIgniter->runController(Object(App\Controllers\Supplier))
#2 C:\xampp\htdocs\tokobuku\system\CodeIgniter.php(326): CodeIgniter\CodeIgniter->handleRequest(NULL, Object(Config\Cache), false)
#3 C:\xampp\htdocs\tokobuku\public\index.php(37): CodeIgniter\CodeIgniter->run()
#4 C:\xampp\htdocs\tokobuku\system\Commands\Server\rewrite.php(43): require_once('C:\\xampp\\htdocs...')
#5 {main}
CRITICAL - 2022-04-01 12:44:32 --> Class 'App\Models\SupplierEntity' not found
#0 C:\xampp\htdocs\tokobuku\system\CodeIgniter.php(832): App\Controllers\Supplier->save()
#1 C:\xampp\htdocs\tokobuku\system\CodeIgniter.php(419): CodeIgniter\CodeIgniter->runController(Object(App\Controllers\Supplier))
#2 C:\xampp\htdocs\tokobuku\system\CodeIgniter.php(326): CodeIgniter\CodeIgniter->handleRequest(NULL, Object(Config\Cache), false)
#3 C:\xampp\htdocs\tokobuku\public\index.php(37): CodeIgniter\CodeIgniter->run()
#4 C:\xampp\htdocs\tokobuku\system\Commands\Server\rewrite.php(43): require_once('C:\\xampp\\htdocs...')
#5 {main}
CRITICAL - 2022-04-01 12:44:45 --> Class 'App\Models\SupplierEntity' not found
#0 C:\xampp\htdocs\tokobuku\system\CodeIgniter.php(832): App\Controllers\Supplier->save()
#1 C:\xampp\htdocs\tokobuku\system\CodeIgniter.php(419): CodeIgniter\CodeIgniter->runController(Object(App\Controllers\Supplier))
#2 C:\xampp\htdocs\tokobuku\system\CodeIgniter.php(326): CodeIgniter\CodeIgniter->handleRequest(NULL, Object(Config\Cache), false)
#3 C:\xampp\htdocs\tokobuku\public\index.php(37): CodeIgniter\CodeIgniter->run()
#4 C:\xampp\htdocs\tokobuku\system\Commands\Server\rewrite.php(43): require_once('C:\\xampp\\htdocs...')
#5 {main}
CRITICAL - 2022-04-01 12:47:43 --> Class 'App\Models\SupplierEntity' not found
#0 C:\xampp\htdocs\tokobuku\system\CodeIgniter.php(832): App\Controllers\Supplier->save()
#1 C:\xampp\htdocs\tokobuku\system\CodeIgniter.php(419): CodeIgniter\CodeIgniter->runController(Object(App\Controllers\Supplier))
#2 C:\xampp\htdocs\tokobuku\system\CodeIgniter.php(326): CodeIgniter\CodeIgniter->handleRequest(NULL, Object(Config\Cache), false)
#3 C:\xampp\htdocs\tokobuku\public\index.php(37): CodeIgniter\CodeIgniter->run()
#4 C:\xampp\htdocs\tokobuku\system\Commands\Server\rewrite.php(43): require_once('C:\\xampp\\htdocs...')
#5 {main}
CRITICAL - 2022-04-01 12:47:48 --> Class 'App\Models\SupplierEntity' not found
#0 C:\xampp\htdocs\tokobuku\system\CodeIgniter.php(832): App\Controllers\Supplier->save()
#1 C:\xampp\htdocs\tokobuku\system\CodeIgniter.php(419): CodeIgniter\CodeIgniter->runController(Object(App\Controllers\Supplier))
#2 C:\xampp\htdocs\tokobuku\system\CodeIgniter.php(326): CodeIgniter\CodeIgniter->handleRequest(NULL, Object(Config\Cache), false)
#3 C:\xampp\htdocs\tokobuku\public\index.php(37): CodeIgniter\CodeIgniter->run()
#4 C:\xampp\htdocs\tokobuku\system\Commands\Server\rewrite.php(43): require_once('C:\\xampp\\htdocs...')
#5 {main}
CRITICAL - 2022-04-01 12:49:18 --> Class 'App\Models\SupplierEntity' not found
#0 C:\xampp\htdocs\tokobuku\system\CodeIgniter.php(832): App\Controllers\Supplier->save()
#1 C:\xampp\htdocs\tokobuku\system\CodeIgniter.php(419): CodeIgniter\CodeIgniter->runController(Object(App\Controllers\Supplier))
#2 C:\xampp\htdocs\tokobuku\system\CodeIgniter.php(326): CodeIgniter\CodeIgniter->handleRequest(NULL, Object(Config\Cache), false)
#3 C:\xampp\htdocs\tokobuku\public\index.php(37): CodeIgniter\CodeIgniter->run()
#4 C:\xampp\htdocs\tokobuku\system\Commands\Server\rewrite.php(43): require_once('C:\\xampp\\htdocs...')
#5 {main}
CRITICAL - 2022-04-01 12:49:50 --> Class 'App\Models\SupplierEntity' not found
#0 C:\xampp\htdocs\tokobuku\system\CodeIgniter.php(832): App\Controllers\Supplier->save()
#1 C:\xampp\htdocs\tokobuku\system\CodeIgniter.php(419): CodeIgniter\CodeIgniter->runController(Object(App\Controllers\Supplier))
#2 C:\xampp\htdocs\tokobuku\system\CodeIgniter.php(326): CodeIgniter\CodeIgniter->handleRequest(NULL, Object(Config\Cache), false)
#3 C:\xampp\htdocs\tokobuku\public\index.php(37): CodeIgniter\CodeIgniter->run()
#4 C:\xampp\htdocs\tokobuku\system\Commands\Server\rewrite.php(43): require_once('C:\\xampp\\htdocs...')
#5 {main}
CRITICAL - 2022-04-01 12:49:56 --> Class 'App\Models\SupplierEntity' not found
#0 C:\xampp\htdocs\tokobuku\system\CodeIgniter.php(832): App\Controllers\Supplier->save()
#1 C:\xampp\htdocs\tokobuku\system\CodeIgniter.php(419): CodeIgniter\CodeIgniter->runController(Object(App\Controllers\Supplier))
#2 C:\xampp\htdocs\tokobuku\system\CodeIgniter.php(326): CodeIgniter\CodeIgniter->handleRequest(NULL, Object(Config\Cache), false)
#3 C:\xampp\htdocs\tokobuku\public\index.php(37): CodeIgniter\CodeIgniter->run()
#4 C:\xampp\htdocs\tokobuku\system\Commands\Server\rewrite.php(43): require_once('C:\\xampp\\htdocs...')
#5 {main}
CRITICAL - 2022-04-01 12:53:10 --> Class 'App\Database\Enities\SupplierEntity' not found
#0 C:\xampp\htdocs\tokobuku\system\CodeIgniter.php(832): App\Controllers\Supplier->save()
#1 C:\xampp\htdocs\tokobuku\system\CodeIgniter.php(419): CodeIgniter\CodeIgniter->runController(Object(App\Controllers\Supplier))
#2 C:\xampp\htdocs\tokobuku\system\CodeIgniter.php(326): CodeIgniter\CodeIgniter->handleRequest(NULL, Object(Config\Cache), false)
#3 C:\xampp\htdocs\tokobuku\public\index.php(37): CodeIgniter\CodeIgniter->run()
#4 C:\xampp\htdocs\tokobuku\system\Commands\Server\rewrite.php(43): require_once('C:\\xampp\\htdocs...')
#5 {main}
CRITICAL - 2022-04-01 12:53:15 --> Class 'App\Database\Enities\SupplierEntity' not found
#0 C:\xampp\htdocs\tokobuku\system\CodeIgniter.php(832): App\Controllers\Supplier->save()
#1 C:\xampp\htdocs\tokobuku\system\CodeIgniter.php(419): CodeIgniter\CodeIgniter->runController(Object(App\Controllers\Supplier))
#2 C:\xampp\htdocs\tokobuku\system\CodeIgniter.php(326): CodeIgniter\CodeIgniter->handleRequest(NULL, Object(Config\Cache), false)
#3 C:\xampp\htdocs\tokobuku\public\index.php(37): CodeIgniter\CodeIgniter->run()
#4 C:\xampp\htdocs\tokobuku\system\Commands\Server\rewrite.php(43): require_once('C:\\xampp\\htdocs...')
#5 {main}
CRITICAL - 2022-04-01 12:53:22 --> Class 'App\Database\Enities\SupplierEntity' not found
#0 C:\xampp\htdocs\tokobuku\system\CodeIgniter.php(832): App\Controllers\Supplier->save()
#1 C:\xampp\htdocs\tokobuku\system\CodeIgniter.php(419): CodeIgniter\CodeIgniter->runController(Object(App\Controllers\Supplier))
#2 C:\xampp\htdocs\tokobuku\system\CodeIgniter.php(326): CodeIgniter\CodeIgniter->handleRequest(NULL, Object(Config\Cache), false)
#3 C:\xampp\htdocs\tokobuku\public\index.php(37): CodeIgniter\CodeIgniter->run()
#4 C:\xampp\htdocs\tokobuku\system\Commands\Server\rewrite.php(43): require_once('C:\\xampp\\htdocs...')
#5 {main}
CRITICAL - 2022-04-01 12:53:51 --> Class 'App\Database\Entities\SupplierEntity' not found
#0 C:\xampp\htdocs\tokobuku\system\CodeIgniter.php(832): App\Controllers\Supplier->save()
#1 C:\xampp\htdocs\tokobuku\system\CodeIgniter.php(419): CodeIgniter\CodeIgniter->runController(Object(App\Controllers\Supplier))
#2 C:\xampp\htdocs\tokobuku\system\CodeIgniter.php(326): CodeIgniter\CodeIgniter->handleRequest(NULL, Object(Config\Cache), false)
#3 C:\xampp\htdocs\tokobuku\public\index.php(37): CodeIgniter\CodeIgniter->run()
#4 C:\xampp\htdocs\tokobuku\system\Commands\Server\rewrite.php(43): require_once('C:\\xampp\\htdocs...')
#5 {main}
CRITICAL - 2022-04-01 12:54:16 --> Use of undefined constant email - assumed 'email' (this will throw an Error in a future version of PHP)
#0 C:\xampp\htdocs\tokobuku\app\Views\supplier\list.php(47): CodeIgniter\Debug\Exceptions->errorHandler(2, 'Use of undefine...', 'C:\\xampp\\htdocs...', 47, Array)
#1 C:\xampp\htdocs\tokobuku\system\View\View.php(210): include('C:\\xampp\\htdocs...')
#2 C:\xampp\htdocs\tokobuku\system\View\View.php(213): CodeIgniter\View\View->CodeIgniter\View\{closure}()
#3 C:\xampp\htdocs\tokobuku\system\Common.php(1089): CodeIgniter\View\View->render('supplier/list', Array, true)
#4 C:\xampp\htdocs\tokobuku\app\Controllers\Supplier.php(26): view('supplier/list', Array)
#5 C:\xampp\htdocs\tokobuku\system\CodeIgniter.php(832): App\Controllers\Supplier->index()
#6 C:\xampp\htdocs\tokobuku\system\CodeIgniter.php(419): CodeIgniter\CodeIgniter->runController(Object(App\Controllers\Supplier))
#7 C:\xampp\htdocs\tokobuku\system\CodeIgniter.php(326): CodeIgniter\CodeIgniter->handleRequest(NULL, Object(Config\Cache), false)
#8 C:\xampp\htdocs\tokobuku\public\index.php(37): CodeIgniter\CodeIgniter->run()
#9 C:\xampp\htdocs\tokobuku\system\Commands\Server\rewrite.php(43): require_once('C:\\xampp\\htdocs...')
#10 {main}
CRITICAL - 2022-04-01 12:55:09 --> Cannot use object of type App\Entities\SupplierEntity as array
#0 C:\xampp\htdocs\tokobuku\system\View\View.php(210): include()
#1 C:\xampp\htdocs\tokobuku\system\View\View.php(213): CodeIgniter\View\View->CodeIgniter\View\{closure}()
#2 C:\xampp\htdocs\tokobuku\system\Common.php(1089): CodeIgniter\View\View->render('supplier/list', Array, true)
#3 C:\xampp\htdocs\tokobuku\app\Controllers\Supplier.php(26): view('supplier/list', Array)
#4 C:\xampp\htdocs\tokobuku\system\CodeIgniter.php(832): App\Controllers\Supplier->index()
#5 C:\xampp\htdocs\tokobuku\system\CodeIgniter.php(419): CodeIgniter\CodeIgniter->runController(Object(App\Controllers\Supplier))
#6 C:\xampp\htdocs\tokobuku\system\CodeIgniter.php(326): CodeIgniter\CodeIgniter->handleRequest(NULL, Object(Config\Cache), false)
#7 C:\xampp\htdocs\tokobuku\public\index.php(37): CodeIgniter\CodeIgniter->run()
#8 C:\xampp\htdocs\tokobuku\system\Commands\Server\rewrite.php(43): require_once('C:\\xampp\\htdocs...')
#9 {main}
CRITICAL - 2022-04-01 12:55:31 --> Cannot use object of type App\Entities\SupplierEntity as array
#0 C:\xampp\htdocs\tokobuku\system\View\View.php(210): include()
#1 C:\xampp\htdocs\tokobuku\system\View\View.php(213): CodeIgniter\View\View->CodeIgniter\View\{closure}()
#2 C:\xampp\htdocs\tokobuku\system\Common.php(1089): CodeIgniter\View\View->render('supplier/list', Array, true)
#3 C:\xampp\htdocs\tokobuku\app\Controllers\Supplier.php(26): view('supplier/list', Array)
#4 C:\xampp\htdocs\tokobuku\system\CodeIgniter.php(832): App\Controllers\Supplier->index()
#5 C:\xampp\htdocs\tokobuku\system\CodeIgniter.php(419): CodeIgniter\CodeIgniter->runController(Object(App\Controllers\Supplier))
#6 C:\xampp\htdocs\tokobuku\system\CodeIgniter.php(326): CodeIgniter\CodeIgniter->handleRequest(NULL, Object(Config\Cache), false)
#7 C:\xampp\htdocs\tokobuku\public\index.php(37): CodeIgniter\CodeIgniter->run()
#8 C:\xampp\htdocs\tokobuku\system\Commands\Server\rewrite.php(43): require_once('C:\\xampp\\htdocs...')
#9 {main}
CRITICAL - 2022-04-01 12:55:43 --> Cannot use object of type App\Entities\SupplierEntity as array
#0 C:\xampp\htdocs\tokobuku\system\View\View.php(210): include()
#1 C:\xampp\htdocs\tokobuku\system\View\View.php(213): CodeIgniter\View\View->CodeIgniter\View\{closure}()
#2 C:\xampp\htdocs\tokobuku\system\Common.php(1089): CodeIgniter\View\View->render('supplier/list', Array, true)
#3 C:\xampp\htdocs\tokobuku\app\Controllers\Supplier.php(26): view('supplier/list', Array)
#4 C:\xampp\htdocs\tokobuku\system\CodeIgniter.php(832): App\Controllers\Supplier->index()
#5 C:\xampp\htdocs\tokobuku\system\CodeIgniter.php(419): CodeIgniter\CodeIgniter->runController(Object(App\Controllers\Supplier))
#6 C:\xampp\htdocs\tokobuku\system\CodeIgniter.php(326): CodeIgniter\CodeIgniter->handleRequest(NULL, Object(Config\Cache), false)
#7 C:\xampp\htdocs\tokobuku\public\index.php(37): CodeIgniter\CodeIgniter->run()
#8 C:\xampp\htdocs\tokobuku\system\Commands\Server\rewrite.php(43): require_once('C:\\xampp\\htdocs...')
#9 {main}
CRITICAL - 2022-04-01 12:57:38 --> Cannot use object of type App\Entities\SupplierEntity as array
#0 C:\xampp\htdocs\tokobuku\system\View\View.php(210): include()
#1 C:\xampp\htdocs\tokobuku\system\View\View.php(213): CodeIgniter\View\View->CodeIgniter\View\{closure}()
#2 C:\xampp\htdocs\tokobuku\system\Common.php(1089): CodeIgniter\View\View->render('supplier/list', Array, true)
#3 C:\xampp\htdocs\tokobuku\app\Controllers\Supplier.php(26): view('supplier/list', Array)
#4 C:\xampp\htdocs\tokobuku\system\CodeIgniter.php(832): App\Controllers\Supplier->index()
#5 C:\xampp\htdocs\tokobuku\system\CodeIgniter.php(419): CodeIgniter\CodeIgniter->runController(Object(App\Controllers\Supplier))
#6 C:\xampp\htdocs\tokobuku\system\CodeIgniter.php(326): CodeIgniter\CodeIgniter->handleRequest(NULL, Object(Config\Cache), false)
#7 C:\xampp\htdocs\tokobuku\public\index.php(37): CodeIgniter\CodeIgniter->run()
#8 C:\xampp\htdocs\tokobuku\system\Commands\Server\rewrite.php(43): require_once('C:\\xampp\\htdocs...')
#9 {main}
CRITICAL - 2022-04-01 13:05:39 --> Cannot use object of type App\Entities\SupplierEntity as array
#0 C:\xampp\htdocs\tokobuku\system\View\View.php(210): include()
#1 C:\xampp\htdocs\tokobuku\system\View\View.php(213): CodeIgniter\View\View->CodeIgniter\View\{closure}()
#2 C:\xampp\htdocs\tokobuku\system\Common.php(1089): CodeIgniter\View\View->render('supplier/list', Array, true)
#3 C:\xampp\htdocs\tokobuku\app\Controllers\Supplier.php(26): view('supplier/list', Array)
#4 C:\xampp\htdocs\tokobuku\system\CodeIgniter.php(832): App\Controllers\Supplier->index()
#5 C:\xampp\htdocs\tokobuku\system\CodeIgniter.php(419): CodeIgniter\CodeIgniter->runController(Object(App\Controllers\Supplier))
#6 C:\xampp\htdocs\tokobuku\system\CodeIgniter.php(326): CodeIgniter\CodeIgniter->handleRequest(NULL, Object(Config\Cache), false)
#7 C:\xampp\htdocs\tokobuku\public\index.php(37): CodeIgniter\CodeIgniter->run()
#8 C:\xampp\htdocs\tokobuku\system\Commands\Server\rewrite.php(43): require_once('C:\\xampp\\htdocs...')
#9 {main}
CRITICAL - 2022-04-01 13:05:59 --> Cannot use object of type App\Entities\SupplierEntity as array
#0 C:\xampp\htdocs\tokobuku\system\View\View.php(210): include()
#1 C:\xampp\htdocs\tokobuku\system\View\View.php(213): CodeIgniter\View\View->CodeIgniter\View\{closure}()
#2 C:\xampp\htdocs\tokobuku\system\Common.php(1089): CodeIgniter\View\View->render('supplier/list', Array, true)
#3 C:\xampp\htdocs\tokobuku\app\Controllers\Supplier.php(26): view('supplier/list', Array)
#4 C:\xampp\htdocs\tokobuku\system\CodeIgniter.php(832): App\Controllers\Supplier->index()
#5 C:\xampp\htdocs\tokobuku\system\CodeIgniter.php(419): CodeIgniter\CodeIgniter->runController(Object(App\Controllers\Supplier))
#6 C:\xampp\htdocs\tokobuku\system\CodeIgniter.php(326): CodeIgniter\CodeIgniter->handleRequest(NULL, Object(Config\Cache), false)
#7 C:\xampp\htdocs\tokobuku\public\index.php(37): CodeIgniter\CodeIgniter->run()
#8 C:\xampp\htdocs\tokobuku\system\Commands\Server\rewrite.php(43): require_once('C:\\xampp\\htdocs...')
#9 {main}
CRITICAL - 2022-04-01 13:06:02 --> Cannot use object of type App\Entities\SupplierEntity as array
#0 C:\xampp\htdocs\tokobuku\system\View\View.php(210): include()
#1 C:\xampp\htdocs\tokobuku\system\View\View.php(213): CodeIgniter\View\View->CodeIgniter\View\{closure}()
#2 C:\xampp\htdocs\tokobuku\system\Common.php(1089): CodeIgniter\View\View->render('supplier/list', Array, true)
#3 C:\xampp\htdocs\tokobuku\app\Controllers\Supplier.php(26): view('supplier/list', Array)
#4 C:\xampp\htdocs\tokobuku\system\CodeIgniter.php(832): App\Controllers\Supplier->index()
#5 C:\xampp\htdocs\tokobuku\system\CodeIgniter.php(419): CodeIgniter\CodeIgniter->runController(Object(App\Controllers\Supplier))
#6 C:\xampp\htdocs\tokobuku\system\CodeIgniter.php(326): CodeIgniter\CodeIgniter->handleRequest(NULL, Object(Config\Cache), false)
#7 C:\xampp\htdocs\tokobuku\public\index.php(37): CodeIgniter\CodeIgniter->run()
#8 C:\xampp\htdocs\tokobuku\system\Commands\Server\rewrite.php(43): require_once('C:\\xampp\\htdocs...')
#9 {main}
CRITICAL - 2022-04-01 13:06:04 --> Cannot use object of type App\Entities\SupplierEntity as array
#0 C:\xampp\htdocs\tokobuku\system\View\View.php(210): include()
#1 C:\xampp\htdocs\tokobuku\system\View\View.php(213): CodeIgniter\View\View->CodeIgniter\View\{closure}()
#2 C:\xampp\htdocs\tokobuku\system\Common.php(1089): CodeIgniter\View\View->render('supplier/list', Array, true)
#3 C:\xampp\htdocs\tokobuku\app\Controllers\Supplier.php(26): view('supplier/list', Array)
#4 C:\xampp\htdocs\tokobuku\system\CodeIgniter.php(832): App\Controllers\Supplier->index()
#5 C:\xampp\htdocs\tokobuku\system\CodeIgniter.php(419): CodeIgniter\CodeIgniter->runController(Object(App\Controllers\Supplier))
#6 C:\xampp\htdocs\tokobuku\system\CodeIgniter.php(326): CodeIgniter\CodeIgniter->handleRequest(NULL, Object(Config\Cache), false)
#7 C:\xampp\htdocs\tokobuku\public\index.php(37): CodeIgniter\CodeIgniter->run()
#8 C:\xampp\htdocs\tokobuku\system\Commands\Server\rewrite.php(43): require_once('C:\\xampp\\htdocs...')
#9 {main}
CRITICAL - 2022-04-01 13:06:05 --> Cannot use object of type App\Entities\SupplierEntity as array
#0 C:\xampp\htdocs\tokobuku\system\View\View.php(210): include()
#1 C:\xampp\htdocs\tokobuku\system\View\View.php(213): CodeIgniter\View\View->CodeIgniter\View\{closure}()
#2 C:\xampp\htdocs\tokobuku\system\Common.php(1089): CodeIgniter\View\View->render('supplier/list', Array, true)
#3 C:\xampp\htdocs\tokobuku\app\Controllers\Supplier.php(26): view('supplier/list', Array)
#4 C:\xampp\htdocs\tokobuku\system\CodeIgniter.php(832): App\Controllers\Supplier->index()
#5 C:\xampp\htdocs\tokobuku\system\CodeIgniter.php(419): CodeIgniter\CodeIgniter->runController(Object(App\Controllers\Supplier))
#6 C:\xampp\htdocs\tokobuku\system\CodeIgniter.php(326): CodeIgniter\CodeIgniter->handleRequest(NULL, Object(Config\Cache), false)
#7 C:\xampp\htdocs\tokobuku\public\index.php(37): CodeIgniter\CodeIgniter->run()
#8 C:\xampp\htdocs\tokobuku\system\Commands\Server\rewrite.php(43): require_once('C:\\xampp\\htdocs...')
#9 {main}
CRITICAL - 2022-04-01 13:06:48 --> Cannot use object of type App\Entities\SupplierEntity as array
#0 C:\xampp\htdocs\tokobuku\system\View\View.php(210): include()
#1 C:\xampp\htdocs\tokobuku\system\View\View.php(213): CodeIgniter\View\View->CodeIgniter\View\{closure}()
#2 C:\xampp\htdocs\tokobuku\system\Common.php(1089): CodeIgniter\View\View->render('supplier/list', Array, true)
#3 C:\xampp\htdocs\tokobuku\app\Controllers\Supplier.php(26): view('supplier/list', Array)
#4 C:\xampp\htdocs\tokobuku\system\CodeIgniter.php(832): App\Controllers\Supplier->index()
#5 C:\xampp\htdocs\tokobuku\system\CodeIgniter.php(419): CodeIgniter\CodeIgniter->runController(Object(App\Controllers\Supplier))
#6 C:\xampp\htdocs\tokobuku\system\CodeIgniter.php(326): CodeIgniter\CodeIgniter->handleRequest(NULL, Object(Config\Cache), false)
#7 C:\xampp\htdocs\tokobuku\public\index.php(37): CodeIgniter\CodeIgniter->run()
#8 C:\xampp\htdocs\tokobuku\system\Commands\Server\rewrite.php(43): require_once('C:\\xampp\\htdocs...')
#9 {main}
CRITICAL - 2022-04-01 13:06:49 --> Cannot use object of type App\Entities\SupplierEntity as array
#0 C:\xampp\htdocs\tokobuku\system\View\View.php(210): include()
#1 C:\xampp\htdocs\tokobuku\system\View\View.php(213): CodeIgniter\View\View->CodeIgniter\View\{closure}()
#2 C:\xampp\htdocs\tokobuku\system\Common.php(1089): CodeIgniter\View\View->render('supplier/list', Array, true)
#3 C:\xampp\htdocs\tokobuku\app\Controllers\Supplier.php(26): view('supplier/list', Array)
#4 C:\xampp\htdocs\tokobuku\system\CodeIgniter.php(832): App\Controllers\Supplier->index()
#5 C:\xampp\htdocs\tokobuku\system\CodeIgniter.php(419): CodeIgniter\CodeIgniter->runController(Object(App\Controllers\Supplier))
#6 C:\xampp\htdocs\tokobuku\system\CodeIgniter.php(326): CodeIgniter\CodeIgniter->handleRequest(NULL, Object(Config\Cache), false)
#7 C:\xampp\htdocs\tokobuku\public\index.php(37): CodeIgniter\CodeIgniter->run()
#8 C:\xampp\htdocs\tokobuku\system\Commands\Server\rewrite.php(43): require_once('C:\\xampp\\htdocs...')
#9 {main}
CRITICAL - 2022-04-01 13:06:50 --> Cannot use object of type App\Entities\SupplierEntity as array
#0 C:\xampp\htdocs\tokobuku\system\View\View.php(210): include()
#1 C:\xampp\htdocs\tokobuku\system\View\View.php(213): CodeIgniter\View\View->CodeIgniter\View\{closure}()
#2 C:\xampp\htdocs\tokobuku\system\Common.php(1089): CodeIgniter\View\View->render('supplier/list', Array, true)
#3 C:\xampp\htdocs\tokobuku\app\Controllers\Supplier.php(26): view('supplier/list', Array)
#4 C:\xampp\htdocs\tokobuku\system\CodeIgniter.php(832): App\Controllers\Supplier->index()
#5 C:\xampp\htdocs\tokobuku\system\CodeIgniter.php(419): CodeIgniter\CodeIgniter->runController(Object(App\Controllers\Supplier))
#6 C:\xampp\htdocs\tokobuku\system\CodeIgniter.php(326): CodeIgniter\CodeIgniter->handleRequest(NULL, Object(Config\Cache), false)
#7 C:\xampp\htdocs\tokobuku\public\index.php(37): CodeIgniter\CodeIgniter->run()
#8 C:\xampp\htdocs\tokobuku\system\Commands\Server\rewrite.php(43): require_once('C:\\xampp\\htdocs...')
#9 {main}
CRITICAL - 2022-04-01 13:07:58 --> Cannot use object of type App\Entities\SupplierEntity as array
#0 C:\xampp\htdocs\tokobuku\system\View\View.php(210): include()
#1 C:\xampp\htdocs\tokobuku\system\View\View.php(213): CodeIgniter\View\View->CodeIgniter\View\{closure}()
#2 C:\xampp\htdocs\tokobuku\system\Common.php(1089): CodeIgniter\View\View->render('supplier/list', Array, true)
#3 C:\xampp\htdocs\tokobuku\app\Controllers\Supplier.php(26): view('supplier/list', Array)
#4 C:\xampp\htdocs\tokobuku\system\CodeIgniter.php(832): App\Controllers\Supplier->index()
#5 C:\xampp\htdocs\tokobuku\system\CodeIgniter.php(419): CodeIgniter\CodeIgniter->runController(Object(App\Controllers\Supplier))
#6 C:\xampp\htdocs\tokobuku\system\CodeIgniter.php(326): CodeIgniter\CodeIgniter->handleRequest(NULL, Object(Config\Cache), false)
#7 C:\xampp\htdocs\tokobuku\public\index.php(37): CodeIgniter\CodeIgniter->run()
#8 C:\xampp\htdocs\tokobuku\system\Commands\Server\rewrite.php(43): require_once('C:\\xampp\\htdocs...')
#9 {main}
CRITICAL - 2022-04-01 13:08:00 --> Cannot use object of type App\Entities\SupplierEntity as array
#0 C:\xampp\htdocs\tokobuku\system\View\View.php(210): include()
#1 C:\xampp\htdocs\tokobuku\system\View\View.php(213): CodeIgniter\View\View->CodeIgniter\View\{closure}()
#2 C:\xampp\htdocs\tokobuku\system\Common.php(1089): CodeIgniter\View\View->render('supplier/list', Array, true)
#3 C:\xampp\htdocs\tokobuku\app\Controllers\Supplier.php(26): view('supplier/list', Array)
#4 C:\xampp\htdocs\tokobuku\system\CodeIgniter.php(832): App\Controllers\Supplier->index()
#5 C:\xampp\htdocs\tokobuku\system\CodeIgniter.php(419): CodeIgniter\CodeIgniter->runController(Object(App\Controllers\Supplier))
#6 C:\xampp\htdocs\tokobuku\system\CodeIgniter.php(326): CodeIgniter\CodeIgniter->handleRequest(NULL, Object(Config\Cache), false)
#7 C:\xampp\htdocs\tokobuku\public\index.php(37): CodeIgniter\CodeIgniter->run()
#8 C:\xampp\htdocs\tokobuku\system\Commands\Server\rewrite.php(43): require_once('C:\\xampp\\htdocs...')
#9 {main}
CRITICAL - 2022-04-01 13:08:03 --> Cannot use object of type App\Entities\SupplierEntity as array
#0 C:\xampp\htdocs\tokobuku\system\View\View.php(210): include()
#1 C:\xampp\htdocs\tokobuku\system\View\View.php(213): CodeIgniter\View\View->CodeIgniter\View\{closure}()
#2 C:\xampp\htdocs\tokobuku\system\Common.php(1089): CodeIgniter\View\View->render('supplier/list', Array, true)
#3 C:\xampp\htdocs\tokobuku\app\Controllers\Supplier.php(26): view('supplier/list', Array)
#4 C:\xampp\htdocs\tokobuku\system\CodeIgniter.php(832): App\Controllers\Supplier->index()
#5 C:\xampp\htdocs\tokobuku\system\CodeIgniter.php(419): CodeIgniter\CodeIgniter->runController(Object(App\Controllers\Supplier))
#6 C:\xampp\htdocs\tokobuku\system\CodeIgniter.php(326): CodeIgniter\CodeIgniter->handleRequest(NULL, Object(Config\Cache), false)
#7 C:\xampp\htdocs\tokobuku\public\index.php(37): CodeIgniter\CodeIgniter->run()
#8 C:\xampp\htdocs\tokobuku\system\Commands\Server\rewrite.php(43): require_once('C:\\xampp\\htdocs...')
#9 {main}
CRITICAL - 2022-04-01 13:09:43 --> Cannot use object of type App\Entities\SupplierEntity as array
#0 C:\xampp\htdocs\tokobuku\system\View\View.php(210): include()
#1 C:\xampp\htdocs\tokobuku\system\View\View.php(213): CodeIgniter\View\View->CodeIgniter\View\{closure}()
#2 C:\xampp\htdocs\tokobuku\system\Common.php(1089): CodeIgniter\View\View->render('supplier/list', Array, true)
#3 C:\xampp\htdocs\tokobuku\app\Controllers\Supplier.php(26): view('supplier/list', Array)
#4 C:\xampp\htdocs\tokobuku\system\CodeIgniter.php(832): App\Controllers\Supplier->index()
#5 C:\xampp\htdocs\tokobuku\system\CodeIgniter.php(419): CodeIgniter\CodeIgniter->runController(Object(App\Controllers\Supplier))
#6 C:\xampp\htdocs\tokobuku\system\CodeIgniter.php(326): CodeIgniter\CodeIgniter->handleRequest(NULL, Object(Config\Cache), false)
#7 C:\xampp\htdocs\tokobuku\public\index.php(37): CodeIgniter\CodeIgniter->run()
#8 C:\xampp\htdocs\tokobuku\system\Commands\Server\rewrite.php(43): require_once('C:\\xampp\\htdocs...')
#9 {main}
CRITICAL - 2022-04-01 13:09:44 --> Cannot use object of type App\Entities\SupplierEntity as array
#0 C:\xampp\htdocs\tokobuku\system\View\View.php(210): include()
#1 C:\xampp\htdocs\tokobuku\system\View\View.php(213): CodeIgniter\View\View->CodeIgniter\View\{closure}()
#2 C:\xampp\htdocs\tokobuku\system\Common.php(1089): CodeIgniter\View\View->render('supplier/list', Array, true)
#3 C:\xampp\htdocs\tokobuku\app\Controllers\Supplier.php(26): view('supplier/list', Array)
#4 C:\xampp\htdocs\tokobuku\system\CodeIgniter.php(832): App\Controllers\Supplier->index()
#5 C:\xampp\htdocs\tokobuku\system\CodeIgniter.php(419): CodeIgniter\CodeIgniter->runController(Object(App\Controllers\Supplier))
#6 C:\xampp\htdocs\tokobuku\system\CodeIgniter.php(326): CodeIgniter\CodeIgniter->handleRequest(NULL, Object(Config\Cache), false)
#7 C:\xampp\htdocs\tokobuku\public\index.php(37): CodeIgniter\CodeIgniter->run()
#8 C:\xampp\htdocs\tokobuku\system\Commands\Server\rewrite.php(43): require_once('C:\\xampp\\htdocs...')
#9 {main}
CRITICAL - 2022-04-01 13:09:45 --> Cannot use object of type App\Entities\SupplierEntity as array
#0 C:\xampp\htdocs\tokobuku\system\View\View.php(210): include()
#1 C:\xampp\htdocs\tokobuku\system\View\View.php(213): CodeIgniter\View\View->CodeIgniter\View\{closure}()
#2 C:\xampp\htdocs\tokobuku\system\Common.php(1089): CodeIgniter\View\View->render('supplier/list', Array, true)
#3 C:\xampp\htdocs\tokobuku\app\Controllers\Supplier.php(26): view('supplier/list', Array)
#4 C:\xampp\htdocs\tokobuku\system\CodeIgniter.php(832): App\Controllers\Supplier->index()
#5 C:\xampp\htdocs\tokobuku\system\CodeIgniter.php(419): CodeIgniter\CodeIgniter->runController(Object(App\Controllers\Supplier))
#6 C:\xampp\htdocs\tokobuku\system\CodeIgniter.php(326): CodeIgniter\CodeIgniter->handleRequest(NULL, Object(Config\Cache), false)
#7 C:\xampp\htdocs\tokobuku\public\index.php(37): CodeIgniter\CodeIgniter->run()
#8 C:\xampp\htdocs\tokobuku\system\Commands\Server\rewrite.php(43): require_once('C:\\xampp\\htdocs...')
#9 {main}
CRITICAL - 2022-04-01 13:09:48 --> Cannot use object of type App\Entities\SupplierEntity as array
#0 C:\xampp\htdocs\tokobuku\system\View\View.php(210): include()
#1 C:\xampp\htdocs\tokobuku\system\View\View.php(213): CodeIgniter\View\View->CodeIgniter\View\{closure}()
#2 C:\xampp\htdocs\tokobuku\system\Common.php(1089): CodeIgniter\View\View->render('supplier/list', Array, true)
#3 C:\xampp\htdocs\tokobuku\app\Controllers\Supplier.php(26): view('supplier/list', Array)
#4 C:\xampp\htdocs\tokobuku\system\CodeIgniter.php(832): App\Controllers\Supplier->index()
#5 C:\xampp\htdocs\tokobuku\system\CodeIgniter.php(419): CodeIgniter\CodeIgniter->runController(Object(App\Controllers\Supplier))
#6 C:\xampp\htdocs\tokobuku\system\CodeIgniter.php(326): CodeIgniter\CodeIgniter->handleRequest(NULL, Object(Config\Cache), false)
#7 C:\xampp\htdocs\tokobuku\public\index.php(37): CodeIgniter\CodeIgniter->run()
#8 C:\xampp\htdocs\tokobuku\system\Commands\Server\rewrite.php(43): require_once('C:\\xampp\\htdocs...')
#9 {main}
CRITICAL - 2022-04-01 13:09:58 --> Cannot use object of type App\Entities\SupplierEntity as array
#0 C:\xampp\htdocs\tokobuku\system\View\View.php(210): include()
#1 C:\xampp\htdocs\tokobuku\system\View\View.php(213): CodeIgniter\View\View->CodeIgniter\View\{closure}()
#2 C:\xampp\htdocs\tokobuku\system\Common.php(1089): CodeIgniter\View\View->render('supplier/list', Array, true)
#3 C:\xampp\htdocs\tokobuku\app\Controllers\Supplier.php(26): view('supplier/list', Array)
#4 C:\xampp\htdocs\tokobuku\system\CodeIgniter.php(832): App\Controllers\Supplier->index()
#5 C:\xampp\htdocs\tokobuku\system\CodeIgniter.php(419): CodeIgniter\CodeIgniter->runController(Object(App\Controllers\Supplier))
#6 C:\xampp\htdocs\tokobuku\system\CodeIgniter.php(326): CodeIgniter\CodeIgniter->handleRequest(NULL, Object(Config\Cache), false)
#7 C:\xampp\htdocs\tokobuku\public\index.php(37): CodeIgniter\CodeIgniter->run()
#8 C:\xampp\htdocs\tokobuku\system\Commands\Server\rewrite.php(43): require_once('C:\\xampp\\htdocs...')
#9 {main}
CRITICAL - 2022-04-01 13:09:59 --> Cannot use object of type App\Entities\SupplierEntity as array
#0 C:\xampp\htdocs\tokobuku\system\View\View.php(210): include()
#1 C:\xampp\htdocs\tokobuku\system\View\View.php(213): CodeIgniter\View\View->CodeIgniter\View\{closure}()
#2 C:\xampp\htdocs\tokobuku\system\Common.php(1089): CodeIgniter\View\View->render('supplier/list', Array, true)
#3 C:\xampp\htdocs\tokobuku\app\Controllers\Supplier.php(26): view('supplier/list', Array)
#4 C:\xampp\htdocs\tokobuku\system\CodeIgniter.php(832): App\Controllers\Supplier->index()
#5 C:\xampp\htdocs\tokobuku\system\CodeIgniter.php(419): CodeIgniter\CodeIgniter->runController(Object(App\Controllers\Supplier))
#6 C:\xampp\htdocs\tokobuku\system\CodeIgniter.php(326): CodeIgniter\CodeIgniter->handleRequest(NULL, Object(Config\Cache), false)
#7 C:\xampp\htdocs\tokobuku\public\index.php(37): CodeIgniter\CodeIgniter->run()
#8 C:\xampp\htdocs\tokobuku\system\Commands\Server\rewrite.php(43): require_once('C:\\xampp\\htdocs...')
#9 {main}
CRITICAL - 2022-04-01 13:10:00 --> Cannot use object of type App\Entities\SupplierEntity as array
#0 C:\xampp\htdocs\tokobuku\system\View\View.php(210): include()
#1 C:\xampp\htdocs\tokobuku\system\View\View.php(213): CodeIgniter\View\View->CodeIgniter\View\{closure}()
#2 C:\xampp\htdocs\tokobuku\system\Common.php(1089): CodeIgniter\View\View->render('supplier/list', Array, true)
#3 C:\xampp\htdocs\tokobuku\app\Controllers\Supplier.php(26): view('supplier/list', Array)
#4 C:\xampp\htdocs\tokobuku\system\CodeIgniter.php(832): App\Controllers\Supplier->index()
#5 C:\xampp\htdocs\tokobuku\system\CodeIgniter.php(419): CodeIgniter\CodeIgniter->runController(Object(App\Controllers\Supplier))
#6 C:\xampp\htdocs\tokobuku\system\CodeIgniter.php(326): CodeIgniter\CodeIgniter->handleRequest(NULL, Object(Config\Cache), false)
#7 C:\xampp\htdocs\tokobuku\public\index.php(37): CodeIgniter\CodeIgniter->run()
#8 C:\xampp\htdocs\tokobuku\system\Commands\Server\rewrite.php(43): require_once('C:\\xampp\\htdocs...')
#9 {main}
CRITICAL - 2022-04-01 13:10:01 --> Cannot use object of type App\Entities\SupplierEntity as array
#0 C:\xampp\htdocs\tokobuku\system\View\View.php(210): include()
#1 C:\xampp\htdocs\tokobuku\system\View\View.php(213): CodeIgniter\View\View->CodeIgniter\View\{closure}()
#2 C:\xampp\htdocs\tokobuku\system\Common.php(1089): CodeIgniter\View\View->render('supplier/list', Array, true)
#3 C:\xampp\htdocs\tokobuku\app\Controllers\Supplier.php(26): view('supplier/list', Array)
#4 C:\xampp\htdocs\tokobuku\system\CodeIgniter.php(832): App\Controllers\Supplier->index()
#5 C:\xampp\htdocs\tokobuku\system\CodeIgniter.php(419): CodeIgniter\CodeIgniter->runController(Object(App\Controllers\Supplier))
#6 C:\xampp\htdocs\tokobuku\system\CodeIgniter.php(326): CodeIgniter\CodeIgniter->handleRequest(NULL, Object(Config\Cache), false)
#7 C:\xampp\htdocs\tokobuku\public\index.php(37): CodeIgniter\CodeIgniter->run()
#8 C:\xampp\htdocs\tokobuku\system\Commands\Server\rewrite.php(43): require_once('C:\\xampp\\htdocs...')
#9 {main}
CRITICAL - 2022-04-01 13:10:21 --> Use of undefined constant email - assumed 'email' (this will throw an Error in a future version of PHP)
#0 C:\xampp\htdocs\tokobuku\app\Views\supplier\list.php(47): CodeIgniter\Debug\Exceptions->errorHandler(2, 'Use of undefine...', 'C:\\xampp\\htdocs...', 47, Array)
#1 C:\xampp\htdocs\tokobuku\system\View\View.php(210): include('C:\\xampp\\htdocs...')
#2 C:\xampp\htdocs\tokobuku\system\View\View.php(213): CodeIgniter\View\View->CodeIgniter\View\{closure}()
#3 C:\xampp\htdocs\tokobuku\system\Common.php(1089): CodeIgniter\View\View->render('supplier/list', Array, true)
#4 C:\xampp\htdocs\tokobuku\app\Controllers\Supplier.php(26): view('supplier/list', Array)
#5 C:\xampp\htdocs\tokobuku\system\CodeIgniter.php(832): App\Controllers\Supplier->index()
#6 C:\xampp\htdocs\tokobuku\system\CodeIgniter.php(419): CodeIgniter\CodeIgniter->runController(Object(App\Controllers\Supplier))
#7 C:\xampp\htdocs\tokobuku\system\CodeIgniter.php(326): CodeIgniter\CodeIgniter->handleRequest(NULL, Object(Config\Cache), false)
#8 C:\xampp\htdocs\tokobuku\public\index.php(37): CodeIgniter\CodeIgniter->run()
#9 C:\xampp\htdocs\tokobuku\system\Commands\Server\rewrite.php(43): require_once('C:\\xampp\\htdocs...')
#10 {main}
CRITICAL - 2022-04-01 13:10:31 --> Cannot use object of type App\Entities\SupplierEntity as array
#0 C:\xampp\htdocs\tokobuku\system\View\View.php(210): include()
#1 C:\xampp\htdocs\tokobuku\system\View\View.php(213): CodeIgniter\View\View->CodeIgniter\View\{closure}()
#2 C:\xampp\htdocs\tokobuku\system\Common.php(1089): CodeIgniter\View\View->render('supplier/list', Array, true)
#3 C:\xampp\htdocs\tokobuku\app\Controllers\Supplier.php(26): view('supplier/list', Array)
#4 C:\xampp\htdocs\tokobuku\system\CodeIgniter.php(832): App\Controllers\Supplier->index()
#5 C:\xampp\htdocs\tokobuku\system\CodeIgniter.php(419): CodeIgniter\CodeIgniter->runController(Object(App\Controllers\Supplier))
#6 C:\xampp\htdocs\tokobuku\system\CodeIgniter.php(326): CodeIgniter\CodeIgniter->handleRequest(NULL, Object(Config\Cache), false)
#7 C:\xampp\htdocs\tokobuku\public\index.php(37): CodeIgniter\CodeIgniter->run()
#8 C:\xampp\htdocs\tokobuku\system\Commands\Server\rewrite.php(43): require_once('C:\\xampp\\htdocs...')
#9 {main}
CRITICAL - 2022-04-01 13:12:36 --> syntax error, unexpected '?>', expecting ']'
#0 C:\xampp\htdocs\tokobuku\system\View\View.php(213): CodeIgniter\View\View->CodeIgniter\View\{closure}()
#1 C:\xampp\htdocs\tokobuku\system\Common.php(1089): CodeIgniter\View\View->render('supplier/list', Array, true)
#2 C:\xampp\htdocs\tokobuku\app\Controllers\Supplier.php(26): view('supplier/list', Array)
#3 C:\xampp\htdocs\tokobuku\system\CodeIgniter.php(832): App\Controllers\Supplier->index()
#4 C:\xampp\htdocs\tokobuku\system\CodeIgniter.php(419): CodeIgniter\CodeIgniter->runController(Object(App\Controllers\Supplier))
#5 C:\xampp\htdocs\tokobuku\system\CodeIgniter.php(326): CodeIgniter\CodeIgniter->handleRequest(NULL, Object(Config\Cache), false)
#6 C:\xampp\htdocs\tokobuku\public\index.php(37): CodeIgniter\CodeIgniter->run()
#7 C:\xampp\htdocs\tokobuku\system\Commands\Server\rewrite.php(43): require_once('C:\\xampp\\htdocs...')
#8 {main}
CRITICAL - 2022-04-01 13:12:37 --> syntax error, unexpected '?>', expecting ']'
#0 C:\xampp\htdocs\tokobuku\system\View\View.php(213): CodeIgniter\View\View->CodeIgniter\View\{closure}()
#1 C:\xampp\htdocs\tokobuku\system\Common.php(1089): CodeIgniter\View\View->render('supplier/list', Array, true)
#2 C:\xampp\htdocs\tokobuku\app\Controllers\Supplier.php(26): view('supplier/list', Array)
#3 C:\xampp\htdocs\tokobuku\system\CodeIgniter.php(832): App\Controllers\Supplier->index()
#4 C:\xampp\htdocs\tokobuku\system\CodeIgniter.php(419): CodeIgniter\CodeIgniter->runController(Object(App\Controllers\Supplier))
#5 C:\xampp\htdocs\tokobuku\system\CodeIgniter.php(326): CodeIgniter\CodeIgniter->handleRequest(NULL, Object(Config\Cache), false)
#6 C:\xampp\htdocs\tokobuku\public\index.php(37): CodeIgniter\CodeIgniter->run()
#7 C:\xampp\htdocs\tokobuku\system\Commands\Server\rewrite.php(43): require_once('C:\\xampp\\htdocs...')
#8 {main}
CRITICAL - 2022-04-01 13:55:42 --> syntax error, unexpected '}', expecting ';'
#0 C:\xampp\htdocs\tokobuku\system\Autoloader\Autoloader.php(241): CodeIgniter\Autoloader\Autoloader->includeFile('C:\\xampp\\htdocs...')
#1 C:\xampp\htdocs\tokobuku\system\Autoloader\Autoloader.php(219): CodeIgniter\Autoloader\Autoloader->loadInNamespace('App\\Controllers...')
#2 [internal function]: CodeIgniter\Autoloader\Autoloader->loadClass('App\\Controllers...')
#3 [internal function]: spl_autoload_call('App\\Controllers...')
#4 C:\xampp\htdocs\tokobuku\system\CodeIgniter.php(797): class_exists('\\App\\Controller...', true)
#5 C:\xampp\htdocs\tokobuku\system\CodeIgniter.php(406): CodeIgniter\CodeIgniter->startController()
#6 C:\xampp\htdocs\tokobuku\system\CodeIgniter.php(326): CodeIgniter\CodeIgniter->handleRequest(NULL, Object(Config\Cache), false)
#7 C:\xampp\htdocs\tokobuku\public\index.php(37): CodeIgniter\CodeIgniter->run()
#8 C:\xampp\htdocs\tokobuku\system\Commands\Server\rewrite.php(43): require_once('C:\\xampp\\htdocs...')
#9 {main}
